[    0.000000] Initializing cgroup subsys cpuset
[    0.000000] Initializing cgroup subsys cpu
[    0.000000] Initializing cgroup subsys cpuacct
[    0.000000] Linux version 4.4.0-210-generic (buildd@lgw01-amd64-009) (gcc version 5.4.0 20160609 (Ubuntu 5.4.0-6ubuntu1~16.04.12) ) #242-Ubuntu SMP Fri Apr 16 09:57:56 UTC 2021 (Ubuntu 4.4.0-210.242-generic 4.4.262)
[    0.000000] Command line: BOOT_IMAGE=/boot/vmlinuz-4.4.0-210-generic root=LABEL=cloudimg-rootfs ro console=tty1 console=ttyS0
[    0.000000] KERNEL supported cpus:
[    0.000000]   Intel GenuineIntel
[    0.000000]   AMD AuthenticAMD
[    0.000000]   Centaur CentaurHauls
[    0.000000] [Firmware Bug]: TSC doesn't count with P0 frequency!
[    0.000000] x86/fpu: Legacy x87 FPU detected.
[    0.000000] e820: BIOS-provided physical RAM map:
[    0.000000] BIOS-e820: [mem 0x0000000000000000-0x000000000009fbff] usable
[    0.000000] BIOS-e820: [mem 0x000000000009fc00-0x000000000009ffff] reserved
[    0.000000] BIOS-e820: [mem 0x00000000000f0000-0x00000000000fffff] reserved
[    0.000000] BIOS-e820: [mem 0x0000000000100000-0x000000007ffeffff] usable
[    0.000000] BIOS-e820: [mem 0x000000007fff0000-0x000000007fffffff] ACPI data
[    0.000000] BIOS-e820: [mem 0x00000000fec00000-0x00000000fec00fff] reserved
[    0.000000] BIOS-e820: [mem 0x00000000fee00000-0x00000000fee00fff] reserved
[    0.000000] BIOS-e820: [mem 0x00000000fffc0000-0x00000000ffffffff] reserved
[    0.000000] NX (Execute Disable) protection: active
[    0.000000] SMBIOS 2.5 present.
[    0.000000] Hypervisor detected: KVM
[    0.000000] Kernel/User page tables isolation: disabled
[    0.000000] e820: last_pfn = 0x7fff0 max_arch_pfn = 0x400000000
[    0.000000] MTRR: Disabled
[    0.000000] x86/PAT: MTRRs disabled, skipping PAT initialization too.
[    0.000000] CPU MTRRs all blank - virtualized system.
[    0.000000] x86/PAT: Configuration [0-7]: WB  WT  UC- UC  WB  WT  UC- UC  
[    0.000000] found SMP MP-table at [mem 0x0009fff0-0x0009ffff] mapped at [ffff88000009fff0]
[    0.000000] Scanning 1 areas for low memory corruption
[    0.000000] RAMDISK: [mem 0x362dc000-0x37165fff]
[    0.000000] ACPI: Early table checksum verification disabled
[    0.000000] ACPI: RSDP 0x00000000000E0000 000024 (v02 VBOX  )
[    0.000000] ACPI: XSDT 0x000000007FFF0030 00003C (v01 VBOX   VBOXXSDT 00000001 ASL  00000061)
[    0.000000] ACPI: FACP 0x000000007FFF00F0 0000F4 (v04 VBOX   VBOXFACP 00000001 ASL  00000061)
[    0.000000] ACPI: DSDT 0x000000007FFF0470 002325 (v02 VBOX   VBOXBIOS 00000002 INTL 20100528)
[    0.000000] ACPI: FACS 0x000000007FFF0200 000040
[    0.000000] ACPI: FACS 0x000000007FFF0200 000040
[    0.000000] ACPI: APIC 0x000000007FFF0240 00005C (v02 VBOX   VBOXAPIC 00000001 ASL  00000061)
[    0.000000] ACPI: SSDT 0x000000007FFF02A0 0001CC (v01 VBOX   VBOXCPUT 00000002 INTL 20100528)
[    0.000000] No NUMA configuration found
[    0.000000] Faking a node at [mem 0x0000000000000000-0x000000007ffeffff]
[    0.000000] NODE_DATA(0) allocated [mem 0x7ffeb000-0x7ffeffff]
[    0.000000] kvm-clock: Using msrs 4b564d01 and 4b564d00
[    0.000000] kvm-clock: cpu 0, msr 0:7ffe3001, primary cpu clock
[    0.000000] kvm-clock: using sched offset of 3438439585 cycles
[    0.000000] clocksource: kvm-clock: mask: 0xffffffffffffffff max_cycles: 0x1cd42e4dffb, max_idle_ns: 881590591483 ns
[    0.000000] Zone ranges:
[    0.000000]   DMA      [mem 0x0000000000001000-0x0000000000ffffff]
[    0.000000]   DMA32    [mem 0x0000000001000000-0x000000007ffeffff]
[    0.000000]   Normal   empty
[    0.000000]   Device   empty
[    0.000000] Movable zone start for each node
[    0.000000] Early memory node ranges
[    0.000000]   node   0: [mem 0x0000000000001000-0x000000000009efff]
[    0.000000]   node   0: [mem 0x0000000000100000-0x000000007ffeffff]
[    0.000000] Initmem setup node 0 [mem 0x0000000000001000-0x000000007ffeffff]
[    0.000000] ACPI: PM-Timer IO Port: 0x4008
[    0.000000] IOAPIC[0]: apic_id 2, version 32, address 0xfec00000, GSI 0-23
[    0.000000] ACPI: INT_SRC_OVR (bus 0 bus_irq 0 global_irq 2 dfl dfl)
[    0.000000] ACPI: INT_SRC_OVR (bus 0 bus_irq 9 global_irq 9 low level)
[    0.000000] Using ACPI (MADT) for SMP configuration information
[    0.000000] smpboot: Allowing 2 CPUs, 0 hotplug CPUs
[    0.000000] PM: Registered nosave memory: [mem 0x00000000-0x00000fff]
[    0.000000] PM: Registered nosave memory: [mem 0x0009f000-0x0009ffff]
[    0.000000] PM: Registered nosave memory: [mem 0x000a0000-0x000effff]
[    0.000000] PM: Registered nosave memory: [mem 0x000f0000-0x000fffff]
[    0.000000] e820: [mem 0x80000000-0xfebfffff] available for PCI devices
[    0.000000] Booting paravirtualized kernel on KVM
[    0.000000] clocksource: refined-jiffies: mask: 0xffffffff max_cycles: 0xffffffff, max_idle_ns: 7645519600211568 ns
[    0.000000] setup_percpu: NR_CPUS:512 nr_cpumask_bits:512 nr_cpu_ids:2 nr_node_ids:1
[    0.000000] PERCPU: Embedded 33 pages/cpu @ffff88007fc00000 s95192 r8192 d31784 u1048576
[    0.000000] Built 1 zonelists in Node order, mobility grouping on.  Total pages: 515960
[    0.000000] Policy zone: DMA32
[    0.000000] Kernel command line: BOOT_IMAGE=/boot/vmlinuz-4.4.0-210-generic root=LABEL=cloudimg-rootfs ro console=tty1 console=ttyS0
[    0.000000] PID hash table entries: 4096 (order: 3, 32768 bytes)
[    0.000000] Memory: 2029984K/2096696K available (8644K kernel code, 1332K rwdata, 4044K rodata, 1492K init, 1164K bss, 66712K reserved, 0K cma-reserved)
[    0.000000] SLUB: HWalign=64, Order=0-3, MinObjects=0, CPUs=2, Nodes=1
[    0.000000] Hierarchical RCU implementation.
[    0.000000] 	Build-time adjustment of leaf fanout to 64.
[    0.000000] 	RCU restricting CPUs from NR_CPUS=512 to nr_cpu_ids=2.
[    0.000000] RCU: Adjusting geometry for rcu_fanout_leaf=64, nr_cpu_ids=2
[    0.000000] NR_IRQS:33024 nr_irqs:440 16
[    0.000000] Console: colour VGA+ 80x25
[    0.000000] console [tty1] enabled
[    0.000000] console [ttyS0] enabled
[    0.000000] tsc: Detected 3593.264 MHz processor
[    0.484022] Calibrating delay loop (skipped) preset value.. 7186.52 BogoMIPS (lpj=14373056)
[    0.491718] pid_max: default: 32768 minimum: 301
[    0.496040] ACPI: Core revision 20150930
[    0.500140] ACPI: 2 ACPI AML tables successfully acquired and loaded
[    0.505217] Security Framework initialized
[    0.508282] Yama: becoming mindful.
[    0.510878] AppArmor: AppArmor initialized
[    0.513963] Dentry cache hash table entries: 262144 (order: 9, 2097152 bytes)
[    0.525635] Inode-cache hash table entries: 131072 (order: 8, 1048576 bytes)
[    0.533878] Mount-cache hash table entries: 4096 (order: 3, 32768 bytes)
[    0.538534] Mountpoint-cache hash table entries: 4096 (order: 3, 32768 bytes)
[    0.544436] Initializing cgroup subsys io
[    0.548116] Initializing cgroup subsys memory
[    0.551905] Initializing cgroup subsys devices
[    0.555120] Initializing cgroup subsys freezer
[    0.558384] Initializing cgroup subsys net_cls
[    0.561680] Initializing cgroup subsys perf_event
[    0.564979] Initializing cgroup subsys net_prio
[    0.569307] Initializing cgroup subsys hugetlb
[    0.572567] Initializing cgroup subsys pids
[    0.577002] mce: CPU supports 0 MCE banks
[    0.580833] Last level iTLB entries: 4KB 1024, 2MB 1024, 4MB 512
[    0.586339] Last level dTLB entries: 4KB 2048, 2MB 2048, 4MB 1024, 1GB 0
[    0.591052] Spectre V1 : Mitigation: usercopy/swapgs barriers and __user pointer sanitization
[    0.597699] Spectre V2 : Spectre mitigation: LFENCE not serializing, switching to generic retpoline
[    0.604158] Spectre V2 : Mitigation: Full generic retpoline
[    0.609273] Spectre V2 : Spectre v2 / SpectreRSB mitigation: Filling RSB on context switch
[    0.641827] Freeing SMP alternatives memory: 36K
[    0.709808] ftrace: allocating 32380 entries in 127 pages
[    1.173380] smpboot: APIC(0) Converting physical 0 to logical package 0
[    1.178288] smpboot: Max logical packages: 1
[    1.192044] ..TIMER: vector=0x30 apic1=0 pin1=2 apic2=-1 pin2=-1
[    1.305192] smpboot: CPU0: AMD Ryzen 7 3700X 8-Core Processor (family: 0x17, model: 0x71, stepping: 0x0)
[    1.313554] Performance Events: Broken PMU hardware detected, using software events only.
[    1.319391] Failed to access perfctr msr (MSR c0010007 is 0)
[    1.390536] KVM setup paravirtual spinlock
[    1.395356] x86: Booting SMP configuration:
[    1.398293] .... node  #0, CPUs:      #1
[    1.402133] kvm-clock: cpu 1, msr 0:7ffe3041, secondary cpu clock
[    1.405871] mce: CPU supports 0 MCE banks
[    1.409392] TSC synchronization [CPU#0 -> CPU#1]:
[    1.412595] Measured 45685 cycles TSC warp between CPUs, turning off TSC clock.
[    1.417405] tsc: Marking TSC unstable due to check_tsc_sync_source failed
[    0.480150] x86: Booted up 1 node, 2 CPUs
[    0.482965] smpboot: Total of 2 processors activated (14373.05 BogoMIPS)
[    0.488083] devtmpfs: initialized
[    0.492589] evm: security.selinux
[    0.495029] evm: security.SMACK64
[    0.496002] evm: security.SMACK64EXEC
[    0.500002] evm: security.SMACK64TRANSMUTE
[    0.502748] evm: security.SMACK64MMAP
[    0.504002] evm: security.ima
[    0.506119] evm: security.capability
[    0.508203] clocksource: jiffies: mask: 0xffffffff max_cycles: 0xffffffff, max_idle_ns: 7645041785100000 ns
[    0.512010] futex hash table entries: 512 (order: 3, 32768 bytes)
[    0.516229] pinctrl core: initialized pinctrl subsystem
[    0.520290] RTC time: 19:54:47, date: 11/01/22
[    0.524680] NET: Registered protocol family 16
[    0.540010] cpuidle: using governor ladder
[    0.552007] cpuidle: using governor menu
[    0.554807] PCCT header not found.
[    0.558292] ACPI: bus type PCI registered
[    0.560003] acpiphp: ACPI Hot Plug PCI Controller Driver version: 0.5
[    0.564387] PCI: Using configuration type 1 for base access
[    0.568002] PCI: Using configuration type 1 for extended access
[    0.592220] ACPI: Added _OSI(Module Device)
[    0.594977] ACPI: Added _OSI(Processor Device)
[    0.596003] ACPI: Added _OSI(3.0 _SCP Extensions)
[    0.600002] ACPI: Added _OSI(Processor Aggregator Device)
[    0.604883] ACPI: Executed 1 blocks of module-level executable AML code
[    0.612668] ACPI: Interpreter enabled
[    0.615213] ACPI: (supports S0 S5)
[    0.616002] ACPI: Using IOAPIC for interrupt routing
[    0.620282] PCI: Using host bridge windows from ACPI; if necessary, use "pci=nocrs" and report a bug
[    0.633769] ACPI: PCI Root Bridge [PCI0] (domain 0000 [bus 00-ff])
[    0.636008] acpi PNP0A03:00: _OSC: OS supports [ExtendedConfig ASPM ClockPM Segments MSI]
[    0.644922] acpi PNP0A03:00: _OSC: platform does not support [PCIeCapability]
[    0.648525] acpi PNP0A03:00: _OSC: not requesting control; platform does not support [PCIeCapability]
[    0.652006] acpi PNP0A03:00: _OSC: OS requested [PCIeHotplug PME AER PCIeCapability]
[    0.656003] acpi PNP0A03:00: _OSC: platform willing to grant [PCIeHotplug PME AER]
[    0.660005] acpi PNP0A03:00: _OSC failed (AE_SUPPORT); disabling ASPM
[    0.664591] PCI host bridge to bus 0000:00
[    0.667367] pci_bus 0000:00: root bus resource [io  0x0000-0x0cf7 window]
[    0.668004] pci_bus 0000:00: root bus resource [io  0x0d00-0xffff window]
[    0.672003] pci_bus 0000:00: root bus resource [mem 0x000a0000-0x000bffff window]
[    0.676007] pci_bus 0000:00: root bus resource [mem 0x80000000-0xfdffffff window]
[    0.680006] pci_bus 0000:00: root bus resource [bus 00-ff]
[    0.691164] pci 0000:00:01.1: legacy IDE quirk: reg 0x10: [io  0x01f0-0x01f7]
[    0.692004] pci 0000:00:01.1: legacy IDE quirk: reg 0x14: [io  0x03f6]
[    0.696003] pci 0000:00:01.1: legacy IDE quirk: reg 0x18: [io  0x0170-0x0177]
[    0.700003] pci 0000:00:01.1: legacy IDE quirk: reg 0x1c: [io  0x0376]
[    0.721829] pci 0000:00:07.0: quirk: [io  0x4000-0x403f] claimed by PIIX4 ACPI
[    0.724034] pci 0000:00:07.0: quirk: [io  0x4100-0x410f] claimed by PIIX4 SMB
[    0.742747] ACPI: PCI Interrupt Link [LNKA] (IRQs 5 9 10 *11)
[    0.748391] ACPI: PCI Interrupt Link [LNKB] (IRQs 5 9 *10 11)
[    0.753951] ACPI: PCI Interrupt Link [LNKC] (IRQs 5 *9 10 11)
[    0.760126] ACPI: PCI Interrupt Link [LNKD] (IRQs 5 9 10 *11)
[    0.765447] ACPI: Enabled 2 GPEs in block 00 to 07
[    0.768183] vgaarb: setting as boot device: PCI:0000:00:02.0
[    0.771900] vgaarb: device added: PCI:0000:00:02.0,decodes=io+mem,owns=io+mem,locks=none
[    0.772003] vgaarb: loaded
[    0.776002] vgaarb: bridge control possible 0000:00:02.0
[    0.780331] SCSI subsystem initialized
[    0.784154] ACPI: bus type USB registered
[    0.788030] usbcore: registered new interface driver usbfs
[    0.791669] usbcore: registered new interface driver hub
[    0.792010] usbcore: registered new device driver usb
[    0.796215] PCI: Using ACPI for IRQ routing
[    0.800772] NetLabel: Initializing
[    0.803143] NetLabel:  domain hash size = 128
[    0.804002] NetLabel:  protocols = UNLABELED CIPSOv4
[    0.808124] NetLabel:  unlabeled traffic allowed by default
[    0.812035] amd_nb: Cannot enumerate AMD northbridges
[    0.815641] clocksource: Switched to clocksource kvm-clock
[    0.834767] AppArmor: AppArmor Filesystem Enabled
[    0.834767] pnp: PnP ACPI init
[    0.834767] pnp: PnP ACPI: found 3 devices
[    0.879444] clocksource: acpi_pm: mask: 0xffffff max_cycles: 0xffffff, max_idle_ns: 2085701024 ns
[    0.880311] NET: Registered protocol family 2
[    0.888699] TCP established hash table entries: 16384 (order: 5, 131072 bytes)
[    0.894259] TCP bind hash table entries: 16384 (order: 6, 262144 bytes)
[    0.897781] TCP: Hash tables configured (established 16384 bind 16384)
[    0.897781] UDP hash table entries: 1024 (order: 3, 32768 bytes)
[    0.897781] UDP-Lite hash table entries: 1024 (order: 3, 32768 bytes)
[    0.897781] NET: Registered protocol family 1
[    0.897781] pci 0000:00:00.0: Limiting direct PCI/PCI transfers
[    0.897781] pci 0000:00:01.0: Activating ISA DMA hang workarounds
[    0.897781] Unpacking initramfs...
[    0.897781] Freeing initrd memory: 14888K
[    0.897781] clocksource: tsc: mask: 0xffffffffffffffff max_cycles: 0x33cb77f747f, max_idle_ns: 440795228884 ns
[    0.897781] platform rtc_cmos: registered platform RTC device (no PNP device found)
[    0.897781] Scanning for low memory corruption every 60 seconds
[    1.247490] audit: initializing netlink subsys (disabled)
[    1.253446] audit: type=2000 audit(1667332492.936:1): initialized
[    1.259885] Initialise system trusted keyring
[    1.266053] HugeTLB registered 2 MB page size, pre-allocated 0 pages
[    1.272035] zbud: loaded
[    1.274504] VFS: Disk quotas dquot_6.6.0
[    1.277357] VFS: Dquot-cache hash table entries: 512 (order 0, 4096 bytes)
[    1.282105] squashfs: version 4.0 (2009/01/31) Phillip Lougher
[    1.286712] fuse init (API version 7.23)
[    1.290050] Key type big_key registered
[    1.293042] Allocating IMA MOK and blacklist keyrings.
[    1.303913] Key type asymmetric registered
[    1.306947] Asymmetric key parser 'x509' registered
[    1.310358] Block layer SCSI generic (bsg) driver version 0.4 loaded (major 249)
[    1.315801] io scheduler noop registered
[    1.318613] io scheduler deadline registered (default)
[    1.322176] io scheduler cfq registered
[    1.324993] pci_hotplug: PCI Hot Plug PCI Core version: 0.5
[    1.328923] pciehp: PCI Express Hot Plug Controller Driver version: 0.4
[    1.333480] ACPI: AC Adapter [AC] (on-line)
[    1.336379] input: Power Button as /devices/LNXSYSTM:00/LNXPWRBN:00/input/input0
[    1.341521] ACPI: Power Button [PWRF]
[    1.344284] input: Sleep Button as /devices/LNXSYSTM:00/LNXSLPBN:00/input/input1
[    1.349685] ACPI: Sleep Button [SLPF]
[    1.352843] GHES: HEST is not enabled!
[    1.355894] Serial: 8250/16550 driver, 32 ports, IRQ sharing enabled
[    1.384994] 00:02: ttyS0 at I/O 0x3f8 (irq = 4, base_baud = 115200) is a 16550A
[    1.400588] Linux agpgart interface v0.103
[    1.409412] loop: module loaded
[    1.413133] scsi host0: ata_piix
[    1.415738] scsi host1: ata_piix
[    1.418204] ata1: PATA max UDMA/33 cmd 0x1f0 ctl 0x3f6 bmdma 0xd000 irq 14
[    1.422754] ata2: PATA max UDMA/33 cmd 0x170 ctl 0x376 bmdma 0xd008 irq 15
[    1.427585] libphy: Fixed MDIO Bus: probed
[    1.430691] tun: Universal TUN/TAP device driver, 1.6
[    1.434148] tun: (C) 1999-2004 Max Krasnyansky <maxk@qualcomm.com>
[    1.438630] PPP generic driver version 2.4.2
[    1.441981] ehci_hcd: USB 2.0 'Enhanced' Host Controller (EHCI) Driver
[    1.446485] ehci-pci: EHCI PCI platform driver
[    1.449578] ehci-platform: EHCI generic platform driver
[    1.453354] ohci_hcd: USB 1.1 'Open' Host Controller (OHCI) Driver
[    1.457513] ohci-pci: OHCI PCI platform driver
[    1.460601] ohci-platform: OHCI generic platform driver
[    1.464196] uhci_hcd: USB Universal Host Controller Interface driver
[    1.468576] i8042: PNP: PS/2 Controller [PNP0303:PS2K,PNP0f03:PS2M] at 0x60,0x64 irq 1,12
[    1.476931] serio: i8042 KBD port at 0x60,0x64 irq 1
[    1.480408] serio: i8042 AUX port at 0x60,0x64 irq 12
[    1.484448] mousedev: PS/2 mouse device common for all mice
[    1.490636] rtc_cmos rtc_cmos: rtc core: registered rtc_cmos as rtc0
[    1.495679] input: AT Translated Set 2 keyboard as /devices/platform/i8042/serio0/input/input2
[    1.496093] rtc_cmos rtc_cmos: alarms up to one day, 114 bytes nvram
[    1.496102] i2c /dev entries driver
[    1.496139] device-mapper: uevent: version 1.0.3
[    1.496224] device-mapper: ioctl: 4.34.0-ioctl (2015-10-28) initialised: dm-devel@redhat.com
[    1.496238] ledtrig-cpu: registered to indicate activity on CPUs
[    1.496485] NET: Registered protocol family 10
[    1.496574] NET: Registered protocol family 17
[    1.496580] Key type dns_resolver registered
[    1.496749] registered taskstats version 1
[    1.496757] Loading compiled-in X.509 certificates
[    1.497135] Loaded X.509 cert 'Build time autogenerated kernel key: cf00e047681d67edb2720680708b7d9498083038'
[    1.497147] zswap: loaded using pool lzo/zbud
[    1.498451] Key type trusted registered
[    1.500635] Key type encrypted registered
[    1.500638] AppArmor: AppArmor sha1 policy hashing enabled
[    1.500640] ima: No TPM chip found, activating TPM-bypass!
[    1.500644] ima: Allocated hash algorithm: sha1
[    1.500651] evm: HMAC attrs: 0x1
[    1.501401]   Magic number: 14:13:950
[    1.501416] tty tty7: hash matches
[    1.501423] memory memory3: hash matches
[    1.502120] rtc_cmos rtc_cmos: setting system clock to 2022-11-01 19:54:48 UTC (1667332488)
[    1.502174] BIOS EDD facility v0.16 2004-Jun-25, 0 devices found
[    1.502174] EDD information not available.
[    1.630200] Freeing unused kernel memory: 1492K
[    1.644694] Write protecting the kernel read-only data: 14336k
[    1.649255] Freeing unused kernel memory: 1584K
[    1.652658] Freeing unused kernel memory: 52K
Loading, please wait...
starting version 229
[    1.674432] random: systemd-udevd: uninitialized urandom read (16 bytes read, 5 bits of entropy available)
[    1.674950] random: udevadm: uninitialized urandom read (16 bytes read, 5 bits of entropy available)
[    1.674960] random: udevadm: uninitialized urandom read (16 bytes read, 5 bits of entropy available)
[    1.682697] random: udevadm: uninitialized urandom read (16 bytes read, 5 bits of entropy available)
[    1.682723] random: udevadm: uninitialized urandom read (16 bytes read, 5 bits of entropy available)
[    1.682824] random: udevadm: uninitialized urandom read (16 bytes read, 5 bits of entropy available)
[    1.682895] random: udevadm: uninitialized urandom read (16 bytes read, 5 bits of entropy available)
[    1.682922] random: udevadm: uninitialized urandom read (16 bytes read, 5 bits of entropy available)
[    1.682948] random: udevadm: uninitialized urandom read (16 bytes read, 5 bits of entropy available)
[    1.683029] random: udevadm: uninitialized urandom read (16 bytes read, 5 bits of entropy available)
[    1.765347] e1000: Intel(R) PRO/1000 Network Driver - version 7.3.21-k8-NAPI
[    1.770538] e1000: Copyright (c) 1999-2006 Intel Corporation.
[    1.782400] Fusion MPT base driver 3.04.20
[    1.785682] Copyright (c) 1999-2008 LSI Corporation
[    1.818496] Fusion MPT SPI Host driver 3.04.20
[    2.027620] input: ImExPS/2 Generic Explorer Mouse as /devices/platform/i8042/serio1/input/input4
[    2.356854] e1000 0000:00:03.0 eth0: (PCI:33MHz:32-bit) 02:be:82:6b:cc:1d
[    2.361777] e1000 0000:00:03.0 eth0: Intel(R) PRO/1000 Network Connection
[    2.897746] e1000 0000:00:08.0 eth1: (PCI:33MHz:32-bit) 08:00:27:1b:86:0c
[    2.902558] e1000 0000:00:08.0 eth1: Intel(R) PRO/1000 Network Connection
[    3.427365] e1000 0000:00:09.0 eth2: (PCI:33MHz:32-bit) 08:00:27:a6:b4:c3
[    3.432176] e1000 0000:00:09.0 eth2: Intel(R) PRO/1000 Network Connection
[    3.438612] e1000 0000:00:09.0 enp0s9: renamed from eth2
[    3.443830] mptbase: ioc0: Initiating bringup
[    3.452602] e1000 0000:00:03.0 enp0s3: renamed from eth0
[    3.476882] e1000 0000:00:08.0 enp0s8: renamed from eth1
[    3.509745] ioc0: LSI53C1030 A0: Capabilities={Initiator}
[    3.922302] scsi host2: ioc0: LSI53C1030 A0, FwRev=00000000h, Ports=1, MaxQ=256, IRQ=20
[    4.309020] scsi 2:0:0:0: Direct-Access     VBOX     HARDDISK         1.0  PQ: 0 ANSI: 5
[    4.328521] scsi target2:0:0: Beginning Domain Validation
[    4.336156] scsi target2:0:0: Domain Validation skipping write tests
[    4.340641] scsi target2:0:0: Ending Domain Validation
[    4.344593] scsi target2:0:0: asynchronous
[    4.349369] scsi 2:0:1:0: Direct-Access     VBOX     HARDDISK         1.0  PQ: 0 ANSI: 5
[    4.355059] scsi target2:0:1: Beginning Domain Validation
[    4.362946] scsi target2:0:1: Domain Validation skipping write tests
[    4.367469] scsi target2:0:1: Ending Domain Validation
[    4.371628] scsi target2:0:1: asynchronous
[    4.395535] sd 2:0:0:0: Attached scsi generic sg0 type 0
[    4.396003] sd 2:0:0:0: [sda] 83886080 512-byte logical blocks: (42.9 GB/40.0 GiB)
[    4.396552] sd 2:0:0:0: [sda] Write Protect is off
[    4.396875] sd 2:0:0:0: [sda] Incomplete mode parameter data
[    4.396876] sd 2:0:0:0: [sda] Assuming drive cache: write through
[    4.416779] sd 2:0:1:0: Attached scsi generic sg1 type 0
[    4.416896] sd 2:0:1:0: [sdb] 20480 512-byte logical blocks: (10.5 MB/10.0 MiB)
[    4.417406] sd 2:0:1:0: [sdb] Write Protect is off
[    4.417717] sd 2:0:1:0: [sdb] Incomplete mode parameter data
[    4.417718] sd 2:0:1:0: [sdb] Assuming drive cache: write through
[    4.419550]  sda: sda1
[    4.421623] sd 2:0:0:0: [sda] Attached SCSI disk
[    4.422870] sd 2:0:1:0: [sdb] Attached SCSI disk
Begin: Loading essential drivers ... [    5.834330] md: linear personality registered for level -1
[    5.841042] md: multipath personality registered for level -4
[    5.847182] md: raid0 personality registered for level 0
[    5.860287] md: raid1 personality registered for level 1
[    5.932446] raid6: sse2x1   gen()  8470 MB/s
[    6.001798] raid6: sse2x1   xor()  8593 MB/s
[    6.072877] raid6: sse2x2   gen() 17641 MB/s
[    6.140123] raid6: sse2x2   xor() 11588 MB/s
[    6.208085] raid6: sse2x4   gen() 17972 MB/s
[    6.276311] raid6: sse2x4   xor() 10698 MB/s
[    6.279497] raid6: using algorithm sse2x4 gen() 17972 MB/s
[    6.283348] raid6: .... xor() 10698 MB/s, rmw enabled
[    6.286856] raid6: using ssse3x2 recovery algorithm
[    6.292355] xor: measuring software checksum speed
[   11.629574]    prefetch64-sse: 166938.704 MB/sec
[   11.736353]    generic_sse: 44530.000 MB/sec
[   11.739544] xor: using function: prefetch64-sse (166938.704 MB/sec)
[   11.745799] async_tx: api initialized (async)
[   11.776163] md: raid6 personality registered for level 6
[   11.779864] md: raid5 personality registered for level 5
[   11.783578] md: raid4 personality registered for level 4
[   11.801266] md: raid10 personality registered for level 10
done.
Begin: Running /scripts/init-premount ... done.
Begin: Mounting root file system ... Begin: Running /scripts/local-top ... done.
Begin: Running /scripts/local-premount ... [   11.861228] Btrfs loaded
Scanning for Btrfs filesystems
done.
Warning: fsck not present, so skipping root file system
[   11.916733] EXT4-fs (sda1): mounted filesystem with ordered data mode. Opts: (null)
done.
Begin: Running /scripts/local-bottom ... done.
Begin: Running /scripts/init-bottom ... done.
[   12.043679] systemd[1]: systemd 229 running in system mode. (+PAM +AUDIT +SELINUX +IMA +APPARMOR +SMACK +SYSVINIT +UTMP +LIBCRYPTSETUP +GCRYPT +GNUTLS +ACL +XZ -LZ4 +SECCOMP +BLKID +ELFUTILS +KMOD -IDN)
[   12.056112] systemd[1]: Detected virtualization oracle.
[   12.059658] systemd[1]: Detected architecture x86-64.

Welcome to [1mUbuntu 16.04.7 LTS[0m!

[   12.069075] systemd[1]: Set hostname to <ubuntu>.
[   12.077782] systemd[1]: Initializing machine ID from random generator.
[   12.082926] systemd[1]: Installed transient /etc/machine-id file.
[   12.230042] systemd[1]: Listening on udev Kernel Socket.
[[0;32m  OK  [0m] Listening on udev Kernel Socket.
[   12.238429] systemd[1]: Reached target User and Group Name Lookups.
[[0;32m  OK  [0m] Reached target User and Group Name Lookups.
[   12.247786] systemd[1]: Reached target Swap.
[[0;32m  OK  [0m] Reached target Swap.
[   12.255254] systemd[1]: Listening on udev Control Socket.
[[0;32m  OK  [0m] Listening on udev Control Socket.
[   12.263611] systemd[1]: Started Trigger resolvconf update for networkd DNS.
[[0;32m  OK  [0m] Started Trigger resolvconf update for networkd DNS.
[   12.273715] systemd[1]: Created slice System Slice.
[[0;32m  OK  [0m] Created slice System Slice.
[   12.281638] systemd[1]: Listening on Journal Socket (/dev/log).
[[0;32m  OK  [0m] Listening on Journal Socket (/dev/log).
[   12.290411] systemd[1]: Listening on LVM2 poll daemon socket.
[[0;32m  OK  [0m] Listening on LVM2 poll daemon socket.
[   12.299408] systemd[1]: Created slice system-serial\x2dgetty.slice.
[[0;32m  OK  [0m] Created slice system-serial\x2dgetty.slice.
[   12.308615] systemd[1]: Listening on Device-mapper event daemon FIFOs.
[[0;32m  OK  [0m] Listening on Device-mapper event daemon FIFOs.
[   12.318052] systemd[1]: Listening on fsck to fsckd communication Socket.
[[0;32m  OK  [0m] Listening on fsck to fsckd communication Socket.
[   12.327573] systemd[1]: Started Forward Password Requests to Wall Directory Watch.
[[0;32m  OK  [0m] Started Forward Password Requests to Wall Directory Watch.
[   12.338115] systemd[1]: Listening on LVM2 metadata daemon socket.
[[0;32m  OK  [0m] Listening on LVM2 metadata daemon socket.
[   12.346980] systemd[1]: Reached target System Time Synchronized.
[[0;32m  OK  [0m] Reached target System Time Synchronized.
[   12.355841] systemd[1]: Listening on Syslog Socket.
[[0;32m  OK  [0m] Listening on Syslog Socket.
[   12.363944] systemd[1]: Listening on Journal Audit Socket.
[[0;32m  OK  [0m] Listening on Journal Audit Socket.
[   12.372724] systemd[1]: Created slice User and Session Slice.
[[0;32m  OK  [0m] Created slice User and Session Slice.
[   12.381565] systemd[1]: Reached target Slices.
[[0;32m  OK  [0m] Reached target Slices.
[   12.389114] systemd[1]: Listening on /dev/initctl Compatibility Named Pipe.
[[0;32m  OK  [0m] Listening on /dev/initctl Compatibility Named Pipe.
[   12.398666] systemd[1]: Reached target Encrypted Volumes.
[[0;32m  OK  [0m] Reached target Encrypted Volumes.
[   12.407366] systemd[1]: Listening on Journal Socket.
[[0;32m  OK  [0m] Listening on Journal Socket.
[   12.424354] systemd[1]: Starting Uncomplicated firewall...
         Starting Uncomplicated firewall...
[   12.433913] systemd[1]: Starting File System Check on Root Device...
         Starting File System Check on Root Device...
[   12.444766] systemd[1]: Starting Monitoring of LVM2 mirrors, snapshots etc. using dmeventd or progress polling...
         Starting Monitoring of LVM2 mirrors... dmeventd or progress polling...
[   12.458777] systemd[1]: Mounting Huge Pages File System...
         Mounting Huge Pages File System...
[   12.471395] systemd[1]: Starting Load Kernel Modules...
         Starting Load Kernel Modules...
[   12.478271] systemd[1]: Starting Set console keymap...
         Starting Set console keymap...
[   12.486616] systemd[1]: Starting Journal Service...
         Starting Journal Service...
[   12.493673] systemd[1]: Starting Create list of required static device nodes for the current kernel...
         Starting Create list of required st... nodes for the current kernel...
[   12.506464] systemd[1]: Starting Nameserver information manager...
         Starting Nameserver information manager...
[   12.514152] systemd[1]: Mounting POSIX Message Queue File System...
         Mounting POSIX Message Queue File System...
[   12.524022] systemd[1]: Mounting Debug File System...
[   12.529412] Loading iSCSI transport class v2.0-870.
         Mounting Debug File System...
[   12.537895] systemd[1]: Set up automount Arbitrary Executable File Formats File System Automount Point.
[[0;32m  OK  [0m] Set up automount Arbitrary Executab...ats File System Automount Point.
[   12.552770] systemd[1]: Mounted Huge Pages File System.
[[0;32m  OK  [0m] Mounted Huge Pages File System.
[   12.561765] systemd[1]: Mounted POSIX Message Queue File System.
[[0;32m  OK  [0m] Mounted POSIX Message Queue File System.[   12.571791] iscsi: registered transport (tcp)

[   12.574775] systemd[1]: Mounted Debug File System.
[[0;32m  OK  [0m] Mounted Debug File System.
[   12.584546] systemd[1]: Started Journal Service.
[[0;32m  OK  [0m] Started Journal Service.
[[0;32m  OK  [0m] Started Uncomplicated firewall.
[[0;32m  OK  [0m] Started File System Check on Root Device.
[[0;32m  OK  [0m] Started Set console keymap.
[[0;32m  OK  [0m] Started Create list of required sta...ce nodes for the current kernel.
[   12.637699] iscsi: registered transport (iser)
[[0;32m  OK  [0m] Started LVM2 metadata daemon.
[[0;32m  OK  [0m] Started File System Check Daemon to report status.
         Starting Create Static Device Nodes in /dev...
         Starting Remount Root and Kernel File Systems...
[[0;32m  OK  [0m] Started Load Kernel Modules.
[   12.666005] EXT4-fs (sda1): re-mounted. Opts: (null)
[[0;32m  OK  [0m] Started Nameserver information manager.
         Mounting FUSE Control File System...
         Starting Apply Kernel Variables...
[[0;32m  OK  [0m] Started Create Static Device Nodes in /dev.
[[0;32m  OK  [0m] Started Remount Root and Kernel File Systems.
[[0;32m  OK  [0m] Mounted FUSE Control File System.
         Starting Load/Save Random Seed...
         Starting Flush Journal to Persistent Storage...
         Starting udev Coldplug all Devices...
         Starting udev Kernel Device Manager...
[[0;32m  OK  [0m] Started Apply Kernel Variables.
[[0;32m  OK  [0m] Started Load/Save Random Seed.
[[0;32m  OK  [0m] Started Flush Journal to Persistent Storage.
[[0;32m  OK  [0m] Started udev Kernel Device Manager.
[[0;32m  OK  [0m] Started udev Coldplug all Devices.
[[0;32m  OK  [0m] Started Dispatch Password Requests to Console Directory Watch.
[[0;32m  OK  [0m] Found device /dev/ttyS0.
[[0;32m  OK  [0m] Listening on Load/Save RF Kill Switch Status /dev/rfkill Watch.
[[0;32m  OK  [0m] Started Monitoring of LVM2 mirrors,...ng dmeventd or progress polling.
[[0;32m  OK  [0m] Reached target Local File Systems (Pre).
[[0;32m  OK  [0m] Reached target Local File Systems.
         Starting LSB: AppArmor initialization...
         Starting Commit a transient machine-id on disk...
         Starting Create Volatile Files and Directories...
         Starting Tell Plymouth To Write Out Runtime Data...
         Starting Set console font and keymap...
         Starting Initial cloud-init job (pre-networking)...
[[0;32m  OK  [0m] Started Commit a transient machine-id on disk.
[[0;32m  OK  [0m] Started Create Volatile Files and Directories.
[[0;32m  OK  [0m] Started Tell Plymouth To Write Out Runtime Data.
         Starting Update UTMP about System Boot/Shutdown...
[[0;32m  OK  [0m] Started Update UTMP about System Boot/Shutdown.
[[0;32m  OK  [0m] Started Set console font and keymap.
[[0;32m  OK  [0m] Created slice system-getty.slice.
[[0;32m  OK  [0m] Started LSB: AppArmor initialization.
         Starting Load AppArmor profiles managed internally by snapd...
[[0;32m  OK  [0m] Started Load AppArmor profiles managed internally by snapd.
[   14.524039] cloud-init[668]: Cloud-init v. 21.1-19-gbad84ad4-0ubuntu1~16.04.2 running 'init-local' at Tue, 01 Nov 2022 19:55:01 +0000. Up 14.27 seconds.
[[0;32m  OK  [0m] Started Initial cloud-init job (pre-networking).
[[0;32m  OK  [0m] Reached target Network (Pre).
         Starting Raise network interfaces...
[[0;32m  OK  [0m] Started Raise network interfaces.
         Starting Initial cloud-init job (metadata service crawler)...
[[0;32m  OK  [0m] Reached target Network.
[   15.382754] cloud-init[974]: Cloud-init v. 21.1-19-gbad84ad4-0ubuntu1~16.04.2 running 'init' at Tue, 01 Nov 2022 19:55:01 +0000. Up 14.96 seconds.
[   15.389165] cloud-init[974]: ci-info: ++++++++++++++++++++++++++++++++++++++Net device info+++++++++++++++++++++++++++++++++++++++
[   15.395023] cloud-init[974]: ci-info: +--------+-------+----------------------------+---------------+--------+-------------------+
[   15.401050] cloud-init[974]: ci-info: | Device |   Up  |          Address           |      Mask     | Scope  |     Hw-Address    |
[   15.407082] cloud-init[974]: [[0;32m  OK  [0m] Started Initial cloud-init job (metadata service crawler).
[[0;32m  OK  [0m] Reached target System Initialization.
[[0;32m  OK  [0m] Listening on ACPID Listen Socket.
         Starting Socket activation for snappy daemon.
[[0;32m  OK  [0m] Started Message of the Day.
[[0;32m  OK  [0m] Started Daily apt download activities.
[[0;32m  OK  [0m] Listening on D-Bus System Message Bus Socket.
ci-info: +--------+-------+----------------------------+---------------+--------+-------------------+         Starting LXD - unix socket.
[[0;32m  OK  [0m] Started Daily apt upgrade and clean activities.
[[0;32m  OK  [0m] Listening on UUID daemon activation socket.
[[0;32m  OK  [0m] Started Daily Cleanup of Temporary Directories.
[[0;32m  OK  [0m] Started Ubuntu Advantage update messaging.
[[0;32m  OK  [0m] Reached target Timers.

[   15.429706] [[0;32m  OK  [0m] Started ACPI Events Check.
[[0;32m  OK  [0m] Reached target Paths.
[[0;32m  OK  [0m] Reached target Network is Online.
cloud-init[974]: ci-info: | enp0s3 |  True |         10.0.2.15          | 255.255.255.0 | global | 02:be:82:6b:cc:1d |
[   15.438459] cloud-init[974]: ci-info: | enp0s3 |  True | fe80::be:82ff:fe6b:cc1d/64 |       .       |  link  | 02:be:82:6b:cc:1d |
[   15.444406] cloud-init[974]: ci-info: | enp0s8 | False |             .              |       .       |   .    | 08:00:27:1b:86:0c |
[   15.450350] cloud-init         Starting iSCSI initiator daemon (iscsid)...
[[0;32m  OK  [0m] Reached target Cloud-config availability.
[[0;32m  OK  [0m] Listening on Socket activation for snappy daemon.
[[0;32m  OK  [0m] Listening on LXD - unix socket.
[[0;32m  OK  [0m] Reached target Sockets.
[[0;32m  OK  [0m] Reached target Basic System.
         Starting LSB: MD monitoring daemon...
         Starting /etc/rc.local Compatibility...
         Starting Accounts Service...
         Starting LXD - container startup/shutdown...
         Starting Virtualbox guest utils...
[974]: [[0;32m  OK  [0m] Started Regular background program processing daemon.
[[0;32m  OK  [0m] Started FUSE filesystem for LXC.
         Starting Login Service...
[[0;32m  OK  [0m] Started D-Bus System Message Bus.
ci-info: | enp0s9 | False |             .              |       .       |   .    | 08:00:27:a6:b4:c3 |
[   15.475975] cloud-init[974]: ci-info: |   lo   |  True |         127.0.0.1          |   255.0.0.0   |  host  |         .         |
[   15.484398] cloud-init[974]: ci-info: |   lo   |  True |          ::1/128           |       .       |  host  |         .         |
[   15.490576] cloud-init[974]: ci-info: +--------+-------+----------------------------+---------------+--------+-------------------+
[   15.496248] cloud-init[974]: ci-info: +++++++++++++++++++++++++++Route IPv4 info++++++++++++++++++++++++++++
[   15.500793] cloud-init[974]: ci-info: +-------+-------------+----------+---------------+-----------+-------+
[   15.505305] cloud-init[974]: ci-info: | Route | Destination | Gateway  |    Genmask    | Interface | Flags |
[   15.510812] cloud-init[974]: ci-info: +-------+-------------+----------+---------------+-----------+-------+
[   15.515255] cloud-init[974]: ci-info: |   0   |   0.0.0.0   | 10.0.2.2 |    0.0.0.0    |   enp0s3  |   UG  |
[   15.519497] cloud-init[974]: ci-info: |   1   |   10.0.2.0  | 0.0.0.0  | 255.255.255.0 |   enp0s3  |   U   |
[   15.523617] cloud-init[974]: ci-info: +-------+-------------+----------+---------------+-----------+-------+
[   15.527450] cloud-init[974]: ci-info: +++++++++++++++++++Route IPv6 info+++++++++++++++++++
[   15.531202] cloud-init[974]: ci-info: +-------+-------------+---------+-----------+-------+
[   15.534802] cloud-init[974]: ci-info: | Route | Destination | Gateway | Interface | Flags |
[   15.539105] cloud-init[974]: ci-info: +-------+-------------+---------+-----------+-------+
[   15.543570] cloud-init[974]: ci-info: |   0   |  fe80::/64  |    ::   |   enp0s3  |   U   |
[   15.547370] cloud-init[974]: ci-info: |   3   |   ff00::/8  |    ::   |   enp0s3  |   U   |
[   15.550861] cloud-init[974]: ci-info: +-------+-------------+---------+-----------+-------+
[   15.554657] cloud-init[974]: Generating public/private rsa key pair.
[   15.557727] cloud-init[974]: Your identification has been saved in /etc/ssh/ssh_host_rsa_key.
[   15.561306] cloud-init[974]: Your public key has been saved in /etc/ssh/ssh_host_rsa_key.pub.
[   15.566034] cloud-init[974]: The key fingerprint is:
[   15.568999] cloud-init[974]: SHA256:x0NFgkzUzvsloY6S861cNEA8h9a/UDw16BTKOfVHA9k root@ubuntu-xenial
[   15.573189] cloud-init[974]: The key's randomart image is:
[   15.581427] cloud-init[974]:          Starting Pollinate to seed the pseudo random number generator...
+---[RSA 2048]----+
[   15.598236] cloud-init[974]: |       =+=.o==*..|
[   15.599781] cloud-init[974]: |       .B.+**o E.|
[   15.599807] cloud-init[974]: |       ..=*= .. .|
[   15.599828] cloud-init[974]: |         ++.+  . |
[   15.599847] cloud-init[974]: |        S *+ o   |
[   15.599982] cloud-init[974]: |         oooo .  |
[   15.604678] cloud-init[974]: |       . o.. o   |
[   15.607323] cloud-init[974]: |      +..o. .    |
[   15.607346] cloud-init[974]: |       ++..      |
[   15.607522] cloud-init[974]: +----[SHA256]-----+
[   15.611321] cloud-init[974]: Generating public/private dsa key pair.
[   15.611974] cloud-init[974]: Your identification has been saved in /etc/ssh/ssh_host_dsa_key.
[   15.614162] cloud-init[974]: Your public key has been saved in /etc/ssh/ssh_host_dsa_key.pub.
[   15.614365] cloud-init[974]: The key fingerprint is:
[   15.614573] cloud-init[974]: SHA256:UdbTgaovxVg/1Q+09Kc2YB4XJnfINoXscOz+PNkJniE root@ubuntu-xenial
[   15.619174] cloud-init[974]: The key's randomart image is:
[   15.622175] cloud-init[974]: +---[DSA 1024]----+
[   15.623041] cloud-init[974]: |          o. *.=.|
[   15.624214] cloud-init[974]: |         o  * ^ .|
[   15.624849] cloud-init[974]: |        .  . & B |
[   15.625042] cloud-init[974]: |         .o + B +|
[   15.625689] cloud-init[974]: |        S= + * oo|
[   15.626015] cloud-init[974]: |        o oE+o= .|
[   15.626660] cloud-init[974]: |         o  oo+++|
[   15.627010] cloud-init[974]: |        . .  o ++|
[   15.627351] cloud-init[974]: |         .      .|
[   15.627672] cloud-init[974]: +----[SHA256]-----+
[   15.628345] cloud-init[974]: Generating public/private ecdsa key pair.
[   15.628635] cloud-init[974]: Your identification has been saved in /etc/ssh/ssh_host_ecdsa_key.
[   15.628935] cloud-init[974]: Your public key has been saved in /etc/ssh/ssh_host_ecdsa_key.pub.
[   15.629267] cloud-init[974]: The key fingerprint is:
[   15.629552] cloud-init[974]: SHA256:GqWlY8gKg6MOOpZj8maGYh7XZlxi47JpbPwawIWXBIM root@ubuntu-xenial
[   15.629924] cloud-init[974]: The key's randomart image is:
[   15.630214] cloud-init[974]: +---[ECDSA 256]---+
[   15.630524] cloud-init[974]: |.o..             |
[   15.631194] cloud-init[974]: |E + .            |
[   15.631488] cloud-init[974]: | . +    o        |
[   15.631790] cloud-init[974]: |o o. . =         |
[   15.632472] cloud-init[974]: |=o  o+*.S        |
[   15.632757] cloud-init[974]: |.+..=.++         |
[   15.633088] cloud-init[974]: |oo=+ *.          |
[   15.633375] cloud-init[974]: |O**=B            |
[   15.633683] cloud-init[974]: |OO=+o.           |
[   15.634016] cloud-init[974]: +----[SHA256]-----+
[   15.634302] cloud-init[974]: Generating public/private ed25519 key pair.
[   15.634630] cloud-init[974]: Your identification has been saved in /etc/ssh/ssh_host_ed25519_key.
[   15.634924] cloud-init[974]: Your public key has been saved in /etc/ssh/ssh_host_ed25519_key.pub.
[   15.635230] cloud-init[974]: The key fingerprint is:
[   15.635782] cloud-init[974]: SHA256:BsVFfB3jC5F0bk1iYbhnys0tOg/kZ5wzp8/UeV/92rc root@ubuntu-xenial
[   15.635855] cloud-init[974]: The key's randomart image is:
[   15.636492] cloud-init[974]: +--[ED25519 256]--+
[   15.636813] cloud-init[974]: |       ..+o.o+Oo.|
[   15.637113] cloud-init[974]: |       .. . +B.= |
[   15.637441] cloud-init[974]: |      .    ...+ .|
[   15.637734] cloud-init[974]: |       .    .oo. |
[   15.638046] cloud-init[974]: |        S  ..*.. |
[   15.638373] cloud-init[974]: |       .   oo.+.=|
[   15.638666] cloud-init[974]: |            o.BoB|
[   15.638991] cloud-init[974]: |            o+ O*|
[   15.639283] cloud-init[974]: |             o+EO|
[   15.639590] cloud-init[974]: +----[SHA256]-----+
         Starting System Logging Service...
         Starting LSB: Record successful boot for GRUB...
         Starting Snap Daemon...
[[0;32m  OK  [0m] Started Deferred execution scheduler.
[[0;32m  OK  [0m] Started ACPI event daemon.
[[0;32m  OK  [0m] Started /etc/rc.local Compatibility.
[[0;32m  OK  [0m] Started iSCSI initiator daemon (iscsid).
[[0;32m  OK  [0m] Started System Logging Service.
[[0;32m  OK  [0m] Started Login Service.
[[0;32m  OK  [0m] Started Unattended Upgrades Shutdown.
         Starting Login to default iSCSI targets...
         Starting Authenticate and Authorize Users to Run Privileged Tasks...
[[0;32m  OK  [0m] Started LSB: MD monitoring daemon.
[[0;32m  OK  [0m] Started LXD - container startup/shutdown.
[[0;32m  OK  [0m] Started LSB: Record successful boot for GRUB.
[[0;32m  OK  [0m] Started Login to default iSCSI targets.
[[0;32m  OK  [0m] Started Authenticate and Authorize Users to Run Privileged Tasks.
[[0;32m  OK  [0m] Started Accounts Service.
[[0;32m  OK  [0m] Started Virtualbox guest utils.
[[0;32m  OK  [0m] Reached target Remote File Systems (Pre).
[[0;32m  OK  [0m] Reached target Remote File Systems.
         Starting LSB: daemon to balance interrupts for SMP systems...
         Starting LSB: automatic crash report generation...
         Starting LSB: Set the CPU Frequency Scaling governor to "ondemand"...
         Starting Permit User Sessions...
[[0;32m  OK  [0m] Started Permit User Sessions.
         Starting Terminate Plymouth Boot Screen...
         Starting Hold until boot process finishes up...
[[0;32m  OK  [0m] Started LSB: daemon to balance interrupts for SMP systems.
[[0;32m  OK  [0m] Started LSB: automatic crash report generation.
[[0;32m  OK  [0m] Started Terminate Plymouth Boot Screen.
[[0;32m  OK  [0m] Started Hold until boot process finishes up.
[[0;32m  OK  [0m] Started Getty on tty1.
         Starting Set console scheme...
[[0;32m  OK  [0m] Started Serial Getty on ttyS0.
[[0;32m  OK  [0m] Reached target Login Prompts.
[[0;32m  OK  [0m] Started LSB: Set the CPU Frequency Scaling governor to "ondemand".
[[0;32m  OK  [0m] Started Set console scheme.
[[0;32m  OK  [0m] Started Snap Daemon.
         Starting Wait until snapd is fully seeded...
[[0;32m  OK  [0m] Started Pollinate to seed the pseudo random number generator.
         Starting OpenBSD Secure Shell server...
[[0;32m  OK  [0m] Started OpenBSD Secure Shell server.
[[0;32m  OK  [0m] Created slice User Slice of vagrant.
         Starting User Manager for UID 1000...
[[0;32m  OK  [0m] Started Session 1 of user vagrant.
[[0;32m  OK  [0m] Started User Manager for UID 1000.
[[0;32m  OK  [0m] Started Wait until snapd is fully seeded.
         Starting Apply the settings specified in cloud-config...
[[0;32m  OK  [0m] Reached target Multi-User System.
[[0;32m  OK  [0m] Reached target Graphical Interface.
         Starting Update UTMP about System Runlevel Changes...
[[0;32m  OK  [0m] Started Update UTMP about System Runlevel Changes.
[   19.027423] cloud-init[1441]: Generating locales (this might take a while)...
[   19.782425] cloud-init[1441]:   en_US.UTF-8... done
[   19.789322] cloud-init[1441]: Generation complete.
[   20.021357] cloud-init[1441]: Cloud-init v. 21.1-19-gbad84ad4-0ubuntu1~16.04.2 running 'modules:config' at Tue, 01 Nov 2022 19:55:05 +0000. Up 18.95 seconds.
[[0;32m  OK  [0m] Started Apply the settings specified in cloud-config.
         Starting Execute cloud user/final scripts...
ci-info: no authorized SSH keys fingerprints found for user ubuntu.
<14>Nov  1 19:55:07 ec2: 
<14>Nov  1 19:55:07 ec2: #############################################################
<14>Nov  1 19:55:07 ec2: -----BEGIN SSH HOST KEY FINGERPRINTS-----
<14>Nov  1 19:55:07 ec2: 1024 SHA256:UdbTgaovxVg/1Q+09Kc2YB4XJnfINoXscOz+PNkJniE root@ubuntu-xenial (DSA)
<14>Nov  1 19:55:07 ec2: 256 SHA256:GqWlY8gKg6MOOpZj8maGYh7XZlxi47JpbPwawIWXBIM root@ubuntu-xenial (ECDSA)
<14>Nov  1 19:55:07 ec2: 256 SHA256:BsVFfB3jC5F0bk1iYbhnys0tOg/kZ5wzp8/UeV/92rc root@ubuntu-xenial (ED25519)
<14>Nov  1 19:55:07 ec2: 2048 SHA256:x0NFgkzUzvsloY6S861cNEA8h9a/UDw16BTKOfVHA9k root@ubuntu-xenial (RSA)
<14>Nov  1 19:55:07 ec2: -----END SSH HOST KEY FINGERPRINTS-----
<14>Nov  1 19:55:07 ec2: #############################################################
-----BEGIN SSH HOST KEY KEYS-----
ecdsa-sha2-nistp256 AAAAE2VjZHNhLXNoYTItbmlzdHAyNTYAAAAIbmlzdHAyNTYAAABBBC6HsRMYy8aYkF+kO6cubfJkpWQqo+nlsDl+kqaaqQM/Hz1HgvtZ8t7+1lm1+tRV0SlECbVPKo9snooANqQplqg= root@ubuntu-xenial
ssh-ed25519 AAAAC3NzaC1lZDI1NTE5AAAAIPx1VZZwJM254HY4r6oj7rNRfV7+aBZjiASO1badQuPQ root@ubuntu-xenial
ssh-rsa AAAAB3NzaC1yc2EAAAADAQABAAABAQDp4PBBYc9Bt1bm9JRaYbP85PG0l6K764UPipNu+0GUMjrCrknoWcF77f4iZOq4iDoaklMGh5iYi+GiQ0j2P8Rm9dV3PYlrebJdVyXbvF+U/BRiZbF/7ugYFJvJ8zsdSyKoEk9KWwJzlwmCGXjdo4BIAAh1TEi86LAkLLpFsdD92a4ccPnJmdX98+0E0BfTMsdMHgDtxra0WNkvfbpPylJU3r93xMJKGlrQSaA13yvVjr3YxEdwTtSEEQrQFN80EUJlwWEMSJnCrmF3z4vCOnSONRFVEqQjoi6MxTMwO2z6A7pnIo416l0Lyd4QOtpMkOzcjDjHnzXz6ITRzCjMs+oX root@ubuntu-xenial
-----END SSH HOST KEY KEYS-----
[   20.351479] cloud-init[1587]: Cloud-init v. 21.1-19-gbad84ad4-0ubuntu1~16.04.2 running 'modules:final' at Tue, 01 Nov 2022 19:55:07 +0000. Up 20.22 seconds.
[   20.356557] cloud-init[1587]: ci-info: no authorized SSH keys fingerprints found for user ubuntu.
[   20.360634] cloud-init[1587]: Cloud-init v. 21.1-19-gbad84ad4-0ubuntu1~16.04.2 finished at Tue, 01 Nov 2022 19:55:07 +0000. Datasource DataSourceNoCloud [seed=/dev/sdb][dsmode=net].  Up 20.34 seconds
[[0;32m  OK  [0m] Started Execute cloud user/final scripts.
[[0;32m  OK  [0m] Reached target Cloud-init target.

Ubuntu 16.04.7 LTS ubuntu-xenial ttyS0

ubuntu-xenial login: 