[    0.000000] Linux version 4.15.0-192-generic (buildd@lcy02-amd64-029) (gcc version 7.5.0 (Ubuntu 7.5.0-3ubuntu1~18.04)) #203-Ubuntu SMP Wed Aug 10 17:40:03 UTC 2022 (Ubuntu 4.15.0-192.203-generic 4.15.18)
[    0.000000] Command line: BOOT_IMAGE=/boot/vmlinuz-4.15.0-192-generic root=LABEL=cloudimg-rootfs ro console=tty1 console=ttyS0
[    0.000000] KERNEL supported cpus:
[    0.000000]   Intel GenuineIntel
[    0.000000]   AMD AuthenticAMD
[    0.000000]   Centaur CentaurHauls
[    0.000000] [Firmware Bug]: TSC doesn't count with P0 frequency!
[    0.000000] x86/fpu: x87 FPU will use FXSAVE
[    0.000000] e820: BIOS-provided physical RAM map:
[    0.000000] BIOS-e820: [mem 0x0000000000000000-0x000000000009fbff] usable
[    0.000000] BIOS-e820: [mem 0x000000000009fc00-0x000000000009ffff] reserved
[    0.000000] BIOS-e820: [mem 0x00000000000f0000-0x00000000000fffff] reserved
[    0.000000] BIOS-e820: [mem 0x0000000000100000-0x000000007ffeffff] usable
[    0.000000] BIOS-e820: [mem 0x000000007fff0000-0x000000007fffffff] ACPI data
[    0.000000] BIOS-e820: [mem 0x00000000fec00000-0x00000000fec00fff] reserved
[    0.000000] BIOS-e820: [mem 0x00000000fee00000-0x00000000fee00fff] reserved
[    0.000000] BIOS-e820: [mem 0x00000000fffc0000-0x00000000ffffffff] reserved
[    0.000000] NX (Execute Disable) protection: active
[    0.000000] SMBIOS 2.5 present.
[    0.000000] DMI: innotek GmbH VirtualBox/VirtualBox, BIOS VirtualBox 12/01/2006
[    0.000000] Hypervisor detected: KVM
[    0.000000] e820: last_pfn = 0x7fff0 max_arch_pfn = 0x400000000
[    0.000000] MTRR: Disabled
[    0.000000] x86/PAT: MTRRs disabled, skipping PAT initialization too.
[    0.000000] CPU MTRRs all blank - virtualized system.
[    0.000000] x86/PAT: Configuration [0-7]: WB  WT  UC- UC  WB  WT  UC- UC  
[    0.000000] found SMP MP-table at [mem 0x0009fff0-0x0009ffff]
[    0.000000] Scanning 1 areas for low memory corruption
[    0.000000] RAMDISK: [mem 0x359cb000-0x36cdcfff]
[    0.000000] ACPI: Early table checksum verification disabled
[    0.000000] ACPI: RSDP 0x00000000000E0000 000024 (v02 VBOX  )
[    0.000000] ACPI: XSDT 0x000000007FFF0030 00003C (v01 VBOX   VBOXXSDT 00000001 ASL  00000061)
[    0.000000] ACPI: FACP 0x000000007FFF00F0 0000F4 (v04 VBOX   VBOXFACP 00000001 ASL  00000061)
[    0.000000] ACPI: DSDT 0x000000007FFF0470 002325 (v02 VBOX   VBOXBIOS 00000002 INTL 20100528)
[    0.000000] ACPI: FACS 0x000000007FFF0200 000040
[    0.000000] ACPI: FACS 0x000000007FFF0200 000040
[    0.000000] ACPI: APIC 0x000000007FFF0240 00005C (v02 VBOX   VBOXAPIC 00000001 ASL  00000061)
[    0.000000] ACPI: SSDT 0x000000007FFF02A0 0001CC (v01 VBOX   VBOXCPUT 00000002 INTL 20100528)
[    0.000000] ACPI: Reserving FACP table memory at [mem 0x7fff00f0-0x7fff01e3]
[    0.000000] ACPI: Reserving DSDT table memory at [mem 0x7fff0470-0x7fff2794]
[    0.000000] ACPI: Reserving FACS table memory at [mem 0x7fff0200-0x7fff023f]
[    0.000000] ACPI: Reserving FACS table memory at [mem 0x7fff0200-0x7fff023f]
[    0.000000] ACPI: Reserving APIC table memory at [mem 0x7fff0240-0x7fff029b]
[    0.000000] ACPI: Reserving SSDT table memory at [mem 0x7fff02a0-0x7fff046b]
[    0.000000] No NUMA configuration found
[    0.000000] Faking a node at [mem 0x0000000000000000-0x000000007ffeffff]
[    0.000000] NODE_DATA(0) allocated [mem 0x7ffc5000-0x7ffeffff]
[    0.000000] kvm-clock: cpu 0, msr 0:7ff44001, primary cpu clock
[    0.000000] kvm-clock: Using msrs 4b564d01 and 4b564d00
[    0.000000] kvm-clock: using sched offset of 3692781309 cycles
[    0.000000] clocksource: kvm-clock: mask: 0xffffffffffffffff max_cycles: 0x1cd42e4dffb, max_idle_ns: 881590591483 ns
[    0.000000] Zone ranges:
[    0.000000]   DMA      [mem 0x0000000000001000-0x0000000000ffffff]
[    0.000000]   DMA32    [mem 0x0000000001000000-0x000000007ffeffff]
[    0.000000]   Normal   empty
[    0.000000]   Device   empty
[    0.000000] Movable zone start for each node
[    0.000000] Early memory node ranges
[    0.000000]   node   0: [mem 0x0000000000001000-0x000000000009efff]
[    0.000000]   node   0: [mem 0x0000000000100000-0x000000007ffeffff]
[    0.000000] Reserved but unavailable: 104 pages
[    0.000000] Initmem setup node 0 [mem 0x0000000000001000-0x000000007ffeffff]
[    0.000000] ACPI: PM-Timer IO Port: 0x4008
[    0.000000] IOAPIC[0]: apic_id 2, version 32, address 0xfec00000, GSI 0-23
[    0.000000] ACPI: INT_SRC_OVR (bus 0 bus_irq 0 global_irq 2 dfl dfl)
[    0.000000] ACPI: INT_SRC_OVR (bus 0 bus_irq 9 global_irq 9 low level)
[    0.000000] Using ACPI (MADT) for SMP configuration information
[    0.000000] smpboot: Allowing 2 CPUs, 0 hotplug CPUs
[    0.000000] PM: Registered nosave memory: [mem 0x00000000-0x00000fff]
[    0.000000] PM: Registered nosave memory: [mem 0x0009f000-0x0009ffff]
[    0.000000] PM: Registered nosave memory: [mem 0x000a0000-0x000effff]
[    0.000000] PM: Registered nosave memory: [mem 0x000f0000-0x000fffff]
[    0.000000] e820: [mem 0x80000000-0xfebfffff] available for PCI devices
[    0.000000] Booting paravirtualized kernel on KVM
[    0.000000] clocksource: refined-jiffies: mask: 0xffffffff max_cycles: 0xffffffff, max_idle_ns: 7645519600211568 ns
[    0.000000] random: get_random_bytes called from start_kernel+0x99/0x500 with crng_init=0
[    0.000000] setup_percpu: NR_CPUS:8192 nr_cpumask_bits:2 nr_cpu_ids:2 nr_node_ids:1
[    0.000000] percpu: Embedded 50 pages/cpu s167936 r8192 d28672 u1048576
[    0.000000] PV qspinlock hash table entries: 256 (order: 0, 4096 bytes)
[    0.000000] Built 1 zonelists, mobility grouping on.  Total pages: 515961
[    0.000000] Policy zone: DMA32
[    0.000000] Kernel command line: BOOT_IMAGE=/boot/vmlinuz-4.15.0-192-generic root=LABEL=cloudimg-rootfs ro console=tty1 console=ttyS0
[    0.000000] Memory: 2014840K/2096696K available (12300K kernel code, 2484K rwdata, 4324K rodata, 2468K init, 2724K bss, 81856K reserved, 0K cma-reserved)
[    0.000000] SLUB: HWalign=64, Order=0-3, MinObjects=0, CPUs=2, Nodes=1
[    0.000000] ftrace: allocating 39482 entries in 155 pages
[    0.004000] Hierarchical RCU implementation.
[    0.004000] 	RCU restricting CPUs from NR_CPUS=8192 to nr_cpu_ids=2.
[    0.004000] 	Tasks RCU enabled.
[    0.004000] RCU: Adjusting geometry for rcu_fanout_leaf=16, nr_cpu_ids=2
[    0.004000] NR_IRQS: 524544, nr_irqs: 440, preallocated irqs: 16
[    0.004000] Console: colour VGA+ 80x25
[    0.004000] console [tty1] enabled
[    0.004000] console [ttyS0] enabled
[    0.004000] ACPI: Core revision 20170831
[    0.004000] ACPI: 2 ACPI AML tables successfully acquired and loaded
[    0.004000] APIC: Switch to symmetric I/O mode setup
[    0.004000] ..TIMER: vector=0x30 apic1=0 pin1=2 apic2=-1 pin2=-1
[    0.004004] tsc: Detected 3593.264 MHz processor
[    0.008007] Calibrating delay loop (skipped) preset value.. 7186.52 BogoMIPS (lpj=14373056)
[    0.012003] pid_max: default: 32768 minimum: 301
[    0.016064] Security Framework initialized
[    0.020002] Yama: becoming mindful.
[    0.022589] AppArmor: AppArmor initialized
[    0.033751] Dentry cache hash table entries: 262144 (order: 9, 2097152 bytes)
[    0.044531] Inode-cache hash table entries: 131072 (order: 8, 1048576 bytes)
[    0.048131] Mount-cache hash table entries: 4096 (order: 3, 32768 bytes)
[    0.052111] Mountpoint-cache hash table entries: 4096 (order: 3, 32768 bytes)
[    0.060327] Last level iTLB entries: 4KB 1024, 2MB 1024, 4MB 512
[    0.064003] Last level dTLB entries: 4KB 2048, 2MB 2048, 4MB 1024, 1GB 0
[    0.068007] Spectre V1 : Mitigation: usercopy/swapgs barriers and __user pointer sanitization
[    0.072006] Spectre V2 : Mitigation: Retpolines
[    0.076002] Spectre V2 : Spectre v2 / SpectreRSB mitigation: Filling RSB on context switch
[    0.080150] Freeing SMP alternatives memory: 36K
[    0.194589] smpboot: CPU0: AMD Ryzen 7 3700X 8-Core Processor (family: 0x17, model: 0x71, stepping: 0x0)
[    0.196403] Performance Events: PMU not available due to virtualization, using software events only.
[    0.200100] Hierarchical SRCU implementation.
[    0.204681] NMI watchdog: Perf event create on CPU 0 failed with -2
[    0.208002] NMI watchdog: Perf NMI watchdog permanently disabled
[    0.212306] smp: Bringing up secondary CPUs ...
[    0.216842] x86: Booting SMP configuration:
[    0.220003] .... node  #0, CPUs:      #1
[    0.004000] kvm-clock: cpu 1, msr 0:7ff44041, secondary cpu clock
[    0.230757] TSC synchronization [CPU#0 -> CPU#1]:
[    0.232000] Measured 58969 cycles TSC warp between CPUs, turning off TSC clock.
[    0.232000] tsc: Marking TSC unstable due to check_tsc_sync_source failed
[    0.236109] smp: Brought up 1 node, 2 CPUs
[    0.239260] smpboot: Max logical packages: 1
[    0.240005] smpboot: Total of 2 processors activated (14373.05 BogoMIPS)
[    0.248145] devtmpfs: initialized
[    0.250911] x86/mm: Memory block size: 128MB
[    0.256665] evm: security.selinux
[    0.260002] evm: security.SMACK64
[    0.262687] evm: security.SMACK64EXEC
[    0.264002] evm: security.SMACK64TRANSMUTE
[    0.268002] evm: security.SMACK64MMAP
[    0.272002] evm: security.apparmor
[    0.276002] evm: security.ima
[    0.280002] evm: security.capability
[    0.284249] clocksource: jiffies: mask: 0xffffffff max_cycles: 0xffffffff, max_idle_ns: 7645041785100000 ns
[    0.292007] futex hash table entries: 512 (order: 3, 32768 bytes)
[    0.300323] pinctrl core: initialized pinctrl subsystem
[    0.304334] RTC time:  5:54:34, date: 11/01/22
[    0.308880] NET: Registered protocol family 16
[    0.312127] audit: initializing netlink subsys (disabled)
[    0.316231] audit: type=2000 audit(1667282079.254:1): state=initialized audit_enabled=0 res=1
[    0.324008] cpuidle: using governor ladder
[    0.326943] cpuidle: using governor menu
[    0.332866] ACPI: bus type PCI registered
[    0.336003] acpiphp: ACPI Hot Plug PCI Controller Driver version: 0.5
[    0.340449] PCI: Using configuration type 1 for base access
[    0.344002] PCI: Using configuration type 1 for extended access
[    0.352406] HugeTLB registered 2.00 MiB page size, pre-allocated 0 pages
[    0.360359] ACPI: Added _OSI(Module Device)
[    0.363475] ACPI: Added _OSI(Processor Device)
[    0.364009] ACPI: Added _OSI(3.0 _SCP Extensions)
[    0.368003] ACPI: Added _OSI(Processor Aggregator Device)
[    0.372004] ACPI: Added _OSI(Linux-Dell-Video)
[    0.376003] ACPI: Added _OSI(Linux-Lenovo-NV-HDMI-Audio)
[    0.380003] ACPI: Added _OSI(Linux-HPI-Hybrid-Graphics)
[    0.384727] ACPI: Executed 1 blocks of module-level executable AML code
[    0.395064] ACPI: Interpreter enabled
[    0.396012] ACPI: (supports S0 S5)
[    0.400003] ACPI: Using IOAPIC for interrupt routing
[    0.404384] PCI: Using host bridge windows from ACPI; if necessary, use "pci=nocrs" and report a bug
[    0.408204] ACPI: Enabled 2 GPEs in block 00 to 07
[    0.423582] ACPI: PCI Root Bridge [PCI0] (domain 0000 [bus 00-ff])
[    0.428007] acpi PNP0A03:00: _OSC: OS supports [ExtendedConfig ASPM ClockPM Segments MSI]
[    0.436089] acpi PNP0A03:00: _OSC: platform does not support [PCIeCapability]
[    0.440686] acpi PNP0A03:00: _OSC: not requesting control; platform does not support [PCIeCapability]
[    0.448004] acpi PNP0A03:00: _OSC: OS requested [PCIeHotplug PME AER PCIeCapability]
[    0.452003] acpi PNP0A03:00: _OSC: platform willing to grant [PCIeHotplug PME AER]
[    0.456004] acpi PNP0A03:00: _OSC failed (AE_SUPPORT); disabling ASPM
[    0.464056] PCI host bridge to bus 0000:00
[    0.467042] pci_bus 0000:00: root bus resource [io  0x0000-0x0cf7 window]
[    0.472004] pci_bus 0000:00: root bus resource [io  0x0d00-0xffff window]
[    0.476003] pci_bus 0000:00: root bus resource [mem 0x000a0000-0x000bffff window]
[    0.480003] pci_bus 0000:00: root bus resource [mem 0x80000000-0xfdffffff window]
[    0.484004] pci_bus 0000:00: root bus resource [bus 00-ff]
[    0.497328] pci 0000:00:01.1: legacy IDE quirk: reg 0x10: [io  0x01f0-0x01f7]
[    0.500003] pci 0000:00:01.1: legacy IDE quirk: reg 0x14: [io  0x03f6]
[    0.504003] pci 0000:00:01.1: legacy IDE quirk: reg 0x18: [io  0x0170-0x0177]
[    0.512003] pci 0000:00:01.1: legacy IDE quirk: reg 0x1c: [io  0x0376]
[    0.532866] pci 0000:00:07.0: quirk: [io  0x4000-0x403f] claimed by PIIX4 ACPI
[    0.536031] pci 0000:00:07.0: quirk: [io  0x4100-0x410f] claimed by PIIX4 SMB
[    0.554476] ACPI: PCI Interrupt Link [LNKA] (IRQs 5 9 10 *11)
[    0.556492] ACPI: PCI Interrupt Link [LNKB] (IRQs 5 9 *10 11)
[    0.560181] ACPI: PCI Interrupt Link [LNKC] (IRQs 5 *9 10 11)
[    0.564364] ACPI: PCI Interrupt Link [LNKD] (IRQs 5 9 10 *11)
[    0.572621] SCSI subsystem initialized
[    0.576176] pci 0000:00:02.0: vgaarb: setting as boot VGA device
[    0.580000] pci 0000:00:02.0: vgaarb: VGA device added: decodes=io+mem,owns=io+mem,locks=none
[    0.584006] pci 0000:00:02.0: vgaarb: bridge control possible
[    0.588003] vgaarb: loaded
[    0.592087] ACPI: bus type USB registered
[    0.596018] usbcore: registered new interface driver usbfs
[    0.600010] usbcore: registered new interface driver hub
[    0.604012] usbcore: registered new device driver usb
[    0.608162] EDAC MC: Ver: 3.0.0
[    0.612161] PCI: Using ACPI for IRQ routing
[    0.615713] NetLabel: Initializing
[    0.616004] NetLabel:  domain hash size = 128
[    0.620002] NetLabel:  protocols = UNLABELED CIPSOv4 CALIPSO
[    0.624094] NetLabel:  unlabeled traffic allowed by default
[    0.628158] clocksource: Switched to clocksource kvm-clock
[    0.668960] VFS: Disk quotas dquot_6.6.0
[    0.672089] VFS: Dquot-cache hash table entries: 512 (order 0, 4096 bytes)
[    0.677300] AppArmor: AppArmor Filesystem Enabled
[    0.680883] pnp: PnP ACPI init
[    0.685370] pnp: PnP ACPI: found 3 devices
[    0.718066] clocksource: acpi_pm: mask: 0xffffff max_cycles: 0xffffff, max_idle_ns: 2085701024 ns
[    0.724262] NET: Registered protocol family 2
[    0.728174] IP idents hash table entries: 32768 (order: 6, 262144 bytes)
[    0.733760] TCP established hash table entries: 16384 (order: 5, 131072 bytes)
[    0.739306] TCP bind hash table entries: 16384 (order: 6, 262144 bytes)
[    0.744817] TCP: Hash tables configured (established 16384 bind 16384)
[    0.750069] UDP hash table entries: 1024 (order: 3, 32768 bytes)
[    0.754635] UDP-Lite hash table entries: 1024 (order: 3, 32768 bytes)
[    0.759319] NET: Registered protocol family 1
[    0.762708] pci 0000:00:00.0: Limiting direct PCI/PCI transfers
[    0.767003] pci 0000:00:01.0: Activating ISA DMA hang workarounds
[    0.771471] pci 0000:00:02.0: Video device with shadowed ROM at [mem 0x000c0000-0x000dffff]
[    0.777787] Unpacking initramfs...
[    0.812030] Freeing initrd memory: 19528K
[    1.177140] clocksource: tsc: mask: 0xffffffffffffffff max_cycles: 0x33cb77f747f, max_idle_ns: 440795228884 ns
[    1.184002] platform rtc_cmos: registered platform RTC device (no PNP device found)
[    1.189531] Scanning for low memory corruption every 60 seconds
[    1.195417] Initialise system trusted keyrings
[    1.198783] Key type blacklist registered
[    1.202416] workingset: timestamp_bits=36 max_order=19 bucket_order=0
[    1.208799] zbud: loaded
[    1.212109] squashfs: version 4.0 (2009/01/31) Phillip Lougher
[    1.217359] fuse init (API version 7.26)
[    1.242416] Key type asymmetric registered
[    1.245359] Asymmetric key parser 'x509' registered
[    1.248601] Block layer SCSI generic (bsg) driver version 0.4 loaded (major 246)
[    1.253902] io scheduler noop registered
[    1.257018] io scheduler deadline registered
[    1.259931] io scheduler cfq registered (default)
[    1.263884] ACPI: AC Adapter [AC] (on-line)
[    1.266937] input: Power Button as /devices/LNXSYSTM:00/LNXPWRBN:00/input/input0
[    1.272367] ACPI: Power Button [PWRF]
[    1.275007] input: Sleep Button as /devices/LNXSYSTM:00/LNXSLPBN:00/input/input1
[    1.280273] ACPI: Sleep Button [SLPF]
[    1.284218] Serial: 8250/16550 driver, 32 ports, IRQ sharing enabled
[    1.316854] 00:02: ttyS0 at I/O 0x3f8 (irq = 4, base_baud = 115200) is a 16550A
[    1.334785] Linux agpgart interface v0.103
[    1.345497] loop: module loaded
[    1.350087] scsi host0: ata_piix
[    1.352861] scsi host1: ata_piix
[    1.355346] ata1: PATA max UDMA/33 cmd 0x1f0 ctl 0x3f6 bmdma 0xd000 irq 14
[    1.360220] ata2: PATA max UDMA/33 cmd 0x170 ctl 0x376 bmdma 0xd008 irq 15
[    1.365392] tun: Universal TUN/TAP device driver, 1.6
[    1.369513] PPP generic driver version 2.4.2
[    1.372961] ehci_hcd: USB 2.0 'Enhanced' Host Controller (EHCI) Driver
[    1.377652] ehci-pci: EHCI PCI platform driver
[    1.380992] ehci-platform: EHCI generic platform driver
[    1.384932] ohci_hcd: USB 1.1 'Open' Host Controller (OHCI) Driver
[    1.389311] ohci-pci: OHCI PCI platform driver
[    1.392668] ohci-platform: OHCI generic platform driver
[    1.396455] uhci_hcd: USB Universal Host Controller Interface driver
[    1.400976] i8042: PNP: PS/2 Controller [PNP0303:PS2K,PNP0f03:PS2M] at 0x60,0x64 irq 1,12
[    1.409334] serio: i8042 KBD port at 0x60,0x64 irq 1
[    1.412977] serio: i8042 AUX port at 0x60,0x64 irq 12
[    1.417317] mousedev: PS/2 mouse device common for all mice
[    1.422681] input: AT Translated Set 2 keyboard as /devices/platform/i8042/serio0/input/input2
[    1.425296] rtc_cmos rtc_cmos: rtc core: registered rtc_cmos as rtc0
[    1.433994] rtc_cmos rtc_cmos: alarms up to one day, 114 bytes nvram
[    1.438216] i2c /dev entries driver
[    1.440639] device-mapper: uevent: version 1.0.3
[    1.444372] device-mapper: ioctl: 4.37.0-ioctl (2017-09-20) initialised: dm-devel@redhat.com
[    1.450108] ledtrig-cpu: registered to indicate activity on CPUs
[    1.455630] NET: Registered protocol family 10
[    1.464841] Segment Routing with IPv6
[    1.467349] NET: Registered protocol family 17
[    1.470767] Key type dns_resolver registered
[    1.474390] mce: Using 0 MCE banks
[    1.477108] RAS: Correctable Errors collector initialized.
[    1.481001] sched_clock: Marking stable (1480965158, 0)->(2016503681, -535538523)
[    1.488597] registered taskstats version 1
[    1.491594] Loading compiled-in X.509 certificates
[    1.498104] Loaded X.509 cert 'Build time autogenerated kernel key: af04d57e94487e4500da7630f19b69a59e91d95a'
[    1.505359] Loaded X.509 cert 'Canonical Ltd. Live Patch Signing: 14df34d1a87cf37625abec039ef2bf521249b969'
[    1.512374] Loaded X.509 cert 'Canonical Ltd. Kernel Module Signing: 88f752e560a1e0737e31163a466ad7b70a850c19'
[    1.519175] blacklist: Loading compiled-in revocation X.509 certificates
[    1.523929] Loaded X.509 cert 'Canonical Ltd. Secure Boot Signing: 61482aa2830d0ab2ad5af10b7250da9033ddcef0'
[    1.530910] zswap: loaded using pool lzo/zbud
[    1.585500] Key type big_key registered
[    1.588240] Key type trusted registered
[    1.593664] Key type encrypted registered
[    1.596627] AppArmor: AppArmor sha1 policy hashing enabled
[    1.600330] ima: No TPM chip found, activating TPM-bypass! (rc=-19)
[    1.604603] ima: Allocated hash algorithm: sha1
[    1.607592] evm: HMAC attrs: 0x1
[    1.610636]   Magic number: 14:523:920
[    1.613692] rtc_cmos rtc_cmos: setting system clock to 2022-11-01 05:54:35 UTC (1667282075)
[    1.619893] BIOS EDD facility v0.16 2004-Jun-25, 0 devices found
[    1.623974] EDD information not available.
[    1.629718] Freeing unused kernel image memory: 2468K
[    1.656043] Write protecting the kernel read-only data: 20480k
[    1.660857] Freeing unused kernel image memory: 2008K
[    1.664459] Freeing unused kernel image memory: 1820K
[    1.673130] x86/mm: Checked W+X mappings: passed, no W+X pages found.
Loading, please wait...
starting version 237
[    1.733673] e1000: Intel(R) PRO/1000 Network Driver - version 7.3.21-k8-NAPI
[    1.738737] e1000: Copyright (c) 1999-2006 Intel Corporation.
[    1.747518] Fusion MPT base driver 3.04.20
[    1.750901] Copyright (c) 1999-2008 LSI Corporation
[    1.781976] Fusion MPT SPI Host driver 3.04.20
[    1.985154] input: ImExPS/2 Generic Explorer Mouse as /devices/platform/i8042/serio1/input/input4
[    2.736953] e1000 0000:00:03.0 eth0: (PCI:33MHz:32-bit) 02:36:54:6b:82:69
[    2.741470] e1000 0000:00:03.0 eth0: Intel(R) PRO/1000 Network Connection
[    2.747576] mptbase: ioc0: Initiating bringup
[    2.845919] ioc0: LSI53C1030 A0: Capabilities={Initiator}
[    3.098053] scsi host2: ioc0: LSI53C1030 A0, FwRev=00000000h, Ports=1, MaxQ=256, IRQ=20
[    3.269217] scsi 2:0:0:0: Direct-Access     VBOX     HARDDISK         1.0  PQ: 0 ANSI: 5
[    3.305364] scsi target2:0:0: Beginning Domain Validation
[    3.318833] scsi target2:0:0: Domain Validation skipping write tests
[    3.324136] scsi target2:0:0: Ending Domain Validation
[    3.327822] scsi target2:0:0: asynchronous
[    3.333848] scsi 2:0:1:0: Direct-Access     VBOX     HARDDISK         1.0  PQ: 0 ANSI: 5
[    3.700536] scsi target2:0:1: Beginning Domain Validation
[    3.704912] random: fast init done
[    3.714400] scsi target2:0:1: Domain Validation skipping write tests
[    3.719007] scsi target2:0:1: Ending Domain Validation
[    3.722963] scsi target2:0:1: asynchronous
[    3.747016] sd 2:0:0:0: Attached scsi generic sg0 type 0
[    3.751478] sd 2:0:1:0: Attached scsi generic sg1 type 0
[    3.753883] random: systemd-udevd: uninitialized urandom read (16 bytes read)
[    3.760474] sd 2:0:0:0: [sda] 83886080 512-byte logical blocks: (42.9 GB/40.0 GiB)
[    3.766130] sd 2:0:1:0: [sdb] 20480 512-byte logical blocks: (10.5 MB/10.0 MiB)
[    3.771497] sd 2:0:0:0: [sda] Write Protect is off
[    3.775381] sd 2:0:1:0: [sdb] Write Protect is off
[    3.778988] random: systemd-udevd: uninitialized urandom read (16 bytes read)
[    3.784058] sd 2:0:0:0: [sda] Incomplete mode parameter data
[    3.788371] sd 2:0:0:0: [sda] Assuming drive cache: write through
[    3.792750] sd 2:0:1:0: [sdb] Incomplete mode parameter data
[    3.796591] sd 2:0:1:0: [sdb] Assuming drive cache: write through
[    3.800896] random: systemd-udevd: uninitialized urandom read (16 bytes read)
[    3.819815]  sda: sda1
[    3.824397] sd 2:0:0:0: [sda] Attached SCSI disk
[    3.828049] sd 2:0:1:0: [sdb] Attached SCSI disk
[    3.860819] e1000 0000:00:08.0 eth1: (PCI:33MHz:32-bit) 08:00:27:b6:62:31
[    3.865666] e1000 0000:00:08.0 eth1: Intel(R) PRO/1000 Network Connection
[    4.420065] e1000 0000:00:09.0 eth2: (PCI:33MHz:32-bit) 08:00:27:25:91:7b
[    4.424649] e1000 0000:00:09.0 eth2: Intel(R) PRO/1000 Network Connection
[    4.431162] e1000 0000:00:08.0 enp0s8: renamed from eth1
[    4.464221] e1000 0000:00:03.0 enp0s3: renamed from eth0
[    4.484815] e1000 0000:00:09.0 enp0s9: renamed from eth2
Begin: Loading essential drivers ... [    9.798530] raid6: sse2x1   gen() 66609 MB/s
[   11.796541] raid6: sse2x1   xor() 195741 MB/s
[   13.800719] raid6: sse2x2   gen() 404850 MB/s
[   14.848251] raid6: sse2x2   xor() 12197 MB/s
[   14.901799] raid6: sse2x4   gen() 18180 MB/s
[   14.966226] raid6: sse2x4   xor() 13181 MB/s
[   14.969255] raid6: using algorithm sse2x2 gen() 404850 MB/s
[   14.973038] raid6: .... xor() 12197 MB/s, rmw enabled
[   14.976650] raid6: using ssse3x2 recovery algorithm
[   14.981504] xor: measuring software checksum speed
[   15.024752]    prefetch64-sse: 17768.000 MB/sec
[   15.064811]    generic_sse: 19675.000 MB/sec
[   15.067694] xor: using function: generic_sse (19675.000 MB/sec)
[   15.073215] async_tx: api initialized (async)
done.
Begin: Running /scripts/init-premount ... done.
Begin: Mounting root file system ... Begin: Running /scripts/local-top ... done.
Begin: Running /scripts/local-premount ... [   15.119693] Btrfs loaded, crc32c=crc32c-intel
Scanning for Btrfs filesystems
done.
Warning: fsck not present, so skipping root file system
[   15.168557] EXT4-fs (sda1): mounted filesystem with ordered data mode. Opts: (null)
done.
Begin: Running /scripts/local-bottom ... done.
Begin: Running /scripts/init-bottom ... done.
[   15.335015] ip_tables: (C) 2000-2006 Netfilter Core Team
[   15.352624] systemd[1]: systemd 237 running in system mode. (+PAM +AUDIT +SELINUX +IMA +APPARMOR +SMACK +SYSVINIT +UTMP +LIBCRYPTSETUP +GCRYPT +GNUTLS +ACL +XZ +LZ4 +SECCOMP +BLKID +ELFUTILS +KMOD -IDN2 +IDN -PCRE2 default-hierarchy=hybrid)
[   15.366535] systemd[1]: Detected virtualization oracle.
[   15.370171] systemd[1]: Detected architecture x86-64.

Welcome to [1mUbuntu 18.04.6 LTS[0m!

[   15.394053] systemd[1]: Set hostname to <ubuntu>.
[   15.403915] systemd[1]: Initializing machine ID from random generator.
[   15.408409] systemd[1]: Installed transient /etc/machine-id file.
[   15.646918] systemd[1]: Started Forward Password Requests to Wall Directory Watch.
[[0;32m  OK  [0m] Started Forward Password Requests to Wall Directory Watch.
[   15.661781] systemd[1]: Created slice User and Session Slice.
[[0;32m  OK  [0m] Created slice User and Session Slice.
[   15.667233] systemd[1]: Created slice System Slice.
[[0;32m  OK  [0m] Created slice System Slice.
[   15.672156] systemd[1]: Listening on Journal Socket.
[[0;32m  OK  [0m] Listening on Journal Socket.
         Mounting Kernel Debug File System...
[[0;32m  OK  [0m] Listening on Journal Audit Socket.
[[0;32m  OK  [0m] Listening on Network Service Netlink Socket.
[[0;32m  OK  [0m] Created slice system-serial\x2dgetty.slice.
[[0;32m  OK  [0m] Listening on Journal Socket (/dev/log).
[[0;32m  OK  [0m] Reached target Slices.
         Mounting Huge Pages File System...
         Starting Set the console keyboard layout...
[[0;32m  OK  [0m] Listening on udev Control Socket.
[[0;32m  OK  [0m] Listening on /dev/initctl Compatibility Named Pipe.
         Starting Uncomplicated firewall...
[[0;32m  OK  [0m] Listening on LVM2 poll daemon socket.
         Mounting POSIX Message Queue File System...
[[0;32m  OK  [0m] Listening on fsck to fsckd communication Socket.
[[0;32m  OK  [0m] Listening on LVM2 metadata daemon socket.
[[0;32m  OK  [0m] Listening on Syslog Socket.
         Starting Journal Service...
         Starting File System Check on Root Device...
[[0;32m  OK  [0m] Reached target Swap.
[[0;32m  OK  [0m] Set up automount Arbitrary Executab…rmats File System Automount Point.
[[0;32m  OK  [0m] Listening on Device-mapper event daemon FIFOs.
         Starting Monitoring of LVM2 mirrors…ng dmeventd or progress polling...
         Starting Load Kernel Modules...
[[0;32m  OK  [0m] Listening on udev Kernel Socket.
         Starting udev Coldplug all Devices...
[[0;32m  OK  [0m] Reached target User and Group Name Lookups.
[[0;32m  OK  [0m] Reached target System Time Synchronized.
         Starting Create list of required st…ce nodes for the current kernel...
[[0;32m  OK  [0m] Mounted Kernel Debug File System.
[[0;32m  OK  [0m] Mounted Huge Pages File System.
[[0;32m  OK  [0m] Started Set the console keyboard layout.
[[0;32m  OK  [0m] Started Uncomplicated firewall.
[[0;32m  OK  [0m] Mounted POSIX Message Queue File System.
[[0;32m  OK  [0m] Started File System Check Daemon to report status.
[[0;32m  OK  [0m] Started LVM2 metadata daemon.
[[0;32m  OK  [0m] Started Journal Service.
[[0;32m  OK  [0m] Started File System Check on Root Device.[   15.851132] Loading iSCSI transport class v2.0-870.

         Starting Remount Root and Kernel File Systems...
[   15.861283] iscsi: registered transport (tcp)
[[0;32m  OK  [0m] Started Create list of required sta…vice nodes for the current kernel.
         Starting Create Static Device Nodes in /dev...
[[0;32m  OK  [0m] Started udev Coldplug all Devices.
[   15.910676] EXT4-fs (sda1): re-mounted. Opts: (null)
[[0;32m  OK  [0m] Started Remount Root and Kernel File Systems.
         Starting Load/Save Random Seed...
         Starting Flush Journal to Persistent Storage...
[[0;32m  OK  [0m] Started Monitoring of LVM2 mirrors,…sing dmeventd or progress polling.
[[0;32m  OK  [0m] Started Create Static Device Nodes in /dev.
[[0;32m  OK  [0m] Started Load/Save Random Seed.
[   15.983665] iscsi: registered transport (iser)
         Starting udev Kernel Device Manager...
[[0;32m  OK  [0m] Reached target Local File Systems (Pre).
[[0;32m  OK  [0m] Reached target Local File Systems.
         Starting Tell Plymouth To Write Out Runtime Data...
         Starting Commit a transient machine-id on disk...
         Starting ebtables ruleset management...
         Starting Set console font and keymap...
         Starting AppArmor initialization...
[[0;32m  OK  [0m] Started Load Kernel Modules.
[   16.010250] systemd-journald[388]: Received request to flush runtime journal from PID 1
         Starting Apply Kernel Variables...
         Mounting FUSE Control File System...
         Mounting Kernel Configuration File System...
[[0;32m  OK  [0m] Started Tell Plymouth To Write Out Runtime Data.
[[0;32m  OK  [0m] Mounted FUSE Control File System.
[[0;32m  OK  [0m] Mounted Kernel Configuration File System.
[[0;32m  OK  [0m] Started udev Kernel Device Manager.
[[0;32m  OK  [0m] Started Dispatch Password Requests to Console Directory Watch.
[[0;32m  OK  [0m] Reached target Local Encrypted Volumes.
[[0;32m  OK  [0m] Started Set console font and keymap.
[[0;32m  OK  [0m] Started Apply Kernel Variables.
[[0;32m  OK  [0m] Started Flush Journal to Persistent Storage.
         Starting Create Volatile Files and Directories...
[[0;32m  OK  [0m] Started Commit a transient machine-id on disk.
[[0;32m  OK  [0m] Started Create Volatile Files and Directories.
         Starting Update UTMP about System Boot/Shutdown...
[[0;32m  OK  [0m] Started ebtables ruleset management.
[[0;32m  OK  [0m] Started Update UTMP about System Boot/Shutdown.
[[0;32m  OK  [0m] Found device /dev/ttyS0.
[[0;32m  OK  [0m] Listening on Load/Save RF Kill Switch Status /dev/rfkill Watch.
[[0;32m  OK  [0m] Started AppArmor initialization.
         Starting Initial cloud-init job (pre-networking)...
         Starting Load AppArmor profiles managed internally by snapd...
[[0;32m  OK  [0m] Started Load AppArmor profiles managed internally by snapd.
[   18.238360] cloud-init[545]: Cloud-init v. 22.2-0ubuntu1~18.04.3 running 'init-local' at Tue, 01 Nov 2022 05:54:51 +0000. Up 17.95 seconds.
[[0;32m  OK  [0m] Started Initial cloud-init job (pre-networking).
[[0;32m  OK  [0m] Reached target Network (Pre).
         Starting Network Service...
[[0;32m  OK  [0m] Started Network Service.
         Starting Wait for Network to be Configured...
         Starting Network Name Resolution...
[[0;32m  OK  [0m] Started Network Name Resolution.
[[0;32m  OK  [0m] Reached target Network.
[[0;32m  OK  [0m] Reached target Host and Network Name Lookups.
[[0;32m  OK  [0m] Started Wait for Network to be Configured.
         Starting Initial cloud-init job (metadata service crawler)...
[   19.983946] cloud-init[665]: Cloud-init v. 22.2-0ubuntu1~18.04.3 running 'init' at Tue, 01 Nov 2022 05:54:53 +0000. Up 19.88 seconds.
[   19.987110] cloud-init[665]: ci-info: ++++++++++++++++++++++++++++++++++++++Net device info+++++++++++++++++++++++++++++++++++++++
[   19.990274] cloud-init[665]: ci-info: +--------+-------+----------------------------+---------------+--------+-------------------+
[   19.993333] cloud-init[665]: ci-info: | Device |   Up  |          Address           |      Mask     | Scope  |     Hw-Address    |
[   19.996316] cloud-init[665]: ci-info: +--------+-------+----------------------------+---------------+--------+-------------------+
[   19.999347] cloud-init[665]: ci-info: | enp0s3 |  True |         10.0.2.15          | 255.255.255.0 | global | 02:36:54:6b:82:69 |
[   20.002692] cloud-init[665]: ci-info: | enp0s3 |  True | fe80::36:54ff:fe6b:8269/64 |       .       |  link  | 02:36:54:6b:82:69 |
[   20.005684] cloud-init[665]: ci-info: | enp0s8 | False |             .              |       .       |   .    | 08:00:27:b6:62:31 |
[   20.008737] cloud-init[665]: ci-info: | enp0s9 | False |             .              |       .       |   .    | 08:00:27:25:91:7b |
[   20.011882] cloud-init[665]: ci-info: |   lo   |  True |         127.0.0.1          |   255.0.0.0   |  host  |         .         |
[   20.015010] cloud-init[665]: ci-info: |   lo   |  True |          ::1/128           |       .       |  host  |         .         |
[   20.018075] cloud-init[665]: ci-info: +--------+-------+----------------------------+---------------+--------+-------------------+
[   20.021006] cloud-init[665]: ci-info: ++++++++++++++++++++++++++++Route IPv4 info+++++++++++++++++++++++++++++
[   20.023569] cloud-init[665]: ci-info: +-------+-------------+----------+-----------------+-----------+-------+
[   20.026172] cloud-init[665]: ci-info: | Route | Destination | Gateway  |     Genmask     | Interface | Flags |
[   20.028808] cloud-init[665]: ci-info: +-------+-------------+----------+-----------------+-----------+-------+
[   20.031454] cloud-init[665]: ci-info: |   0   |   0.0.0.0   | 10.0.2.2 |     0.0.0.0     |   enp0s3  |   UG  |
[   20.034244] cloud-init[665]: ci-info: |   1   |   10.0.2.0  | 0.0.0.0  |  255.255.255.0  |   enp0s3  |   U   |
[   20.036835] cloud-init[665]: ci-info: |   2   |   10.0.2.2  | 0.0.0.0  | 255.255.255.255 |   enp0s3  |   UH  |
[   20.039387] cloud-init[665]: ci-info: +-------+-------------+----------+-----------------+-----------+-------+
[   20.042022] cloud-init[665]: ci-info: +++++++++++++++++++Route IPv6 info+++++++++++++++++++
[   20.044300] cloud-init[665]: ci-info: +-------+-------------+---------+-----------+-------+
[   20.046530] cloud-init[665]: ci-info: | Route | Destination | Gateway | Interface | Flags |
[   20.048692] cloud-init[665]: ci-info: +-------+-------------+---------+-----------+-------+
[   20.050829] cloud-init[665]: ci-info: |   1   |  fe80::/64  |    ::   |   enp0s3  |   U   |
[   20.053034] cloud-init[665]: ci-info: |   3   |    local    |    ::   |   enp0s3  |   U   |
[   20.055325] cloud-init[665]: ci-info: |   4   |   ff00::/8  |    ::   |   enp0s3  |   U   |
[   20.057559] cloud-init[665]: ci-info: +-------+-------------+---------+-----------+-------+
[   20.787089] cloud-init[665]: Generating public/private rsa key pair.
[   20.790698] cloud-init[665]: Your identification has been saved in /etc/ssh/ssh_host_rsa_key.
[   20.794938] cloud-init[665]: Your public key has been saved in /etc/ssh/ssh_host_rsa_key.pub.
[   20.798989] cloud-init[665]: The key fingerprint is:
[   20.802162] cloud-init[665]: SHA256:h3J+M7OGoxmD1S+/I/jtzWu7O2Jq8POjGnwiSrAQmsQ root@ubuntu-bionic
[   20.806892] cloud-init[665]: The key's randomart image is:
[   20.810174] cloud-init[665]: +---[RSA 2048]----+
[   20.813377] cloud-init[665]: |                 |
[   20.816644] cloud-init[665]: [[0;32m  OK  [0m] Started Initial cloud-init job (metadata service crawler).
[[0;32m  OK  [0m] Reached target Network is Online.
[[0;32m  OK  [0m] Reached target Remote File Systems (Pre).
[[0;32m  OK  [0m] Reached target Remote File Systems.
         Starting Availability of block devices...
[[0;32m  OK  [0m] Reached target Cloud-config availability.
[[0;32m  OK  [0m] Reached target System Initialization.
[[0;32m  OK  [0m] Started Message of the Day.
[[0;32m  OK  [0m] Started Ubuntu Advantage Timer for running repeated jobs.
[[0;32m  OK  [0m] Listening on Open-iSCSI iscsid Socket.
[[0;32m  OK  [0m] Started Daily Cleanup of Temporary Directories.
[[0;32m  OK  [0m] Listening on ACPID Listen Socket.
[[0;32m  OK  [0m] Started Discard unused blocks once a week.
         Starting Socket activation for snappy daemon.
         Starting LXD - unix socket.
[[0;32m  OK  [0m] Started ACPI Events Check.
[[0;32m  OK  [0m] Reached target Paths.
[[0;32m  OK  [0m] Listening on D-Bus System Message Bus Socket.
[[0;32m  OK  [0m] Listening on cloud-init hotplug hook socket.
[[0;32m  OK  [0m] Listening on UUID daemon activation socket.
[[0;32m  OK  [0m] Started Daily apt download activities.
[[0;32m  OK  [0m] Started Daily apt upgrade and clean activities.
[[0;32m  OK  [0m] Reached target Timers.
[[0;32m  OK  [0m] Listening on LXD - unix socket.
[[0;32m  OK  [0m] Listening on Socket activation for snappy daemon.
[[0;32m  OK  [0m] Reached target Sockets.
[[0;32m  OK  [0m] Reached target Basic System.
[[0;32m  OK  [0m] Started irqbalance daemon.
         Starting Pollinate to seed the pseudo random number generator...
         Starting LSB: Record successful boot for GRUB...
[[0;32m  OK  [0m] Started D-Bus System Message Bus.
|.                |
[   20.857454] cloud-init[665]: |.E               |
[   20.861465] cloud-init[665]: |oo     . .       |
[   20.864745] cloud-init[665]: |=     o S .      |
[   20.867925] cloud-init[665]: |.o   +.+ o       |
[   20.871309] cloud-init[665]: |. . o *++.*      |
[   20.874470] cloud-init[665]: | . . ..BB=*Bo    |
[   20.878271] cloud-init[665]: |  .   +=+@B*B*   |
[   20.882692] cloud-init[665]: +----[SHA256]-----+
[   20.885889] cloud-init[665]: Generating public/private dsa key pair.
[   20.889542] cloud-init[665]: Your identification has been saved in /etc/ssh/ssh_host_dsa_key.
[   20.893566] cloud-init[665]: Your public key has been saved in /etc/ssh/ssh_host_dsa_key.pub.
[   20.897566] cloud-init[665]: The key fingerprint is:
[   20.903146] cloud-init[665]: SHA256:M6DB+5zFoWulJcVQanoyuK1GR4ZcPNl5A6E6q1Heq5s root@ubuntu-bionic
[[0;32m  OK  [0m] Started Regular background program processing daemon.
         Starting Dispatcher daemon for systemd-networkd...
[[0;32m  OK  [0m] Started FUSE filesystem for LXC.
[   20.914443]          Starting Login Service...
         Starting Permit User Sessions...
cloud-init[665]:          Starting LXD - container startup/shutdown...
         Starting Accounts Service...
         Starting System Logging Service...
[[0;32m  OK  [0m] Started Deferred execution scheduler.
         Starting LSB: automatic crash report generation...
         Starting Virtualbox guest utils...
The key's randomart image is:
[   20.944166] cloud-init[665]: +---[DSA 1024]----+
[   20.947453] cloud-init[665]: |   . o+=.        |
[   20.950652] cloud-init[665]: |   .=.o+o        |
[   20.954010] cloud-init[665]: | . o+.+.+.       |
[   20.957330] cloud-init[665]: |  ooo* = .       |
[   20.960378] cloud-init[665]: |  =o* + S        |
[   20.973565] cloud-init[665]: | o.*.* O o       |
[   20.982212] cloud-init[665]: |..+.o B          |
[   20.983740] cloud-init[665]: | o.o o           |
[   20.985233] cloud-init[665]: |..Eo.            |
[   20.987110] cloud-init[665]: +----[SHA256]-----+
[   20.988488] cloud-init[665]: Generating public/private ecdsa key pair.
[   20.990624] cloud-init[665]: Your identification has been saved in /etc/ssh/ssh_host_ecdsa_key.
[   20.993930] cloud-init[665]: Your public key has been saved in /etc/ssh/ssh_host_ecdsa_key.pub.
[   20.996258] cloud-init[665]: The key fingerprint is:
[   20.997711] cloud-init[665]: SHA256:TdUEnVkj9lqHAGcg2wer6DNnWeMzX/NjGDK6RKyMrFE root@ubuntu-bionic
[   21.000308] cloud-init[665]: The key's randomart image is:
[   21.001850] cloud-init[665]: +---[ECDSA 256]---+
[   21.003207] cloud-init[665]: |        . +o*B.=.|
[   21.004651] cloud-init[665]: |         + *..B..|
[   21.005931] cloud-init[665]: |        . + . .o.|
[   21.007242] cloud-init[665]: |       ..+ .  o .|
[   21.008741] cloud-init[665]: |     E. So+  .   |
[   21.010020] cloud-init[665]: |    o.o o+ + .   |
[   21.011309] cloud-init[665]: |   . o+o+.= o =  |
[   21.012688] cloud-init[665]: |    o  =.. + o = |
[   21.013996] cloud-init[665]: |   .     .. . . o|
[   21.015294] cloud-init[665]: +----[SHA256]-----+
[   21.016646] cloud-init[665]: Generating public/private ed25519 key pair.
[   21.018628] cloud-init[665]: Your identification has been saved in /etc/ssh/ssh_host_ed25519_key.
         Starting Snap Daemon...
[   21.026120] cloud-init[665]: Your public key has been saved in /etc/ssh/ssh_host_ed25519_key.pub.
[[0;32m  OK  [0m] Started Availability of block devices.
[   21.035014] [[0;32m  OK  [0m] Started Permit User Sessions.
cloud-init[665]:          Starting Terminate Plymouth Boot Screen...
         Starting Hold until boot process finishes up...
The key fingerprint is:
[   21.043248] cloud-init[665]: SHA256:K/gR/0XUZ4fOcIvhbGNsLDF8SBWMNzU2Pk+x733m+l0 root@ubuntu-bionic[[0;32m  OK  [0m] Started Hold until boot process finishes up.
[[0;32m  OK  [0m] Started Serial Getty on ttyS0.
         Starting Set console scheme...
[[0;32m  OK  [0m] Started Terminate Plymouth Boot Screen.

[   21.056484] cloud-init[665]: The key's randomart image is:
[   21.061016] cloud-init[665]: +--[ED25519 256]--+
[   21.066783] cloud-init[665]: |          .+oo=. |
[   21.072513] cloud-init[665]: |         o..++ +o|
[   21.077322] cloud-init[665]: |          =.=.*.=|
[   21.080688] cloud-init[665]: |           X B Bo|
[   21.085168] cloud-init[665]: |      . S . % + o|
[   21.088602] cloud-init[665]: |     . o . * . ..|
[   21.092039] cloud-init[665]: |    . o o   .   E|
[   21.096326] cloud-init[665]: |     . o . .   o+|
[   21.101727] cloud-init[665]: |      .   .   .o+|
[   21.105463] cloud-init[665]: +----[SHA256]-----+
[[0;32m  OK  [0m] Started Login Service.
[[0;32m  OK  [0m] Started Unattended Upgrades Shutdown.
[[0;32m  OK  [0m] Started Set console scheme.
[[0;32m  OK  [0m] Created slice system-getty.slice.
[[0;32m  OK  [0m] Started Getty on tty1.
[[0;32m  OK  [0m] Reached target Login Prompts.
[[0;32m  OK  [0m] Started LSB: Record successful boot for GRUB.
[[0;32m  OK  [0m] Started System Logging Service.
[[0;32m  OK  [0m] Started LSB: automatic crash report generation.
         Starting Authorization Manager...
[[0;32m  OK  [0m] Started Virtualbox guest utils.
[[0;32m  OK  [0m] Started Authorization Manager.
[[0;32m  OK  [0m] Started Accounts Service.
[[0;32m  OK  [0m] Started LXD - container startup/shutdown.
[[0;32m  OK  [0m] Started Dispatcher daemon for systemd-networkd.
[[0;32m  OK  [0m] Started Snap Daemon.
         Starting Wait until snapd is fully seeded...
         Starting Time & Date Service...
[[0;32m  OK  [0m] Started Time & Date Service.
[[0;32m  OK  [0m] Started Pollinate to seed the pseudo random number generator.
         Starting OpenBSD Secure Shell server...
[[0;32m  OK  [0m] Started OpenBSD Secure Shell server.
[[0;32m  OK  [0m] Started Wait until snapd is fully seeded.
         Starting Apply the settings specified in cloud-config...
[   25.031036] cloud-init[1166]: Cloud-init v. 22.2-0ubuntu1~18.04.3 running 'modules:config' at Tue, 01 Nov 2022 05:54:58 +0000. Up 24.60 seconds.
[[0;32m  OK  [0m] Started Apply the settings specified in cloud-config.
[[0;32m  OK  [0m] Reached target Multi-User System.
[[0;32m  OK  [0m] Reached target Graphical Interface.
         Starting Update UTMP about System Runlevel Changes...
         Starting Execute cloud user/final scripts...
[[0;32m  OK  [0m] Started Update UTMP about System Runlevel Changes.
ci-info: no authorized SSH keys fingerprints found for user ubuntu.
<14>Nov  1 05:54:59 cloud-init: #############################################################
<14>Nov  1 05:54:59 cloud-init: -----BEGIN SSH HOST KEY FINGERPRINTS-----
<14>Nov  1 05:54:59 cloud-init: 1024 SHA256:M6DB+5zFoWulJcVQanoyuK1GR4ZcPNl5A6E6q1Heq5s root@ubuntu-bionic (DSA)
<14>Nov  1 05:54:59 cloud-init: 256 SHA256:TdUEnVkj9lqHAGcg2wer6DNnWeMzX/NjGDK6RKyMrFE root@ubuntu-bionic (ECDSA)
<14>Nov  1 05:54:59 cloud-init: 256 SHA256:K/gR/0XUZ4fOcIvhbGNsLDF8SBWMNzU2Pk+x733m+l0 root@ubuntu-bionic (ED25519)
<14>Nov  1 05:54:59 cloud-init: 2048 SHA256:h3J+M7OGoxmD1S+/I/jtzWu7O2Jq8POjGnwiSrAQmsQ root@ubuntu-bionic (RSA)
<14>Nov  1 05:54:59 cloud-init: -----END SSH HOST KEY FINGERPRINTS-----
<14>Nov  1 05:54:59 cloud-init: #############################################################
-----BEGIN SSH HOST KEY KEYS-----
ecdsa-sha2-nistp256 AAAAE2VjZHNhLXNoYTItbmlzdHAyNTYAAAAIbmlzdHAyNTYAAABBBKpOsr0FvnAuBcFjxGnMlUNdrNJR4JQH9nJrPwFEhukCnHVlVAS/nGT3R3XAX/KgYam96Tl7KDydsayPWhXenpw= root@ubuntu-bionic
ssh-ed25519 AAAAC3NzaC1lZDI1NTE5AAAAIJUaUKQpJws8+1uaDfXqAPeYBctMGRtRnxtkF97bIAtC root@ubuntu-bionic
ssh-rsa AAAAB3NzaC1yc2EAAAADAQABAAABAQCoxMbPtIK3I5kMt+xGxtdYiAv+Q4AcI8ETUC96oVp3L0Pyo7/SGK7tbYX7oWYhyCqhUZNJpejhmDvcIm1tVEgT+1TIXRztxqU9rt/0sdn58CHms8lFj501AJwNbbViNpoZsZDnTvWGFsfNzj46aZ72nXgwg4pvpvsLI8OIQngRL52o2a6lUj2h+G2DjKeKI+pBtiQt3bXZwzIdF0vOXAgfQTna9M874UFW59xcovtsaZFH8quxG2GLESZjbr/sSVop1lxn6jKXR6LlBKc2mkW1+ZIWVFvc+ZY0WNm4m5EF+ue8DyNPcVTaK49fEAjZx8qnygiBRfE0y2gYGGNPxbHF root@ubuntu-bionic
-----END SSH HOST KEY KEYS-----
[   25.476777] cloud-init[1221]: Cloud-init v. 22.2-0ubuntu1~18.04.3 running 'modules:final' at Tue, 01 Nov 2022 05:54:59 +0000. Up 25.32 seconds.
[   25.482038] cloud-init[1221]: Cloud-init v. 22.2-0ubuntu1~18.04.3 finished at Tue, 01 Nov 2022 05:54:59 +0000. Datasource DataSourceNoCloud [seed=/dev/sdb][dsmode=net].  Up 25.47 seconds
[[0;32m  OK  [0m] Started Execute cloud user/final scripts.
[[0;32m  OK  [0m] Reached target Cloud-init target.

Ubuntu 18.04.6 LTS ubuntu-bionic ttyS0

ubuntu-bionic login: 