[    0.000000] Linux version 4.15.0-192-generic (buildd@lcy02-amd64-029) (gcc version 7.5.0 (Ubuntu 7.5.0-3ubuntu1~18.04)) #203-Ubuntu SMP Wed Aug 10 17:40:03 UTC 2022 (Ubuntu 4.15.0-192.203-generic 4.15.18)
[    0.000000] Command line: BOOT_IMAGE=/boot/vmlinuz-4.15.0-192-generic root=LABEL=cloudimg-rootfs ro console=tty1 console=ttyS0
[    0.000000] KERNEL supported cpus:
[    0.000000]   Intel GenuineIntel
[    0.000000]   AMD AuthenticAMD
[    0.000000]   Centaur CentaurHauls
[    0.000000] [Firmware Bug]: TSC doesn't count with P0 frequency!
[    0.000000] x86/fpu: x87 FPU will use FXSAVE
[    0.000000] e820: BIOS-provided physical RAM map:
[    0.000000] BIOS-e820: [mem 0x0000000000000000-0x000000000009fbff] usable
[    0.000000] BIOS-e820: [mem 0x000000000009fc00-0x000000000009ffff] reserved
[    0.000000] BIOS-e820: [mem 0x00000000000f0000-0x00000000000fffff] reserved
[    0.000000] BIOS-e820: [mem 0x0000000000100000-0x000000007ffeffff] usable
[    0.000000] BIOS-e820: [mem 0x000000007fff0000-0x000000007fffffff] ACPI data
[    0.000000] BIOS-e820: [mem 0x00000000fec00000-0x00000000fec00fff] reserved
[    0.000000] BIOS-e820: [mem 0x00000000fee00000-0x00000000fee00fff] reserved
[    0.000000] BIOS-e820: [mem 0x00000000fffc0000-0x00000000ffffffff] reserved
[    0.000000] NX (Execute Disable) protection: active
[    0.000000] SMBIOS 2.5 present.
[    0.000000] DMI: innotek GmbH VirtualBox/VirtualBox, BIOS VirtualBox 12/01/2006
[    0.000000] Hypervisor detected: KVM
[    0.000000] e820: last_pfn = 0x7fff0 max_arch_pfn = 0x400000000
[    0.000000] MTRR: Disabled
[    0.000000] x86/PAT: MTRRs disabled, skipping PAT initialization too.
[    0.000000] CPU MTRRs all blank - virtualized system.
[    0.000000] x86/PAT: Configuration [0-7]: WB  WT  UC- UC  WB  WT  UC- UC  
[    0.000000] found SMP MP-table at [mem 0x0009fff0-0x0009ffff]
[    0.000000] Scanning 1 areas for low memory corruption
[    0.000000] RAMDISK: [mem 0x359cb000-0x36cdcfff]
[    0.000000] ACPI: Early table checksum verification disabled
[    0.000000] ACPI: RSDP 0x00000000000E0000 000024 (v02 VBOX  )
[    0.000000] ACPI: XSDT 0x000000007FFF0030 00003C (v01 VBOX   VBOXXSDT 00000001 ASL  00000061)
[    0.000000] ACPI: FACP 0x000000007FFF00F0 0000F4 (v04 VBOX   VBOXFACP 00000001 ASL  00000061)
[    0.000000] ACPI: DSDT 0x000000007FFF0470 002325 (v02 VBOX   VBOXBIOS 00000002 INTL 20100528)
[    0.000000] ACPI: FACS 0x000000007FFF0200 000040
[    0.000000] ACPI: FACS 0x000000007FFF0200 000040
[    0.000000] ACPI: APIC 0x000000007FFF0240 00005C (v02 VBOX   VBOXAPIC 00000001 ASL  00000061)
[    0.000000] ACPI: SSDT 0x000000007FFF02A0 0001CC (v01 VBOX   VBOXCPUT 00000002 INTL 20100528)
[    0.000000] ACPI: Reserving FACP table memory at [mem 0x7fff00f0-0x7fff01e3]
[    0.000000] ACPI: Reserving DSDT table memory at [mem 0x7fff0470-0x7fff2794]
[    0.000000] ACPI: Reserving FACS table memory at [mem 0x7fff0200-0x7fff023f]
[    0.000000] ACPI: Reserving FACS table memory at [mem 0x7fff0200-0x7fff023f]
[    0.000000] ACPI: Reserving APIC table memory at [mem 0x7fff0240-0x7fff029b]
[    0.000000] ACPI: Reserving SSDT table memory at [mem 0x7fff02a0-0x7fff046b]
[    0.000000] No NUMA configuration found
[    0.000000] Faking a node at [mem 0x0000000000000000-0x000000007ffeffff]
[    0.000000] NODE_DATA(0) allocated [mem 0x7ffc5000-0x7ffeffff]
[    0.000000] kvm-clock: cpu 0, msr 0:7ff44001, primary cpu clock
[    0.000000] kvm-clock: Using msrs 4b564d01 and 4b564d00
[    0.000000] kvm-clock: using sched offset of 3689423508 cycles
[    0.000000] clocksource: kvm-clock: mask: 0xffffffffffffffff max_cycles: 0x1cd42e4dffb, max_idle_ns: 881590591483 ns
[    0.000000] Zone ranges:
[    0.000000]   DMA      [mem 0x0000000000001000-0x0000000000ffffff]
[    0.000000]   DMA32    [mem 0x0000000001000000-0x000000007ffeffff]
[    0.000000]   Normal   empty
[    0.000000]   Device   empty
[    0.000000] Movable zone start for each node
[    0.000000] Early memory node ranges
[    0.000000]   node   0: [mem 0x0000000000001000-0x000000000009efff]
[    0.000000]   node   0: [mem 0x0000000000100000-0x000000007ffeffff]
[    0.000000] Reserved but unavailable: 104 pages
[    0.000000] Initmem setup node 0 [mem 0x0000000000001000-0x000000007ffeffff]
[    0.000000] ACPI: PM-Timer IO Port: 0x4008
[    0.000000] IOAPIC[0]: apic_id 2, version 32, address 0xfec00000, GSI 0-23
[    0.000000] ACPI: INT_SRC_OVR (bus 0 bus_irq 0 global_irq 2 dfl dfl)
[    0.000000] ACPI: INT_SRC_OVR (bus 0 bus_irq 9 global_irq 9 low level)
[    0.000000] Using ACPI (MADT) for SMP configuration information
[    0.000000] smpboot: Allowing 2 CPUs, 0 hotplug CPUs
[    0.000000] PM: Registered nosave memory: [mem 0x00000000-0x00000fff]
[    0.000000] PM: Registered nosave memory: [mem 0x0009f000-0x0009ffff]
[    0.000000] PM: Registered nosave memory: [mem 0x000a0000-0x000effff]
[    0.000000] PM: Registered nosave memory: [mem 0x000f0000-0x000fffff]
[    0.000000] e820: [mem 0x80000000-0xfebfffff] available for PCI devices
[    0.000000] Booting paravirtualized kernel on KVM
[    0.000000] clocksource: refined-jiffies: mask: 0xffffffff max_cycles: 0xffffffff, max_idle_ns: 7645519600211568 ns
[    0.000000] random: get_random_bytes called from start_kernel+0x99/0x500 with crng_init=0
[    0.000000] setup_percpu: NR_CPUS:8192 nr_cpumask_bits:2 nr_cpu_ids:2 nr_node_ids:1
[    0.000000] percpu: Embedded 50 pages/cpu s167936 r8192 d28672 u1048576
[    0.000000] PV qspinlock hash table entries: 256 (order: 0, 4096 bytes)
[    0.000000] Built 1 zonelists, mobility grouping on.  Total pages: 515961
[    0.000000] Policy zone: DMA32
[    0.000000] Kernel command line: BOOT_IMAGE=/boot/vmlinuz-4.15.0-192-generic root=LABEL=cloudimg-rootfs ro console=tty1 console=ttyS0
[    0.000000] Memory: 2014840K/2096696K available (12300K kernel code, 2484K rwdata, 4324K rodata, 2468K init, 2724K bss, 81856K reserved, 0K cma-reserved)
[    0.000000] SLUB: HWalign=64, Order=0-3, MinObjects=0, CPUs=2, Nodes=1
[    0.000000] ftrace: allocating 39482 entries in 155 pages
[    0.004000] Hierarchical RCU implementation.
[    0.004000] 	RCU restricting CPUs from NR_CPUS=8192 to nr_cpu_ids=2.
[    0.004000] 	Tasks RCU enabled.
[    0.004000] RCU: Adjusting geometry for rcu_fanout_leaf=16, nr_cpu_ids=2
[    0.004000] NR_IRQS: 524544, nr_irqs: 440, preallocated irqs: 16
[    0.004000] Console: colour VGA+ 80x25
[    0.004000] console [tty1] enabled
[    0.004000] console [ttyS0] enabled
[    0.004000] ACPI: Core revision 20170831
[    0.004000] ACPI: 2 ACPI AML tables successfully acquired and loaded
[    0.004000] APIC: Switch to symmetric I/O mode setup
[    0.004000] ..TIMER: vector=0x30 apic1=0 pin1=2 apic2=-1 pin2=-1
[    0.004004] tsc: Detected 3593.250 MHz processor
[    0.008007] Calibrating delay loop (skipped) preset value.. 7186.50 BogoMIPS (lpj=14373000)
[    0.012003] pid_max: default: 32768 minimum: 301
[    0.016060] Security Framework initialized
[    0.020003] Yama: becoming mindful.
[    0.022537] AppArmor: AppArmor initialized
[    0.032525] Dentry cache hash table entries: 262144 (order: 9, 2097152 bytes)
[    0.041025] Inode-cache hash table entries: 131072 (order: 8, 1048576 bytes)
[    0.044120] Mount-cache hash table entries: 4096 (order: 3, 32768 bytes)
[    0.048105] Mountpoint-cache hash table entries: 4096 (order: 3, 32768 bytes)
[    0.056768] Last level iTLB entries: 4KB 1024, 2MB 1024, 4MB 512
[    0.060002] Last level dTLB entries: 4KB 2048, 2MB 2048, 4MB 1024, 1GB 0
[    0.064003] Spectre V1 : Mitigation: usercopy/swapgs barriers and __user pointer sanitization
[    0.068002] Spectre V2 : Mitigation: Retpolines
[    0.072002] Spectre V2 : Spectre v2 / SpectreRSB mitigation: Filling RSB on context switch
[    0.076136] Freeing SMP alternatives memory: 36K
[    0.192791] smpboot: CPU0: AMD Ryzen 7 3700X 8-Core Processor (family: 0x17, model: 0x71, stepping: 0x0)
[    0.196410] Performance Events: PMU not available due to virtualization, using software events only.
[    0.200098] Hierarchical SRCU implementation.
[    0.204695] NMI watchdog: Perf event create on CPU 0 failed with -2
[    0.208002] NMI watchdog: Perf NMI watchdog permanently disabled
[    0.212301] smp: Bringing up secondary CPUs ...
[    0.216837] x86: Booting SMP configuration:
[    0.220004] .... node  #0, CPUs:      #1
[    0.004000] kvm-clock: cpu 1, msr 0:7ff44041, secondary cpu clock
[    0.230671] TSC synchronization [CPU#0 -> CPU#1]:
[    0.232000] Measured 82440 cycles TSC warp between CPUs, turning off TSC clock.
[    0.232000] tsc: Marking TSC unstable due to check_tsc_sync_source failed
[    0.236005] smp: Brought up 1 node, 2 CPUs
[    0.239073] smpboot: Max logical packages: 1
[    0.240005] smpboot: Total of 2 processors activated (14373.00 BogoMIPS)
[    0.248064] devtmpfs: initialized
[    0.248297] x86/mm: Memory block size: 128MB
[    0.256142] evm: security.selinux
[    0.258666] evm: security.SMACK64
[    0.260002] evm: security.SMACK64EXEC
[    0.264002] evm: security.SMACK64TRANSMUTE
[    0.268002] evm: security.SMACK64MMAP
[    0.272002] evm: security.apparmor
[    0.276002] evm: security.ima
[    0.280002] evm: security.capability
[    0.284237] clocksource: jiffies: mask: 0xffffffff max_cycles: 0xffffffff, max_idle_ns: 7645041785100000 ns
[    0.292007] futex hash table entries: 512 (order: 3, 32768 bytes)
[    0.296318] pinctrl core: initialized pinctrl subsystem
[    0.300321] RTC time:  9:30:23, date: 09/27/22
[    0.305047] NET: Registered protocol family 16
[    0.308114] audit: initializing netlink subsys (disabled)
[    0.312272] audit: type=2000 audit(1664271028.838:1): state=initialized audit_enabled=0 res=1
[    0.316177] cpuidle: using governor ladder
[    0.320153] cpuidle: using governor menu
[    0.325389] ACPI: bus type PCI registered
[    0.328003] acpiphp: ACPI Hot Plug PCI Controller Driver version: 0.5
[    0.332454] PCI: Using configuration type 1 for base access
[    0.336006] PCI: Using configuration type 1 for extended access
[    0.344416] HugeTLB registered 2.00 MiB page size, pre-allocated 0 pages
[    0.352385] ACPI: Added _OSI(Module Device)
[    0.356018] ACPI: Added _OSI(Processor Device)
[    0.360010] ACPI: Added _OSI(3.0 _SCP Extensions)
[    0.364007] ACPI: Added _OSI(Processor Aggregator Device)
[    0.368008] ACPI: Added _OSI(Linux-Dell-Video)
[    0.372004] ACPI: Added _OSI(Linux-Lenovo-NV-HDMI-Audio)
[    0.376004] ACPI: Added _OSI(Linux-HPI-Hybrid-Graphics)
[    0.380735] ACPI: Executed 1 blocks of module-level executable AML code
[    0.390349] ACPI: Interpreter enabled
[    0.392029] ACPI: (supports S0 S5)
[    0.396008] ACPI: Using IOAPIC for interrupt routing
[    0.400389] PCI: Using host bridge windows from ACPI; if necessary, use "pci=nocrs" and report a bug
[    0.408229] ACPI: Enabled 2 GPEs in block 00 to 07
[    0.420614] ACPI: PCI Root Bridge [PCI0] (domain 0000 [bus 00-ff])
[    0.424007] acpi PNP0A03:00: _OSC: OS supports [ExtendedConfig ASPM ClockPM Segments MSI]
[    0.432152] acpi PNP0A03:00: _OSC: platform does not support [PCIeCapability]
[    0.436676] acpi PNP0A03:00: _OSC: not requesting control; platform does not support [PCIeCapability]
[    0.444004] acpi PNP0A03:00: _OSC: OS requested [PCIeHotplug PME AER PCIeCapability]
[    0.448004] acpi PNP0A03:00: _OSC: platform willing to grant [PCIeHotplug PME AER]
[    0.452005] acpi PNP0A03:00: _OSC failed (AE_SUPPORT); disabling ASPM
[    0.460475] PCI host bridge to bus 0000:00
[    0.463463] pci_bus 0000:00: root bus resource [io  0x0000-0x0cf7 window]
[    0.468005] pci_bus 0000:00: root bus resource [io  0x0d00-0xffff window]
[    0.472003] pci_bus 0000:00: root bus resource [mem 0x000a0000-0x000bffff window]
[    0.476005] pci_bus 0000:00: root bus resource [mem 0x80000000-0xfdffffff window]
[    0.484007] pci_bus 0000:00: root bus resource [bus 00-ff]
[    0.493659] pci 0000:00:01.1: legacy IDE quirk: reg 0x10: [io  0x01f0-0x01f7]
[    0.496004] pci 0000:00:01.1: legacy IDE quirk: reg 0x14: [io  0x03f6]
[    0.500004] pci 0000:00:01.1: legacy IDE quirk: reg 0x18: [io  0x0170-0x0177]
[    0.508003] pci 0000:00:01.1: legacy IDE quirk: reg 0x1c: [io  0x0376]
[    0.528187] pci 0000:00:07.0: quirk: [io  0x4000-0x403f] claimed by PIIX4 ACPI
[    0.532032] pci 0000:00:07.0: quirk: [io  0x4100-0x410f] claimed by PIIX4 SMB
[    0.543888] ACPI: PCI Interrupt Link [LNKA] (IRQs 5 9 10 *11)
[    0.548483] ACPI: PCI Interrupt Link [LNKB] (IRQs 5 9 *10 11)
[    0.552179] ACPI: PCI Interrupt Link [LNKC] (IRQs 5 *9 10 11)
[    0.556193] ACPI: PCI Interrupt Link [LNKD] (IRQs 5 9 10 *11)
[    0.560618] SCSI subsystem initialized
[    0.564167] pci 0000:00:02.0: vgaarb: setting as boot VGA device
[    0.568000] pci 0000:00:02.0: vgaarb: VGA device added: decodes=io+mem,owns=io+mem,locks=none
[    0.576004] pci 0000:00:02.0: vgaarb: bridge control possible
[    0.580002] vgaarb: loaded
[    0.582168] ACPI: bus type USB registered
[    0.584031] usbcore: registered new interface driver usbfs
[    0.588011] usbcore: registered new interface driver hub
[    0.592018] usbcore: registered new device driver usb
[    0.596155] EDAC MC: Ver: 3.0.0
[    0.600371] PCI: Using ACPI for IRQ routing
[    0.604080] NetLabel: Initializing
[    0.606385] NetLabel:  domain hash size = 128
[    0.608002] NetLabel:  protocols = UNLABELED CIPSOv4 CALIPSO
[    0.612083] NetLabel:  unlabeled traffic allowed by default
[    0.616140] clocksource: Switched to clocksource kvm-clock
[    0.650248] VFS: Disk quotas dquot_6.6.0
[    0.660081] VFS: Dquot-cache hash table entries: 512 (order 0, 4096 bytes)
[    0.665262] AppArmor: AppArmor Filesystem Enabled
[    0.668774] pnp: PnP ACPI init
[    0.672880] pnp: PnP ACPI: found 3 devices
[    0.705109] clocksource: acpi_pm: mask: 0xffffff max_cycles: 0xffffff, max_idle_ns: 2085701024 ns
[    0.711135] NET: Registered protocol family 2
[    0.715229] IP idents hash table entries: 32768 (order: 6, 262144 bytes)
[    0.720556] TCP established hash table entries: 16384 (order: 5, 131072 bytes)
[    0.725988] TCP bind hash table entries: 16384 (order: 6, 262144 bytes)
[    0.731395] TCP: Hash tables configured (established 16384 bind 16384)
[    0.736412] UDP hash table entries: 1024 (order: 3, 32768 bytes)
[    0.741013] UDP-Lite hash table entries: 1024 (order: 3, 32768 bytes)
[    0.745579] NET: Registered protocol family 1
[    0.748769] pci 0000:00:00.0: Limiting direct PCI/PCI transfers
[    0.752944] pci 0000:00:01.0: Activating ISA DMA hang workarounds
[    0.757277] pci 0000:00:02.0: Video device with shadowed ROM at [mem 0x000c0000-0x000dffff]
[    0.763242] Unpacking initramfs...
[    0.854492] Freeing initrd memory: 19528K
[    1.160334] clocksource: tsc: mask: 0xffffffffffffffff max_cycles: 0x33cb6addeae, max_idle_ns: 440795225061 ns
[    1.167559] platform rtc_cmos: registered platform RTC device (no PNP device found)
[    1.173138] Scanning for low memory corruption every 60 seconds
[    1.178955] Initialise system trusted keyrings
[    1.182428] Key type blacklist registered
[    1.186046] workingset: timestamp_bits=36 max_order=19 bucket_order=0
[    1.192580] zbud: loaded
[    1.195981] squashfs: version 4.0 (2009/01/31) Phillip Lougher
[    1.201239] fuse init (API version 7.26)
[    1.226218] Key type asymmetric registered
[    1.229102] Asymmetric key parser 'x509' registered
[    1.232440] Block layer SCSI generic (bsg) driver version 0.4 loaded (major 246)
[    1.237700] io scheduler noop registered
[    1.240565] io scheduler deadline registered
[    1.243397] io scheduler cfq registered (default)
[    1.247247] ACPI: AC Adapter [AC] (on-line)
[    1.250197] input: Power Button as /devices/LNXSYSTM:00/LNXPWRBN:00/input/input0
[    1.255179] ACPI: Power Button [PWRF]
[    1.257914] input: Sleep Button as /devices/LNXSYSTM:00/LNXSLPBN:00/input/input1
[    1.262889] ACPI: Sleep Button [SLPF]
[    1.266681] Serial: 8250/16550 driver, 32 ports, IRQ sharing enabled
[    1.298417] 00:02: ttyS0 at I/O 0x3f8 (irq = 4, base_baud = 115200) is a 16550A
[    1.316194] Linux agpgart interface v0.103
[    1.326218] loop: module loaded
[    1.330953] scsi host0: ata_piix
[    1.333799] scsi host1: ata_piix
[    1.336021] ata1: PATA max UDMA/33 cmd 0x1f0 ctl 0x3f6 bmdma 0xd000 irq 14
[    1.340705] ata2: PATA max UDMA/33 cmd 0x170 ctl 0x376 bmdma 0xd008 irq 15
[    1.345328] tun: Universal TUN/TAP device driver, 1.6
[    1.349275] PPP generic driver version 2.4.2
[    1.352405] ehci_hcd: USB 2.0 'Enhanced' Host Controller (EHCI) Driver
[    1.356335] ehci-pci: EHCI PCI platform driver
[    1.359728] ehci-platform: EHCI generic platform driver
[    1.363331] ohci_hcd: USB 1.1 'Open' Host Controller (OHCI) Driver
[    1.367434] ohci-pci: OHCI PCI platform driver
[    1.370369] ohci-platform: OHCI generic platform driver
[    1.373955] uhci_hcd: USB Universal Host Controller Interface driver
[    1.378220] i8042: PNP: PS/2 Controller [PNP0303:PS2K,PNP0f03:PS2M] at 0x60,0x64 irq 1,12
[    1.385851] serio: i8042 KBD port at 0x60,0x64 irq 1
[    1.389266] serio: i8042 AUX port at 0x60,0x64 irq 12
[    1.392926] mousedev: PS/2 mouse device common for all mice
[    1.398781] rtc_cmos rtc_cmos: rtc core: registered rtc_cmos as rtc0
[    1.403673] input: AT Translated Set 2 keyboard as /devices/platform/i8042/serio0/input/input2
[    1.404753] rtc_cmos rtc_cmos: alarms up to one day, 114 bytes nvram
[    1.414078] i2c /dev entries driver
[    1.417098] device-mapper: uevent: version 1.0.3
[    1.420886] device-mapper: ioctl: 4.37.0-ioctl (2017-09-20) initialised: dm-devel@redhat.com
[    1.426791] ledtrig-cpu: registered to indicate activity on CPUs
[    1.432677] NET: Registered protocol family 10
[    1.441915] Segment Routing with IPv6
[    1.444775] NET: Registered protocol family 17
[    1.448321] Key type dns_resolver registered
[    1.451680] mce: Using 0 MCE banks
[    1.454182] RAS: Correctable Errors collector initialized.
[    1.458012] sched_clock: Marking stable (1457971566, 0)->(1981868621, -523897055)
[    1.465452] registered taskstats version 1
[    1.468325] Loading compiled-in X.509 certificates
[    1.474765] Loaded X.509 cert 'Build time autogenerated kernel key: af04d57e94487e4500da7630f19b69a59e91d95a'
[    1.481868] Loaded X.509 cert 'Canonical Ltd. Live Patch Signing: 14df34d1a87cf37625abec039ef2bf521249b969'
[    1.488508] Loaded X.509 cert 'Canonical Ltd. Kernel Module Signing: 88f752e560a1e0737e31163a466ad7b70a850c19'
[    1.494941] blacklist: Loading compiled-in revocation X.509 certificates
[    1.499352] Loaded X.509 cert 'Canonical Ltd. Secure Boot Signing: 61482aa2830d0ab2ad5af10b7250da9033ddcef0'
[    1.505824] zswap: loaded using pool lzo/zbud
[    1.561656] Key type big_key registered
[    1.564548] Key type trusted registered
[    1.569823] Key type encrypted registered
[    1.572450] AppArmor: AppArmor sha1 policy hashing enabled
[    1.576116] ima: No TPM chip found, activating TPM-bypass! (rc=-19)
[    1.580107] ima: Allocated hash algorithm: sha1
[    1.583287] evm: HMAC attrs: 0x1
[    1.586061]   Magic number: 6:479:526
[    1.589056] rtc_cmos rtc_cmos: setting system clock to 2022-09-27 09:30:24 UTC (1664271024)
[    1.594844] BIOS EDD facility v0.16 2004-Jun-25, 0 devices found
[    1.599091] EDD information not available.
[    1.604928] Freeing unused kernel image memory: 2468K
[    1.624565] Write protecting the kernel read-only data: 20480k
[    1.629573] Freeing unused kernel image memory: 2008K
[    1.633494] Freeing unused kernel image memory: 1820K
[    1.642689] x86/mm: Checked W+X mappings: passed, no W+X pages found.
Loading, please wait...
starting version 237
[    1.704806] e1000: Intel(R) PRO/1000 Network Driver - version 7.3.21-k8-NAPI
[    1.709857] e1000: Copyright (c) 1999-2006 Intel Corporation.
[    1.726175] Fusion MPT base driver 3.04.20
[    1.729381] Copyright (c) 1999-2008 LSI Corporation
[    1.743575] Fusion MPT SPI Host driver 3.04.20
[    1.945904] input: ImExPS/2 Generic Explorer Mouse as /devices/platform/i8042/serio1/input/input4
[    2.280981] e1000 0000:00:03.0 eth0: (PCI:33MHz:32-bit) 02:36:54:6b:82:69
[    2.285762] e1000 0000:00:03.0 eth0: Intel(R) PRO/1000 Network Connection
[    2.292305] mptbase: ioc0: Initiating bringup
[    2.296343] e1000 0000:00:03.0 enp0s3: renamed from eth0
[    2.390178] ioc0: LSI53C1030 A0: Capabilities={Initiator}
[    2.642578] scsi host2: ioc0: LSI53C1030 A0, FwRev=00000000h, Ports=1, MaxQ=256, IRQ=20
[    3.577205] scsi 2:0:0:0: Direct-Access     VBOX     HARDDISK         1.0  PQ: 0 ANSI: 5
[    3.624187] scsi target2:0:0: Beginning Domain Validation
[    3.632220] scsi target2:0:0: Domain Validation skipping write tests
[    3.636210] scsi target2:0:0: Ending Domain Validation
[    3.640262] scsi target2:0:0: asynchronous
[    3.644065] scsi 2:0:1:0: Direct-Access     VBOX     HARDDISK         1.0  PQ: 0 ANSI: 5
[    3.692104] scsi target2:0:1: Beginning Domain Validation
[    3.696768] random: fast init done
[    3.703474] scsi target2:0:1: Domain Validation skipping write tests
[    3.707870] scsi target2:0:1: Ending Domain Validation
[    3.711688] scsi target2:0:1: asynchronous
[    3.723225] random: systemd-udevd: uninitialized urandom read (16 bytes read)
[    3.728095] sd 2:0:0:0: Attached scsi generic sg0 type 0
[    3.728281] sd 2:0:1:0: Attached scsi generic sg1 type 0
[    3.732319] sd 2:0:0:0: [sda] 83886080 512-byte logical blocks: (42.9 GB/40.0 GiB)
[    3.735407] random: systemd-udevd: uninitialized urandom read (16 bytes read)
[    3.740886] sd 2:0:0:0: [sda] Write Protect is off
[    3.745068] random: systemd-udevd: uninitialized urandom read (16 bytes read)
[    3.753065] sd 2:0:1:0: [sdb] 20480 512-byte logical blocks: (10.5 MB/10.0 MiB)
[    3.758345] sd 2:0:1:0: [sdb] Write Protect is off
[    3.758487] sd 2:0:0:0: [sda] Incomplete mode parameter data
[    3.765181] sd 2:0:0:0: [sda] Assuming drive cache: write through
[    3.769753] sd 2:0:1:0: [sdb] Incomplete mode parameter data
[    3.771976]  sda: sda1
[    3.773747] sd 2:0:1:0: [sdb] Assuming drive cache: write through
[    3.776760] sd 2:0:0:0: [sda] Attached SCSI disk
[    3.788887] sd 2:0:1:0: [sdb] Attached SCSI disk
Begin: Loading essential drivers ... [ 1446.719483] INFO: rcu_sched self-detected stall on CPU
[ 1446.721138] INFO: rcu_sched detected stalls on CPUs/tasks:
[ 1446.723679] 	1-...!: (1 ticks this GP) idle=0ba/140000000000001/0 softirq=1294/1298 fqs=1 
[ 1446.723681] 	 (t=360310 jiffies g=-188 c=-189 q=277)
[ 1446.727388] 	1-...!: (1 ticks this GP) idle=0ba/140000000000001/0 softirq=1294/1298 fqs=1 
[ 1446.732937] rcu_sched kthread starved for 360308 jiffies! g18446744073709551428 c18446744073709551427 f0x0 RCU_GP_WAIT_FQS(3) ->state=0x402 ->cpu=0
[ 1446.736593] 	(detected by 0, t=360310 jiffies, g=-188, c=-189, q=277)
[ 1446.741989] rcu_sched       I    0     8      2 0x80000000
[ 1446.750580] Sending NMI from CPU 0 to CPUs 1:
[ 1446.754776] Call Trace:
[ 1446.759415] NMI backtrace for cpu 1
[ 1446.759416] CPU: 1 PID: 250 Comm: modprobe Not tainted 4.15.0-192-generic #203-Ubuntu
[ 1446.759416] Hardware name: innotek GmbH VirtualBox/VirtualBox, BIOS VirtualBox 12/01/2006
[ 1446.759417] RIP: 0010:io_serial_out+0x1a/0x20
[ 1446.759417] RSP: 0018:ffff8d77ffd03af8 EFLAGS: 00010002
[ 1446.759418] RAX: 000000000000005b RBX: ffffffffb3314e60 RCX: 0000000000000000
[ 1446.759418] RDX: 00000000000003f8 RSI: 0000000000000000 RDI: ffffffffb3314e60
[ 1446.759418] RBP: ffff8d77ffd03af8 R08: 0000000000000000 R09: 0000000000000007
[ 1446.759418] R10: 0000000000000000 R11: ffffffffb316880d R12: 000000000000005b
[ 1446.759419] R13: ffffffffb3168831 R14: ffffffffb3168801 R15: ffffffffb3314e60
[ 1446.759419] FS:  00007fd38290b540(0000) GS:ffff8d77ffd00000(0000) knlGS:0000000000000000
[ 1446.759419] CS:  0010 DS: 0000 ES: 0000 CR0: 0000000080050033
[ 1446.759419] CR2: 00007fd382903c53 CR3: 00000000369bc000 CR4: 00000000000006e0
[ 1446.759420] Call Trace:
[ 1446.759420]  <IRQ>
[ 1446.759420]  serial8250_console_putchar+0x2d/0x40
[ 1446.759420]  ? wait_for_xmitr+0xb0/0xb0
[ 1446.759420]  uart_console_write+0x4c/0x60
[ 1446.759421]  serial8250_console_write+0x10a/0x280
[ 1446.759421]  ? msg_print_text+0x80/0x100
[ 1446.759421]  univ8250_console_write+0x21/0x30
[ 1446.759421]  console_unlock+0x3cf/0x560
[ 1446.759422]  vprintk_emit+0x134/0x2c0
[ 1446.759422]  vprintk_default+0x29/0x50
[ 1446.759422]  vprintk_func+0x47/0xc0
[ 1446.759422]  printk+0x52/0x6e
[ 1446.759423]  show_trace_log_lvl+0x8c/0x3d0
[ 1446.759423]  ? vprintk_default+0x29/0x50
[ 1446.759423]  ? vprintk_func+0x47/0xc0
[ 1446.759423]  show_stack+0x34/0x50
[ 1446.759423]  sched_show_task+0xfe/0x130
[ 1446.759424]  rcu_check_gp_kthread_starvation+0xad/0xc0
[ 1446.759424]  rcu_check_callbacks+0x6c5/0x8e0
[ 1446.759424]  ? tick_sched_do_timer+0x50/0x50
[ 1446.759424]  update_process_times+0x2f/0x60
[ 1446.759425]  tick_sched_handle+0x26/0x70
[ 1446.759425]  ? tick_sched_do_timer+0x42/0x50
[ 1446.759425]  tick_sched_timer+0x39/0x80
[ 1446.759425]  __hrtimer_run_queues+0xdf/0x230
[ 1446.759425]  hrtimer_interrupt+0xa0/0x1d0
[ 1446.759426]  smp_apic_timer_interrupt+0x6f/0x140
[ 1446.759426]  apic_timer_interrupt+0x90/0xa0
[ 1446.759426]  </IRQ>
[ 1446.759426] RIP: 0010:raid6_sse21_gen_syndrome+0xb2/0x130 [raid6_pq]
[ 1446.759427] RSP: 0018:ffffad91005b7b60 EFLAGS: 00010283 ORIG_RAX: ffffffffffffff11
[ 1446.759427] RAX: ffffad91005b7be0 RBX: 0000000000001000 RCX: ffffffffc027c600
[ 1446.759427] RDX: 0000000000000ff0 RSI: ffffad91005b7c28 RDI: 000000000000000d
[ 1446.759428] RBP: ffffad91005b7b90 R08: ffffad91005b7ba8 R09: 0000000000000ff0
[ 1446.759428] R10: ffffad91005b7c20 R11: ffffad91005b7c18 R12: ffff8d77b6536000
[ 1446.759428] R13: ffff8d77b6537000 R14: ffffad91005b7bb0 R15: 0000000000000080
[ 1446.759428]  init_module+0x118/0x1000 [raid6_pq]
[ 1446.759429]  ? 0xffffffffc028c000
[ 1446.759429]  do_one_initcall+0x52/0x1a0
[ 1446.759429]  ? _cond_resched+0x19/0x40
[ 1446.759429]  ? kmem_cache_alloc_trace+0x167/0x1d0
[ 1446.759429]  ? do_init_module+0x27/0x1f2
[ 1446.759429]  do_init_module+0x4f/0x1f2
[ 1446.759430]  load_module+0x1772/0x2000
[ 1446.759430]  ? ima_post_read_file+0x96/0xa0
[ 1446.759430]  SYSC_finit_module+0xfc/0x120
[ 1446.759430]  ? SYSC_finit_module+0xfc/0x120
[ 1446.759430]  SyS_finit_module+0xe/0x10
[ 1446.759431]  do_syscall_64+0x73/0x130
[ 1446.759431]  entry_SYSCALL_64_after_hwframe+0x41/0xa6
[ 1446.759431] RIP: 0033:0x7fd38240e539
[ 1446.759431] RSP: 002b:00007ffd79e4f878 EFLAGS: 00000246 ORIG_RAX: 0000000000000139
[ 1446.759432] RAX: ffffffffffffffda RBX: 0000558782e29880 RCX: 00007fd38240e539
[ 1446.759432] RDX: 0000000000000000 RSI: 0000558781d14cee RDI: 0000000000000004
[ 1446.759432] RBP: 0000558781d14cee R08: 0000000000000000 R09: 0000558782e28e00
[ 1446.759432] R10: 0000000000000004 R11: 0000000000000246 R12: 0000000000000000
[ 1446.759433] R13: 0000558782e29830 R14: 0000000000060000 R15: 0000558782e28e00
[ 1446.759433] Code: 55 48 89 e5 d3 e6 01 f2 ec 0f b6 c0 5d c3 0f 1f 00 0f 1f 44 00 00 0f b6 8f a1 00 00 00 89 d0 8b 57 08 55 48 89 e5 d3 e6 01 f2 ee <5d> c3 0f 1f 40 00 0f 1f 44 00 00 0f b6 87 a2 00 00 00 55 48 c7 
[ 1446.759440] rcu_sched kthread starved for 360308 jiffies! g18446744073709551428 c18446744073709551427 f0x0 RCU_GP_WAIT_FQS(3) ->state=0x402 ->cpu=0
[ 1446.761581]  __schedule+0x24e/0x890
[ 1446.763879] rcu_sched       I    0     8      2 0x80000000
[ 1446.766384]  schedule+0x2c/0x80
[ 1446.771396] Call Trace:
[ 1446.776794]  schedule_timeout+0x15d/0x370
[ 1446.779630]  __schedule+0x24e/0x890
[ 1446.783126]  ? __next_timer_interrupt+0xe0/0xe0
[ 1446.787632]  schedule+0x2c/0x80
[ 1446.792536]  rcu_gp_kthread+0x53a/0x980
[ 1446.797064]  schedule_timeout+0x15d/0x370
[ 1446.801759]  kthread+0x121/0x140
[ 1446.806295]  ? __next_timer_interrupt+0xe0/0xe0
[ 1446.806297]  rcu_gp_kthread+0x53a/0x980
[ 1446.811804]  ? rcu_note_context_switch+0x150/0x150
[ 1446.815503]  kthread+0x121/0x140
[ 1446.820159]  ? kthread_create_worker_on_cpu+0x70/0x70
[ 1446.821892]  ? rcu_note_context_switch+0x150/0x150
[ 1446.823419]  ret_from_fork+0x35/0x40
[ 1446.826520]  ? kthread_create_worker_on_cpu+0x70/0x70
[ 1446.829255] NMI backtrace for cpu 1
[ 1446.831921]  ret_from_fork+0x35/0x40
[ 1447.077301] CPU: 1 PID: 250 Comm: modprobe Not tainted 4.15.0-192-generic #203-Ubuntu
[ 1447.082360] Hardware name: innotek GmbH VirtualBox/VirtualBox, BIOS VirtualBox 12/01/2006
[ 1447.087861] Call Trace:
[ 1447.089603]  <IRQ>
[ 1447.091093]  dump_stack+0x6d/0x8b
[ 1447.093345]  nmi_cpu_backtrace+0x94/0xa0
[ 1447.096039]  ? lapic_can_unplug_cpu+0xb0/0xb0
[ 1447.098936]  nmi_trigger_cpumask_backtrace+0xe7/0x130
[ 1447.102268]  arch_trigger_cpumask_backtrace+0x19/0x20
[ 1447.105614]  rcu_dump_cpu_stacks+0xa3/0xd5
[ 1447.108523]  rcu_check_callbacks+0x6cd/0x8e0
[ 1447.111378]  ? tick_sched_do_timer+0x50/0x50
[ 1447.114209]  update_process_times+0x2f/0x60
[ 1447.116996]  tick_sched_handle+0x26/0x70
[ 1447.119613]  ? tick_sched_do_timer+0x42/0x50
[ 1447.122472]  tick_sched_timer+0x39/0x80
[ 1447.125061]  __hrtimer_run_queues+0xdf/0x230
[ 1447.128072]  hrtimer_interrupt+0xa0/0x1d0
[ 1447.130755]  smp_apic_timer_interrupt+0x6f/0x140
[ 1447.133804]  apic_timer_interrupt+0x90/0xa0
[ 1447.136839]  </IRQ>
[ 1447.138367] RIP: 0010:raid6_sse21_gen_syndrome+0xb2/0x130 [raid6_pq]
[ 1447.142448] RSP: 0018:ffffad91005b7b60 EFLAGS: 00010283 ORIG_RAX: ffffffffffffff11
[ 1447.147338] RAX: ffffad91005b7be0 RBX: 0000000000001000 RCX: ffffffffc027c600
[ 1447.152152] RDX: 0000000000000ff0 RSI: ffffad91005b7c28 RDI: 000000000000000d
[ 1447.156790] RBP: ffffad91005b7b90 R08: ffffad91005b7ba8 R09: 0000000000000ff0
[ 1447.161360] R10: ffffad91005b7c20 R11: ffffad91005b7c18 R12: ffff8d77b6536000
[ 1447.165956] R13: ffff8d77b6537000 R14: ffffad91005b7bb0 R15: 0000000000000080
[ 1447.170652]  init_module+0x118/0x1000 [raid6_pq]
[ 1447.173681]  ? 0xffffffffc028c000
[ 1447.175987]  do_one_initcall+0x52/0x1a0
[ 1447.178587]  ? _cond_resched+0x19/0x40
[ 1447.181124]  ? kmem_cache_alloc_trace+0x167/0x1d0
[ 1447.184219]  ? do_init_module+0x27/0x1f2
[ 1447.186852]  do_init_module+0x4f/0x1f2
[ 1447.189380]  load_module+0x1772/0x2000
[ 1447.192080]  ? ima_post_read_file+0x96/0xa0
[ 1447.194908]  SYSC_finit_module+0xfc/0x120
[ 1447.197577]  ? SYSC_finit_module+0xfc/0x120
[ 1447.200351]  SyS_finit_module+0xe/0x10
[ 1447.202899]  do_syscall_64+0x73/0x130
[ 1447.205357]  entry_SYSCALL_64_after_hwframe+0x41/0xa6
[ 1447.208678] RIP: 0033:0x7fd38240e539
[ 1447.211084] RSP: 002b:00007ffd79e4f878 EFLAGS: 00000246 ORIG_RAX: 0000000000000139
[ 1447.216184] RAX: ffffffffffffffda RBX: 0000558782e29880 RCX: 00007fd38240e539
[ 1447.220734] RDX: 0000000000000000 RSI: 0000558781d14cee RDI: 0000000000000004
[ 1447.225318] RBP: 0000558781d14cee R08: 0000000000000000 R09: 0000558782e28e00
[ 1447.229910] R10: 0000000000000004 R11: 0000000000000246 R12: 0000000000000000
[ 1447.234671] R13: 0000558782e29830 R14: 0000000000060000 R15: 0000558782e28e00
[ 1447.239447] raid6: sse2x1   gen() 320791126 MB/s
[ 1447.736236] raid6: sse2x1   xor() 94909 MB/s
[ 1447.801891] raid6: sse2x2   gen() 21892 MB/s
[ 1448.724171] raid6: sse2x2   xor() 242251 MB/s
[ 1448.782434] raid6: sse2x4   gen() 21933 MB/s
[ 1448.836115] raid6: sse2x4   xor() 10070 MB/s
[ 1448.838981] raid6: using algorithm sse2x1 gen() 320791126 MB/s
[ 1448.843047] raid6: .... xor() 94909 MB/s, rmw enabled
[ 1448.846586] raid6: using ssse3x2 recovery algorithm
[ 1448.851359] xor: measuring software checksum speed
[ 1448.892063]    prefetch64-sse: 20125.000 MB/sec
[ 1448.932102]    generic_sse: 19344.000 MB/sec
[ 1448.935025] xor: using function: prefetch64-sse (20125.000 MB/sec)
[ 1448.940782] async_tx: api initialized (async)
done.
Begin: Running /scripts/init-premount ... done.
Begin: Mounting root file system ... Begin: Running /scripts/local-top ... done.
Begin: Running /scripts/local-premount ... [ 1448.988426] Btrfs loaded, crc32c=crc32c-intel
Scanning for Btrfs filesystems
done.
Warning: fsck not present, so skipping root file system
[ 1449.042217] EXT4-fs (sda1): INFO: recovery required on readonly filesystem
[ 1449.046910] EXT4-fs (sda1): write access will be enabled during recovery
[ 1449.294188] EXT4-fs (sda1): recovery complete
[ 1449.298256] EXT4-fs (sda1): mounted filesystem with ordered data mode. Opts: (null)
done.
Begin: Running /scripts/local-bottom ... done.
Begin: Running /scripts/init-bottom ... done.
[ 1449.738804] ip_tables: (C) 2000-2006 Netfilter Core Team
[ 1449.754842] systemd[1]: systemd 237 running in system mode. (+PAM +AUDIT +SELINUX +IMA +APPARMOR +SMACK +SYSVINIT +UTMP +LIBCRYPTSETUP +GCRYPT +GNUTLS +ACL +XZ +LZ4 +SECCOMP +BLKID +ELFUTILS +KMOD -IDN2 +IDN -PCRE2 default-hierarchy=hybrid)
[ 1449.769059] systemd[1]: Detected virtualization oracle.
[ 1449.772654] systemd[1]: Detected architecture x86-64.

Welcome to [1mUbuntu 18.04.6 LTS[0m!

[ 1449.798709] systemd[1]: Set hostname to <ubuntu-bionic>.
[ 1450.101127] systemd[1]: Set up automount Arbitrary Executable File Formats File System Automount Point.
[[0;32m  OK  [0m] Set up automount Arbitrary Executab…rmats File System Automount Point.
[ 1450.118616] systemd[1]: Created slice User and Session Slice.
[[0;32m  OK  [0m] Created slice User and Session Slice.
[ 1450.125987] systemd[1]: Started Forward Password Requests to Wall Directory Watch.
[[0;32m  OK  [0m] Started Forward Password Requests to Wall Directory Watch.
[ 1450.134737] systemd[1]: Reached target Swap.
[[0;32m  OK  [0m] Reached target Swap.
[ 1450.140954] systemd[1]: Created slice System Slice.
[[0;32m  OK  [0m] Created slice System Slice.
[ 1450.147465] systemd[1]: Listening on Device-mapper event daemon FIFOs.
[[0;32m  OK  [0m] Listening on Device-mapper event daemon FIFOs.
[[0;32m  OK  [0m] Reached target Slices.
[[0;32m  OK  [0m] Listening on fsck to fsckd communication Socket.
[[0;32m  OK  [0m] Listening on /dev/initctl Compatibility Named Pipe.
[[0;32m  OK  [0m] Listening on Network Service Netlink Socket.
[[0;32m  OK  [0m] Listening on udev Control Socket.
[[0;32m  OK  [0m] Listening on udev Kernel Socket.
[[0;32m  OK  [0m] Listening on LVM2 poll daemon socket.
[[0;32m  OK  [0m] Listening on Syslog Socket.
[[0;32m  OK  [0m] Created slice system-serial\x2dgetty.slice.
[[0;32m  OK  [0m] Listening on Journal Socket.
         Mounting Kernel Debug File System...
         Starting Load Kernel Modules...
         Starting Set the console keyboard layout...
         Starting udev Coldplug all Devices...
         Mounting POSIX Message Queue File System...
         Mounting Huge Pages File System...
         Starting File System Check on Root Device...
[ 1450.215739] Loading iSCSI transport class v2.0-870.
[[0;32m  OK  [0m] Reached target System Time Synchronized.
[[0;32m  OK  [0m] Reached target User and Group Name Lookups.
[[0;32m  OK  [0m] Listening on LVM2 metadata daemon socket.
         Starting Monitoring of LVM2 mirrors…ng dmeventd or progress polling...
[[0;32m  OK  [0m] Listening on Journal Audit Socket.
[[0;32m  OK  [0m] Listening on Journal Socket (/dev/log).
         Starting Journal Service...
         Starting Uncomplicated firewall...
         Starting Create list of required st…ce nodes for the current kernel...
[[0;32m  OK  [0m] Mounted Kernel Debug File System.
[[0;32m  OK  [0m] Mounted POSIX Message Queue File System.
[[0;32m  OK  [0m] Mounted Huge Pages File System.
[[0;32m  OK  [0m] Started File System Check Daemon to report status.
[[0;32m  OK  [0m] Started udev Coldplug all Devices.
[[0;32m  OK  [0m] Started LVM2 metadata daemon.
[ 1450.308298] iscsi: registered transport (tcp)
[[0;32m  OK  [0m] Started Uncomplicated firewall.
[ 1450.327723] iscsi: registered transport (iser)
[[0;32m  OK  [0m] Started Load Kernel Modules.
[[0;32m  OK  [0m] Started Create list of required sta…vice nodes for the current kernel.
         Starting Create Static Device Nodes in /dev...
         Starting Apply Kernel Variables...
         Mounting Kernel Configuration File System...
         Mounting FUSE Control File System...
[[0;32m  OK  [0m] Started Journal Service.
[[0;32m  OK  [0m] Mounted FUSE Control File System.
[[0;32m  OK  [0m] Mounted Kernel Configuration File System.
[[0;32m  OK  [0m] Started File System Check on Root Device.
         Starting Remount Root and Kernel File Systems...
[[0;32m  OK  [0m] Started Create Static Device Nodes in /dev.
[[0;32m  OK  [0m] Started Monitoring of LVM2 mirrors,…sing dmeventd or progress polling.
[[0;32m  OK  [0m] Started Apply Kernel Variables.
[[0;32m  OK  [0m] Started Remount Root and Kernel File Systems.
         Starting Load/Save Random Seed...
         Starting Flush Journal to Persistent Storage...
         Starting udev Kernel Device Manager...
[[0;32m  OK  [0m] Started Set the console keyboard layout.
[[0;32m  OK  [0m] Started Load/Save Random Seed.
[[0;32m  OK  [0m] Reached target Local File Systems (Pre).
[[0;32m  OK  [0m] Reached target Local File Systems.
         Starting AppArmor initialization...
         Starting Set console font and keymap...
         Starting Tell Plymouth To Write Out Runtime Data...
         Starting ebtables ruleset management...
[[0;32m  OK  [0m] Started udev Kernel Device Manager.
[[0;32m  OK  [0m] Started Dispatch Password Requests to Console Directory Watch.
[[0;32m  OK  [0m] Reached target Local Encrypted Volumes.
[[0;32m  OK  [0m] Started Set console font and keymap.
[[0;32m  OK  [0m] Started Tell Plymouth To Write Out Runtime Data.
[[0;32m  OK  [0m] Started ebtables ruleset management.
[[0;32m  OK  [0m] Started Flush Journal to Persistent Storage.
         Starting Create Volatile Files and Directories...
[[0;32m  OK  [0m] Started Create Volatile Files and Directories.
         Starting Update UTMP about System Boot/Shutdown...
[[0;32m  OK  [0m] Started Update UTMP about System Boot/Shutdown.
[[0;32m  OK  [0m] Found device /dev/ttyS0.
[[0;32m  OK  [0m] Listening on Load/Save RF Kill Switch Status /dev/rfkill Watch.
[[0;32m  OK  [0m] Started AppArmor initialization.
         Starting Load AppArmor profiles managed internally by snapd...
         Starting Initial cloud-init job (pre-networking)...
[[0;32m  OK  [0m] Started Load AppArmor profiles managed internally by snapd.
[ 1452.620942] cloud-init[530]: Cloud-init v. 22.2-0ubuntu1~18.04.3 running 'init-local' at Tue, 27 Sep 2022 09:54:35 +0000. Up 1452.49 seconds.
[[0;32m  OK  [0m] Started Initial cloud-init job (pre-networking).
[[0;32m  OK  [0m] Reached target Network (Pre).
         Starting Network Service...
[[0;32m  OK  [0m] Started Network Service.
         Starting Network Name Resolution...
         Starting Wait for Network to be Configured...
[[0;32m  OK  [0m] Started Network Name Resolution.
[[0;32m  OK  [0m] Reached target Network.
[[0;32m  OK  [0m] Reached target Host and Network Name Lookups.
[[0;32m  OK  [0m] Started Wait for Network to be Configured.
         Starting Initial cloud-init job (metadata service crawler)...
[ 1455.027527] cloud-init[643]: Cloud-init v. 22.2-0ubuntu1~18.04.3 running 'init' at Tue, 27 Sep 2022 09:54:37 +0000. Up 1454.92 seconds.
[ 1455.032597] cloud-init[643]: ci-info: ++++++++++++++++++++++++++++++++++++++Net device info++++++++++++++++++++++++++++++++++++++
[ 1455.037270] cloud-init[643]: ci-info: +--------+------+----------------------------+---------------+--------+-------------------+
[ 1455.041836] cloud-init[643]: ci-info: | Device |  Up  |          Address           |      Mask     | Scope  |     Hw-Address    |
[ 1455.046676] cloud-init[643]: ci-info: +--------+------+----------------------------+---------------+--------+-------------------+
[ 1455.051226] cloud-init[643]: ci-info: | enp0s3 | True |         10.0.2.15          | 255.255.255.0 | global | 02:36:54:6b:82:69 |
[ 1455.055873] cloud-init[643]: ci-info: | enp0s3 | True | fe80::36:54ff:fe6b:8269/64 |       .       |  link  | 02:36:54:6b:82:69 |
[ 1455.060770] cloud-init[643]: ci-info: |   lo   | True |         127.0.0.1          |   255.0.0.0   |  host  |         .         |
[ 1455.065604] cloud-init[643]: ci-info: |   lo   | True |          ::1/128           |       .       |  host  |         .         |
[ 1455.070578] cloud-init[643]: ci-info: +--------+------+----------------------------+---------------+--------+-------------------+
[ 1455.075101] cloud-init[643]: ci-info: ++++++++++++++++++++++++++++Route IPv4 info+++++++++++++++++++++++++++++
[ 1455.079331] cloud-init[643]: ci-info: +-------+-------------+----------+-----------------+-----------+-------+
[ 1455.083852] cloud-init[643]: ci-info: | Route | Destination | Gateway  |     Genmask     | Interface | Flags |
[ 1455.088446] cloud-init[643]: ci-info: +-------+-------------+----------+-----------------+-----------+-------+
[ 1455.092705] cloud-init[643]: ci-info: |   0   |   0.0.0.0   | 10.0.2.2 |     0.0.0.0     |   enp0s3  |   UG  |
[ 1455.097082] cloud-init[643]: ci-info: |   1   |   10.0.2.0  | 0.0.0.0  |  255.255.255.0  |   enp0s3  |   U   |
[ 1455.101482] cloud-init[643]: ci-info: |   2   |   10.0.2.2  | 0.0.0.0  | 255.255.255.255 |   enp0s3  |   UH  |
[ 1455.105911] cloud-init[643]: ci-info: +-------+-------------+----------+-----------------+-----------+-------+
[ 1455.112050] cloud-init[643]: ci-info: +++++++++++++++++++Route IPv6 info+++++++++++++++++++
[ 1455.116695] cloud-init[643]: ci-info: +-------+-------------+---------+-----------+-------+
[ 1455.120674] cloud-init[643]: ci-info: | Route | Destination | Gateway | Interface | Flags |
[ 1455.125069] cloud-init[643]: ci-info: +-------+-------------+---------+-----------+-------+
[ 1455.128973] cloud-init[643]: ci-info: |   1   |  fe80::/64  |    ::   |   enp0s3  |   U   |
[ 1455.133011] cloud-init[643]: ci-info: |   3   |    local    |    ::   |   enp0s3  |   U   |
[ 1455.137013] cloud-init[643]: ci-info: |   4   |   ff00::/8  |    ::   |   enp0s3  |   U   |
[ 1455.140957] cloud-init[643]: ci-info: +-------+-------------+---------+-----------+-------+
[[0;32m  OK  [0m] Started Initial cloud-init job (metadata service crawler).
[[0;32m  OK  [0m] Reached target System Initialization.
[[0;32m  OK  [0m] Started Daily apt download activities.
[[0;32m  OK  [0m] Listening on D-Bus System Message Bus Socket.
[[0;32m  OK  [0m] Listening on Open-iSCSI iscsid Socket.
[[0;32m  OK  [0m] Listening on cloud-init hotplug hook socket.
[[0;32m  OK  [0m] Started Daily Cleanup of Temporary Directories.
         Starting Socket activation for snappy daemon.
[[0;32m  OK  [0m] Started Daily apt upgrade and clean activities.
[[0;32m  OK  [0m] Listening on UUID daemon activation socket.
[[0;32m  OK  [0m] Started ACPI Events Check.
[[0;32m  OK  [0m] Started Discard unused blocks once a week.
[[0;32m  OK  [0m] Listening on ACPID Listen Socket.
         Starting LXD - unix socket.
[[0;32m  OK  [0m] Started Message of the Day.
[[0;32m  OK  [0m] Reached target Paths.
[[0;32m  OK  [0m] Started Ubuntu Advantage Timer for running repeated jobs.
[[0;32m  OK  [0m] Reached target Timers.
[[0;32m  OK  [0m] Reached target Cloud-config availability.
[[0;32m  OK  [0m] Reached target Network is Online.
[[0;32m  OK  [0m] Reached target Remote File Systems (Pre).
         Starting Availability of block devices...
         Mounting /vagrant...
[[0;32m  OK  [0m] Listening on Socket activation for snappy daemon.
[[0;32m  OK  [0m] Listening on LXD - unix socket.
         Starting Cleanup of Temporary Directories...
[[0;32m  OK  [0m] Reached target Sockets.
[[0;32m  OK  [0m] Reached target Basic System.
         Starting Accounts Service...
         Starting Message of the Day...
         Starting Login Service...
         Starting LXD - container startup/shutdown...
[[0;32m  OK  [0m] Started D-Bus System Message Bus.
         Starting Dispatcher daemon for systemd-networkd...
[[0;32m  OK  [0m] Started irqbalance daemon.
         Starting Virtualbox guest utils...
[[0;32m  OK  [0m] Started Deferred execution scheduler.
[[0;32m  OK  [0m] Started FUSE filesystem for LXC.
         Starting System Logging Service...
[[0;32m  OK  [0m] Started Regular background program processing daemon.
         Starting LSB: Record successful boot for GRUB...
         Starting Snap Daemon...
         Starting OpenBSD Secure Shell server...
         Starting Discard unused blocks...
[[0;32m  OK  [0m] Started System Logging Service.
[[0;32m  OK  [0m] Started Availability of block devices.
[[0;32m  OK  [0m] Mounted /vagrant.
[[0;32m  OK  [0m] Started Cleanup of Temporary Directories.
[[0;32m  OK  [0m] Started LXD - container startup/shutdown.
[[0;32m  OK  [0m] Started Login Service.
[[0;32m  OK  [0m] Started Dispatcher daemon for systemd-networkd.
[[0;32m  OK  [0m] Started Discard unused blocks.
         Starting Authorization Manager...
[[0;32m  OK  [0m] Started Unattended Upgrades Shutdown.
[[0;32m  OK  [0m] Reached target Remote File Systems.
         Starting Permit User Sessions...
         Starting LSB: automatic crash report generation...
[[0;32m  OK  [0m] Started OpenBSD Secure Shell server.
[[0;32m  OK  [0m] Started Permit User Sessions.
         Starting Terminate Plymouth Boot Screen...
         Starting Hold until boot process finishes up...
[[0;32m  OK  [0m] Started LSB: Record successful boot for GRUB.
[[0;32m  OK  [0m] Started Terminate Plymouth Boot Screen.
[[0;32m  OK  [0m] Started Hold until boot process finishes up.
[[0;32m  OK  [0m] Started Authorization Manager.
[[0;32m  OK  [0m] Started Accounts Service.
[[0;32m  OK  [0m] Started Serial Getty on ttyS0.
         Starting Set console scheme...
[[0;32m  OK  [0m] Started Virtualbox guest utils.
[[0;32m  OK  [0m] Started Set console scheme.
[[0;32m  OK  [0m] Created slice system-getty.slice.
[[0;32m  OK  [0m] Started Getty on tty1.
[[0;32m  OK  [0m] Reached target Login Prompts.
[[0;32m  OK  [0m] Started LSB: automatic crash report generation.
[[0;32m  OK  [0m] Started Snap Daemon.
         Starting Wait until snapd is fully seeded...
         Starting Time & Date Service...
[[0;32m  OK  [0m] Started Time & Date Service.
[[0;32m  OK  [0m] Started Wait until snapd is fully seeded.
         Starting Apply the settings specified in cloud-config...
[ 1456.931562] cloud-init[1173]: Cloud-init v. 22.2-0ubuntu1~18.04.3 running 'modules:config' at Tue, 27 Sep 2022 09:54:39 +0000. Up 1456.85 seconds.
[[0;32m  OK  [0m] Started Apply the settings specified in cloud-config.
[[0;32m  OK  [0m] Reached target Multi-User System.
[[0;32m  OK  [0m] Reached target Graphical Interface.
         Starting Update UTMP about System Runlevel Changes...
         Starting Execute cloud user/final scripts...
[[0;32m  OK  [0m] Started Update UTMP about System Runlevel Changes.
[[0;32m  OK  [0m] Started Message of the Day.
[ 1457.321405] cloud-init[1222]: Cloud-init v. 22.2-0ubuntu1~18.04.3 running 'modules:final' at Tue, 27 Sep 2022 09:54:40 +0000. Up 1457.22 seconds.
[ 1457.324900] cloud-init[1222]: Cloud-init v. 22.2-0ubuntu1~18.04.3 finished at Tue, 27 Sep 2022 09:54:40 +0000. Datasource DataSourceNoCloud [seed=/dev/sdb][dsmode=net].  Up 1457.31 seconds
[[0;32m  OK  [0m] Started Execute cloud user/final scripts.
[[0;32m  OK  [0m] Reached target Cloud-init target.
         Starting Daily apt download activities...

Ubuntu 18.04.6 LTS ubuntu-bionic ttyS0

ubuntu-bionic login: 