[20:29:53] [ServerMain/INFO]: Building unoptimized datafixer
[20:29:54] [ServerMain/INFO]: Environment: authHost='https://authserver.mojang.com', accountsHost='https://api.mojang.com', sessionHost='https://sessionserver.mojang.com', servicesHost='https://api.minecraftservices.com', name='PROD'
[20:29:55] [ServerMain/INFO]: Loaded 7 recipes
[20:29:55] [ServerMain/INFO]: Loaded 1179 advancements
[20:29:57] [Server thread/INFO]: Starting minecraft server version 1.19.2
[20:29:57] [Server thread/INFO]: Loading properties
[20:29:57] [Server thread/INFO]: Default game type: SURVIVAL
[20:29:57] [Server thread/INFO]: Generating keypair
[20:29:57] [Server console handler/ERROR]: Exception handling console input
java.io.IOException: Controlador no válido
	at java.io.FileInputStream.readBytes(Native Method) ~[?:?]
	at java.io.FileInputStream.read(FileInputStream.java:276) ~[?:?]
	at java.io.BufferedInputStream.read1(BufferedInputStream.java:282) ~[?:?]
	at java.io.BufferedInputStream.read(BufferedInputStream.java:343) ~[?:?]
	at sun.nio.cs.StreamDecoder.readBytes(StreamDecoder.java:270) ~[?:?]
	at sun.nio.cs.StreamDecoder.implRead(StreamDecoder.java:313) ~[?:?]
	at sun.nio.cs.StreamDecoder.read(StreamDecoder.java:188) ~[?:?]
	at java.io.InputStreamReader.read(InputStreamReader.java:177) ~[?:?]
	at java.io.BufferedReader.fill(BufferedReader.java:162) ~[?:?]
	at java.io.BufferedReader.readLine(BufferedReader.java:329) ~[?:?]
	at java.io.BufferedReader.readLine(BufferedReader.java:396) ~[?:?]
	at afh$1.run(SourceFile:92) [server-1.19.2.jar:?]
[20:29:57] [Server thread/INFO]: Starting Minecraft server on *:25565
[20:29:57] [Server thread/INFO]: Using default channel type
[20:29:57] [Server thread/INFO]: Preparing level "world"
[20:30:08] [Server thread/INFO]: Preparing start region for dimension minecraft:overworld
[20:30:08] [Worker-Main-7/INFO]: Preparing spawn area: 0%
[20:30:08] [Worker-Main-9/INFO]: Preparing spawn area: 0%
[20:30:09] [Worker-Main-1/INFO]: Preparing spawn area: 0%
[20:30:09] [Worker-Main-2/INFO]: Preparing spawn area: 0%
[20:30:10] [Worker-Main-10/INFO]: Preparing spawn area: 2%
[20:30:10] [Worker-Main-3/INFO]: Preparing spawn area: 4%
[20:30:11] [Worker-Main-4/INFO]: Preparing spawn area: 5%
[20:30:11] [Worker-Main-8/INFO]: Preparing spawn area: 9%
[20:30:12] [Worker-Main-13/INFO]: Preparing spawn area: 11%
[20:30:12] [Worker-Main-9/INFO]: Preparing spawn area: 15%
[20:30:13] [Worker-Main-15/INFO]: Preparing spawn area: 18%
[20:30:13] [Worker-Main-15/INFO]: Preparing spawn area: 22%
[20:30:14] [Worker-Main-13/INFO]: Preparing spawn area: 25%
[20:30:14] [Worker-Main-2/INFO]: Preparing spawn area: 29%
[20:30:15] [Worker-Main-13/INFO]: Preparing spawn area: 34%
[20:30:15] [Worker-Main-15/INFO]: Preparing spawn area: 36%
[20:30:16] [Worker-Main-3/INFO]: Preparing spawn area: 40%
[20:30:16] [Worker-Main-2/INFO]: Preparing spawn area: 45%
[20:30:17] [Worker-Main-8/INFO]: Preparing spawn area: 49%
[20:30:18] [Worker-Main-8/INFO]: Preparing spawn area: 52%
[20:30:18] [Worker-Main-8/INFO]: Preparing spawn area: 52%
[20:30:18] [Worker-Main-14/INFO]: Preparing spawn area: 55%
[20:30:19] [Worker-Main-11/INFO]: Preparing spawn area: 60%
[20:30:19] [Worker-Main-1/INFO]: Preparing spawn area: 62%
[20:30:20] [Worker-Main-1/INFO]: Preparing spawn area: 66%
[20:30:20] [Worker-Main-7/INFO]: Preparing spawn area: 73%
[20:30:21] [Worker-Main-4/INFO]: Preparing spawn area: 77%
[20:30:21] [Worker-Main-13/INFO]: Preparing spawn area: 83%
[20:30:22] [Worker-Main-9/INFO]: Preparing spawn area: 87%
[20:30:22] [Worker-Main-14/INFO]: Preparing spawn area: 93%
[20:30:23] [Worker-Main-10/INFO]: Preparing spawn area: 95%
[20:30:23] [Server thread/INFO]: Time elapsed: 15335 ms
[20:30:23] [Server thread/INFO]: Done (26.210s)! For help, type "help"
[20:30:23] [Server thread/INFO]: Stopping server
[20:30:23] [Server thread/INFO]: Saving players
[20:30:23] [Server thread/INFO]: Saving worlds
[20:30:24] [Server thread/INFO]: Saving chunks for level 'ServerLevel[world]'/minecraft:overworld
[20:30:25] [Server thread/INFO]: Saving chunks for level 'ServerLevel[world]'/minecraft:the_end
[20:30:25] [Server thread/INFO]: Saving chunks for level 'ServerLevel[world]'/minecraft:the_nether
[20:30:25] [Server thread/INFO]: ThreadedAnvilChunkStorage (world): All chunks are saved
[20:30:25] [Server thread/INFO]: ThreadedAnvilChunkStorage (DIM1): All chunks are saved
[20:30:25] [Server thread/INFO]: ThreadedAnvilChunkStorage (DIM-1): All chunks are saved
[20:30:25] [Server thread/INFO]: ThreadedAnvilChunkStorage: All dimensions are saved
