[    0.000000] Linux version 4.15.0-192-generic (buildd@lcy02-amd64-029) (gcc version 7.5.0 (Ubuntu 7.5.0-3ubuntu1~18.04)) #203-Ubuntu SMP Wed Aug 10 17:40:03 UTC 2022 (Ubuntu 4.15.0-192.203-generic 4.15.18)
[    0.000000] Command line: BOOT_IMAGE=/boot/vmlinuz-4.15.0-192-generic root=LABEL=cloudimg-rootfs ro console=tty1 console=ttyS0
[    0.000000] KERNEL supported cpus:
[    0.000000]   Intel GenuineIntel
[    0.000000]   AMD AuthenticAMD
[    0.000000]   Centaur CentaurHauls
[    0.000000] [Firmware Bug]: TSC doesn't count with P0 frequency!
[    0.000000] x86/fpu: x87 FPU will use FXSAVE
[    0.000000] e820: BIOS-provided physical RAM map:
[    0.000000] BIOS-e820: [mem 0x0000000000000000-0x000000000009fbff] usable
[    0.000000] BIOS-e820: [mem 0x000000000009fc00-0x000000000009ffff] reserved
[    0.000000] BIOS-e820: [mem 0x00000000000f0000-0x00000000000fffff] reserved
[    0.000000] BIOS-e820: [mem 0x0000000000100000-0x000000007ffeffff] usable
[    0.000000] BIOS-e820: [mem 0x000000007fff0000-0x000000007fffffff] ACPI data
[    0.000000] BIOS-e820: [mem 0x00000000fec00000-0x00000000fec00fff] reserved
[    0.000000] BIOS-e820: [mem 0x00000000fee00000-0x00000000fee00fff] reserved
[    0.000000] BIOS-e820: [mem 0x00000000fffc0000-0x00000000ffffffff] reserved
[    0.000000] NX (Execute Disable) protection: active
[    0.000000] SMBIOS 2.5 present.
[    0.000000] DMI: innotek GmbH VirtualBox/VirtualBox, BIOS VirtualBox 12/01/2006
[    0.000000] Hypervisor detected: KVM
[    0.000000] e820: last_pfn = 0x7fff0 max_arch_pfn = 0x400000000
[    0.000000] MTRR: Disabled
[    0.000000] x86/PAT: MTRRs disabled, skipping PAT initialization too.
[    0.000000] CPU MTRRs all blank - virtualized system.
[    0.000000] x86/PAT: Configuration [0-7]: WB  WT  UC- UC  WB  WT  UC- UC  
[    0.000000] found SMP MP-table at [mem 0x0009fff0-0x0009ffff]
[    0.000000] Scanning 1 areas for low memory corruption
[    0.000000] RAMDISK: [mem 0x359cb000-0x36cdcfff]
[    0.000000] ACPI: Early table checksum verification disabled
[    0.000000] ACPI: RSDP 0x00000000000E0000 000024 (v02 VBOX  )
[    0.000000] ACPI: XSDT 0x000000007FFF0030 00003C (v01 VBOX   VBOXXSDT 00000001 ASL  00000061)
[    0.000000] ACPI: FACP 0x000000007FFF00F0 0000F4 (v04 VBOX   VBOXFACP 00000001 ASL  00000061)
[    0.000000] ACPI: DSDT 0x000000007FFF0470 002325 (v02 VBOX   VBOXBIOS 00000002 INTL 20100528)
[    0.000000] ACPI: FACS 0x000000007FFF0200 000040
[    0.000000] ACPI: FACS 0x000000007FFF0200 000040
[    0.000000] ACPI: APIC 0x000000007FFF0240 00005C (v02 VBOX   VBOXAPIC 00000001 ASL  00000061)
[    0.000000] ACPI: SSDT 0x000000007FFF02A0 0001CC (v01 VBOX   VBOXCPUT 00000002 INTL 20100528)
[    0.000000] ACPI: Reserving FACP table memory at [mem 0x7fff00f0-0x7fff01e3]
[    0.000000] ACPI: Reserving DSDT table memory at [mem 0x7fff0470-0x7fff2794]
[    0.000000] ACPI: Reserving FACS table memory at [mem 0x7fff0200-0x7fff023f]
[    0.000000] ACPI: Reserving FACS table memory at [mem 0x7fff0200-0x7fff023f]
[    0.000000] ACPI: Reserving APIC table memory at [mem 0x7fff0240-0x7fff029b]
[    0.000000] ACPI: Reserving SSDT table memory at [mem 0x7fff02a0-0x7fff046b]
[    0.000000] No NUMA configuration found
[    0.000000] Faking a node at [mem 0x0000000000000000-0x000000007ffeffff]
[    0.000000] NODE_DATA(0) allocated [mem 0x7ffc5000-0x7ffeffff]
[    0.000000] kvm-clock: cpu 0, msr 0:7ff44001, primary cpu clock
[    0.000000] kvm-clock: Using msrs 4b564d01 and 4b564d00
[    0.000000] kvm-clock: using sched offset of 3719603613 cycles
[    0.000000] clocksource: kvm-clock: mask: 0xffffffffffffffff max_cycles: 0x1cd42e4dffb, max_idle_ns: 881590591483 ns
[    0.000000] Zone ranges:
[    0.000000]   DMA      [mem 0x0000000000001000-0x0000000000ffffff]
[    0.000000]   DMA32    [mem 0x0000000001000000-0x000000007ffeffff]
[    0.000000]   Normal   empty
[    0.000000]   Device   empty
[    0.000000] Movable zone start for each node
[    0.000000] Early memory node ranges
[    0.000000]   node   0: [mem 0x0000000000001000-0x000000000009efff]
[    0.000000]   node   0: [mem 0x0000000000100000-0x000000007ffeffff]
[    0.000000] Reserved but unavailable: 104 pages
[    0.000000] Initmem setup node 0 [mem 0x0000000000001000-0x000000007ffeffff]
[    0.000000] ACPI: PM-Timer IO Port: 0x4008
[    0.000000] IOAPIC[0]: apic_id 2, version 32, address 0xfec00000, GSI 0-23
[    0.000000] ACPI: INT_SRC_OVR (bus 0 bus_irq 0 global_irq 2 dfl dfl)
[    0.000000] ACPI: INT_SRC_OVR (bus 0 bus_irq 9 global_irq 9 low level)
[    0.000000] Using ACPI (MADT) for SMP configuration information
[    0.000000] smpboot: Allowing 2 CPUs, 0 hotplug CPUs
[    0.000000] PM: Registered nosave memory: [mem 0x00000000-0x00000fff]
[    0.000000] PM: Registered nosave memory: [mem 0x0009f000-0x0009ffff]
[    0.000000] PM: Registered nosave memory: [mem 0x000a0000-0x000effff]
[    0.000000] PM: Registered nosave memory: [mem 0x000f0000-0x000fffff]
[    0.000000] e820: [mem 0x80000000-0xfebfffff] available for PCI devices
[    0.000000] Booting paravirtualized kernel on KVM
[    0.000000] clocksource: refined-jiffies: mask: 0xffffffff max_cycles: 0xffffffff, max_idle_ns: 7645519600211568 ns
[    0.000000] random: get_random_bytes called from start_kernel+0x99/0x500 with crng_init=0
[    0.000000] setup_percpu: NR_CPUS:8192 nr_cpumask_bits:2 nr_cpu_ids:2 nr_node_ids:1
[    0.000000] percpu: Embedded 50 pages/cpu s167936 r8192 d28672 u1048576
[    0.000000] PV qspinlock hash table entries: 256 (order: 0, 4096 bytes)
[    0.000000] Built 1 zonelists, mobility grouping on.  Total pages: 515961
[    0.000000] Policy zone: DMA32
[    0.000000] Kernel command line: BOOT_IMAGE=/boot/vmlinuz-4.15.0-192-generic root=LABEL=cloudimg-rootfs ro console=tty1 console=ttyS0
[    0.000000] Memory: 2014840K/2096696K available (12300K kernel code, 2484K rwdata, 4324K rodata, 2468K init, 2724K bss, 81856K reserved, 0K cma-reserved)
[    0.000000] SLUB: HWalign=64, Order=0-3, MinObjects=0, CPUs=2, Nodes=1
[    0.000000] ftrace: allocating 39482 entries in 155 pages
[    0.004000] Hierarchical RCU implementation.
[    0.004000] 	RCU restricting CPUs from NR_CPUS=8192 to nr_cpu_ids=2.
[    0.004000] 	Tasks RCU enabled.
[    0.004000] RCU: Adjusting geometry for rcu_fanout_leaf=16, nr_cpu_ids=2
[    0.004000] NR_IRQS: 524544, nr_irqs: 440, preallocated irqs: 16
[    0.004000] Console: colour VGA+ 80x25
[    0.004000] console [tty1] enabled
[    0.004000] console [ttyS0] enabled
[    0.004000] ACPI: Core revision 20170831
[    0.004000] ACPI: 2 ACPI AML tables successfully acquired and loaded
[    0.004000] APIC: Switch to symmetric I/O mode setup
[    0.004000] ..TIMER: vector=0x30 apic1=0 pin1=2 apic2=-1 pin2=-1
[    0.004005] tsc: Detected 3593.264 MHz processor
[    0.008007] Calibrating delay loop (skipped) preset value.. 7186.52 BogoMIPS (lpj=14373056)
[    0.012005] pid_max: default: 32768 minimum: 301
[    0.016073] Security Framework initialized
[    0.020004] Yama: becoming mindful.
[    0.024084] AppArmor: AppArmor initialized
[    0.034958] Dentry cache hash table entries: 262144 (order: 9, 2097152 bytes)
[    0.039481] Inode-cache hash table entries: 131072 (order: 8, 1048576 bytes)
[    0.040133] Mount-cache hash table entries: 4096 (order: 3, 32768 bytes)
[    0.044113] Mountpoint-cache hash table entries: 4096 (order: 3, 32768 bytes)
[    0.049098] Last level iTLB entries: 4KB 1024, 2MB 1024, 4MB 512
[    0.052004] Last level dTLB entries: 4KB 2048, 2MB 2048, 4MB 1024, 1GB 0
[    0.056007] Spectre V1 : Mitigation: usercopy/swapgs barriers and __user pointer sanitization
[    0.060006] Spectre V2 : Mitigation: Retpolines
[    0.064002] Spectre V2 : Spectre v2 / SpectreRSB mitigation: Filling RSB on context switch
[    0.068153] Freeing SMP alternatives memory: 36K
[    0.185310] smpboot: CPU0: AMD Ryzen 7 3700X 8-Core Processor (family: 0x17, model: 0x71, stepping: 0x0)
[    0.188396] Performance Events: PMU not available due to virtualization, using software events only.
[    0.192105] Hierarchical SRCU implementation.
[    0.196776] NMI watchdog: Perf event create on CPU 0 failed with -2
[    0.200003] NMI watchdog: Perf NMI watchdog permanently disabled
[    0.204306] smp: Bringing up secondary CPUs ...
[    0.208986] x86: Booting SMP configuration:
[    0.212003] .... node  #0, CPUs:      #1
[    0.004000] kvm-clock: cpu 1, msr 0:7ff44041, secondary cpu clock
[    0.223765] TSC synchronization [CPU#0 -> CPU#1]:
[    0.224000] Measured 70867 cycles TSC warp between CPUs, turning off TSC clock.
[    0.224000] tsc: Marking TSC unstable due to check_tsc_sync_source failed
[    0.228083] smp: Brought up 1 node, 2 CPUs
[    0.232006] smpboot: Max logical packages: 1
[    0.236057] smpboot: Total of 2 processors activated (14373.05 BogoMIPS)
[    0.240518] devtmpfs: initialized
[    0.244381] x86/mm: Memory block size: 128MB
[    0.248591] evm: security.selinux
[    0.252002] evm: security.SMACK64
[    0.256003] evm: security.SMACK64EXEC
[    0.260002] evm: security.SMACK64TRANSMUTE
[    0.264003] evm: security.SMACK64MMAP
[    0.268002] evm: security.apparmor
[    0.270669] evm: security.ima
[    0.272003] evm: security.capability
[    0.280007] clocksource: jiffies: mask: 0xffffffff max_cycles: 0xffffffff, max_idle_ns: 7645041785100000 ns
[    0.284010] futex hash table entries: 512 (order: 3, 32768 bytes)
[    0.288273] pinctrl core: initialized pinctrl subsystem
[    0.292369] RTC time:  3:11:15, date: 10/28/22
[    0.296639] NET: Registered protocol family 16
[    0.299814] audit: initializing netlink subsys (disabled)
[    0.304419] audit: type=2000 audit(1666926680.528:1): state=initialized audit_enabled=0 res=1
[    0.308016] cpuidle: using governor ladder
[    0.312253] cpuidle: using governor menu
[    0.320045] ACPI: bus type PCI registered
[    0.322755] acpiphp: ACPI Hot Plug PCI Controller Driver version: 0.5
[    0.324675] PCI: Using configuration type 1 for base access
[    0.328003] PCI: Using configuration type 1 for extended access
[    0.336366] HugeTLB registered 2.00 MiB page size, pre-allocated 0 pages
[    0.344278] ACPI: Added _OSI(Module Device)
[    0.348003] ACPI: Added _OSI(Processor Device)
[    0.352003] ACPI: Added _OSI(3.0 _SCP Extensions)
[    0.356005] ACPI: Added _OSI(Processor Aggregator Device)
[    0.360004] ACPI: Added _OSI(Linux-Dell-Video)
[    0.364003] ACPI: Added _OSI(Linux-Lenovo-NV-HDMI-Audio)
[    0.368007] ACPI: Added _OSI(Linux-HPI-Hybrid-Graphics)
[    0.376174] ACPI: Executed 1 blocks of module-level executable AML code
[    0.385000] ACPI: Interpreter enabled
[    0.387745] ACPI: (supports S0 S5)
[    0.388004] ACPI: Using IOAPIC for interrupt routing
[    0.392376] PCI: Using host bridge windows from ACPI; if necessary, use "pci=nocrs" and report a bug
[    0.400223] ACPI: Enabled 2 GPEs in block 00 to 07
[    0.412915] ACPI: PCI Root Bridge [PCI0] (domain 0000 [bus 00-ff])
[    0.416010] acpi PNP0A03:00: _OSC: OS supports [ExtendedConfig ASPM ClockPM Segments MSI]
[    0.424552] acpi PNP0A03:00: _OSC: platform does not support [PCIeCapability]
[    0.428690] acpi PNP0A03:00: _OSC: not requesting control; platform does not support [PCIeCapability]
[    0.436007] acpi PNP0A03:00: _OSC: OS requested [PCIeHotplug PME AER PCIeCapability]
[    0.440006] acpi PNP0A03:00: _OSC: platform willing to grant [PCIeHotplug PME AER]
[    0.444005] acpi PNP0A03:00: _OSC failed (AE_SUPPORT); disabling ASPM
[    0.452477] PCI host bridge to bus 0000:00
[    0.456004] pci_bus 0000:00: root bus resource [io  0x0000-0x0cf7 window]
[    0.460006] pci_bus 0000:00: root bus resource [io  0x0d00-0xffff window]
[    0.464005] pci_bus 0000:00: root bus resource [mem 0x000a0000-0x000bffff window]
[    0.468003] pci_bus 0000:00: root bus resource [mem 0x80000000-0xfdffffff window]
[    0.476005] pci_bus 0000:00: root bus resource [bus 00-ff]
[    0.486102] pci 0000:00:01.1: legacy IDE quirk: reg 0x10: [io  0x01f0-0x01f7]
[    0.488008] pci 0000:00:01.1: legacy IDE quirk: reg 0x14: [io  0x03f6]
[    0.496003] pci 0000:00:01.1: legacy IDE quirk: reg 0x18: [io  0x0170-0x0177]
[    0.500004] pci 0000:00:01.1: legacy IDE quirk: reg 0x1c: [io  0x0376]
[    0.520714] pci 0000:00:07.0: quirk: [io  0x4000-0x403f] claimed by PIIX4 ACPI
[    0.524030] pci 0000:00:07.0: quirk: [io  0x4100-0x410f] claimed by PIIX4 SMB
[    0.537458] ACPI: PCI Interrupt Link [LNKA] (IRQs 5 9 10 *11)
[    0.540515] ACPI: PCI Interrupt Link [LNKB] (IRQs 5 9 *10 11)
[    0.544187] ACPI: PCI Interrupt Link [LNKC] (IRQs 5 *9 10 11)
[    0.548184] ACPI: PCI Interrupt Link [LNKD] (IRQs 5 9 10 *11)
[    0.552650] SCSI subsystem initialized
[    0.556190] pci 0000:00:02.0: vgaarb: setting as boot VGA device
[    0.560000] pci 0000:00:02.0: vgaarb: VGA device added: decodes=io+mem,owns=io+mem,locks=none
[    0.560009] pci 0000:00:02.0: vgaarb: bridge control possible
[    0.564003] vgaarb: loaded
[    0.565976] ACPI: bus type USB registered
[    0.568019] usbcore: registered new interface driver usbfs
[    0.571794] usbcore: registered new interface driver hub
[    0.572014] usbcore: registered new device driver usb
[    0.576228] EDAC MC: Ver: 3.0.0
[    0.580293] PCI: Using ACPI for IRQ routing
[    0.584733] NetLabel: Initializing
[    0.587102] NetLabel:  domain hash size = 128
[    0.588003] NetLabel:  protocols = UNLABELED CIPSOv4 CALIPSO
[    0.592018] NetLabel:  unlabeled traffic allowed by default
[    0.596252] clocksource: Switched to clocksource kvm-clock
[    0.633826] VFS: Disk quotas dquot_6.6.0
[    0.640938] VFS: Dquot-cache hash table entries: 512 (order 0, 4096 bytes)
[    0.646221] AppArmor: AppArmor Filesystem Enabled
[    0.649882] pnp: PnP ACPI init
[    0.653843] pnp: PnP ACPI: found 3 devices
[    0.687469] clocksource: acpi_pm: mask: 0xffffff max_cycles: 0xffffff, max_idle_ns: 2085701024 ns
[    0.693776] NET: Registered protocol family 2
[    0.697952] IP idents hash table entries: 32768 (order: 6, 262144 bytes)
[    0.703243] TCP established hash table entries: 16384 (order: 5, 131072 bytes)
[    0.708873] TCP bind hash table entries: 16384 (order: 6, 262144 bytes)
[    0.714369] TCP: Hash tables configured (established 16384 bind 16384)
[    0.719511] UDP hash table entries: 1024 (order: 3, 32768 bytes)
[    0.723953] UDP-Lite hash table entries: 1024 (order: 3, 32768 bytes)
[    0.728866] NET: Registered protocol family 1
[    0.732024] pci 0000:00:00.0: Limiting direct PCI/PCI transfers
[    0.736665] pci 0000:00:01.0: Activating ISA DMA hang workarounds
[    0.741170] pci 0000:00:02.0: Video device with shadowed ROM at [mem 0x000c0000-0x000dffff]
[    0.747388] Unpacking initramfs...
[    1.038701] Freeing initrd memory: 19528K
[    1.163076] clocksource: tsc: mask: 0xffffffffffffffff max_cycles: 0x33cb77f747f, max_idle_ns: 440795228884 ns
[    1.170004] platform rtc_cmos: registered platform RTC device (no PNP device found)
[    1.175379] Scanning for low memory corruption every 60 seconds
[    1.181445] Initialise system trusted keyrings
[    1.184866] Key type blacklist registered
[    1.188283] workingset: timestamp_bits=36 max_order=19 bucket_order=0
[    1.195140] zbud: loaded
[    1.198496] squashfs: version 4.0 (2009/01/31) Phillip Lougher
[    1.203639] fuse init (API version 7.26)
[    1.229165] Key type asymmetric registered
[    1.231950] Asymmetric key parser 'x509' registered
[    1.235624] Block layer SCSI generic (bsg) driver version 0.4 loaded (major 246)
[    1.241239] io scheduler noop registered
[    1.243922] io scheduler deadline registered
[    1.247192] io scheduler cfq registered (default)
[    1.251285] ACPI: AC Adapter [AC] (on-line)
[    1.254432] input: Power Button as /devices/LNXSYSTM:00/LNXPWRBN:00/input/input0
[    1.259911] ACPI: Power Button [PWRF]
[    1.262988] input: Sleep Button as /devices/LNXSYSTM:00/LNXSLPBN:00/input/input1
[    1.268161] ACPI: Sleep Button [SLPF]
[    1.272015] Serial: 8250/16550 driver, 32 ports, IRQ sharing enabled
[    1.304792] 00:02: ttyS0 at I/O 0x3f8 (irq = 4, base_baud = 115200) is a 16550A
[    1.323012] Linux agpgart interface v0.103
[    1.333977] loop: module loaded
[    1.338591] scsi host0: ata_piix
[    1.341561] scsi host1: ata_piix
[    1.343818] ata1: PATA max UDMA/33 cmd 0x1f0 ctl 0x3f6 bmdma 0xd000 irq 14
[    1.348414] ata2: PATA max UDMA/33 cmd 0x170 ctl 0x376 bmdma 0xd008 irq 15
[    1.353452] tun: Universal TUN/TAP device driver, 1.6
[    1.357435] PPP generic driver version 2.4.2
[    1.360755] ehci_hcd: USB 2.0 'Enhanced' Host Controller (EHCI) Driver
[    1.365031] ehci-pci: EHCI PCI platform driver
[    1.368022] ehci-platform: EHCI generic platform driver
[    1.371605] ohci_hcd: USB 1.1 'Open' Host Controller (OHCI) Driver
[    1.375755] ohci-pci: OHCI PCI platform driver
[    1.378927] ohci-platform: OHCI generic platform driver
[    1.382493] uhci_hcd: USB Universal Host Controller Interface driver
[    1.386740] i8042: PNP: PS/2 Controller [PNP0303:PS2K,PNP0f03:PS2M] at 0x60,0x64 irq 1,12
[    1.394598] serio: i8042 KBD port at 0x60,0x64 irq 1
[    1.398035] serio: i8042 AUX port at 0x60,0x64 irq 12
[    1.401908] mousedev: PS/2 mouse device common for all mice
[    1.408562] rtc_cmos rtc_cmos: rtc core: registered rtc_cmos as rtc0
[    1.413121] input: AT Translated Set 2 keyboard as /devices/platform/i8042/serio0/input/input2
[    1.416825] rtc_cmos rtc_cmos: alarms up to one day, 114 bytes nvram
[    1.423701] i2c /dev entries driver
[    1.426527] device-mapper: uevent: version 1.0.3
[    1.430296] device-mapper: ioctl: 4.37.0-ioctl (2017-09-20) initialised: dm-devel@redhat.com
[    1.436830] ledtrig-cpu: registered to indicate activity on CPUs
[    1.442415] NET: Registered protocol family 10
[    1.451574] Segment Routing with IPv6
[    1.454498] NET: Registered protocol family 17
[    1.458292] Key type dns_resolver registered
[    1.461996] mce: Using 0 MCE banks
[    1.464625] RAS: Correctable Errors collector initialized.
[    1.468400] sched_clock: Marking stable (1468356014, 0)->(2036588815, -568232801)
[    1.475642] registered taskstats version 1
[    1.478549] Loading compiled-in X.509 certificates
[    1.485065] Loaded X.509 cert 'Build time autogenerated kernel key: af04d57e94487e4500da7630f19b69a59e91d95a'
[    1.492231] Loaded X.509 cert 'Canonical Ltd. Live Patch Signing: 14df34d1a87cf37625abec039ef2bf521249b969'
[    1.499168] Loaded X.509 cert 'Canonical Ltd. Kernel Module Signing: 88f752e560a1e0737e31163a466ad7b70a850c19'
[    1.506622] blacklist: Loading compiled-in revocation X.509 certificates
[    1.511157] Loaded X.509 cert 'Canonical Ltd. Secure Boot Signing: 61482aa2830d0ab2ad5af10b7250da9033ddcef0'
[    1.518049] zswap: loaded using pool lzo/zbud
[    1.574231] Key type big_key registered
[    1.576980] Key type trusted registered
[    1.582697] Key type encrypted registered
[    1.585544] AppArmor: AppArmor sha1 policy hashing enabled
[    1.589426] ima: No TPM chip found, activating TPM-bypass! (rc=-19)
[    1.593755] ima: Allocated hash algorithm: sha1
[    1.597039] evm: HMAC attrs: 0x1
[    1.599731]   Magic number: 10:62:160
[    1.602427] vc vcs1: hash matches
[    1.605198] rtc_cmos rtc_cmos: setting system clock to 2022-10-28 03:11:16 UTC (1666926676)
[    1.611601] BIOS EDD facility v0.16 2004-Jun-25, 0 devices found
[    1.615931] EDD information not available.
[    1.622008] Freeing unused kernel image memory: 2468K
[    1.641124] Write protecting the kernel read-only data: 20480k
[    1.646287] Freeing unused kernel image memory: 2008K
[    1.650307] Freeing unused kernel image memory: 1820K
[    1.659778] x86/mm: Checked W+X mappings: passed, no W+X pages found.
Loading, please wait...
starting version 237
[    1.720993] e1000: Intel(R) PRO/1000 Network Driver - version 7.3.21-k8-NAPI
[    1.726545] e1000: Copyright (c) 1999-2006 Intel Corporation.
[    1.747327] Fusion MPT base driver 3.04.20
[    1.750275] Copyright (c) 1999-2008 LSI Corporation
[    1.764250] Fusion MPT SPI Host driver 3.04.20
[    2.010453] input: ImExPS/2 Generic Explorer Mouse as /devices/platform/i8042/serio1/input/input4
[    2.333791] e1000 0000:00:03.0 eth0: (PCI:33MHz:32-bit) 02:36:54:6b:82:69
[    2.338361] e1000 0000:00:03.0 eth0: Intel(R) PRO/1000 Network Connection
[    2.344380] mptbase: ioc0: Initiating bringup
[    2.348871] e1000 0000:00:03.0 enp0s3: renamed from eth0
[    2.463549] ioc0: LSI53C1030 A0: Capabilities={Initiator}
[    3.784260] scsi host2: ioc0: LSI53C1030 A0, FwRev=00000000h, Ports=1, MaxQ=256, IRQ=20
[    4.353341] scsi 2:0:0:0: Direct-Access     VBOX     HARDDISK         1.0  PQ: 0 ANSI: 5
[    4.388220] scsi target2:0:0: Beginning Domain Validation
[    4.396975] scsi target2:0:0: Domain Validation skipping write tests
[    4.401053] scsi target2:0:0: Ending Domain Validation
[    4.404565] scsi target2:0:0: asynchronous
[    4.409013] scsi 2:0:1:0: Direct-Access     VBOX     HARDDISK         1.0  PQ: 0 ANSI: 5
[    5.060417] scsi target2:0:1: Beginning Domain Validation
[    5.065581] random: fast init done
[    5.071714] scsi target2:0:1: Domain Validation skipping write tests
[    5.076290] scsi target2:0:1: Ending Domain Validation
[    5.080195] scsi target2:0:1: asynchronous
[    5.091992] sd 2:0:0:0: Attached scsi generic sg0 type 0
[    5.092234] random: systemd-udevd: uninitialized urandom read (16 bytes read)
[    5.096276] sd 2:0:1:0: Attached scsi generic sg1 type 0
[    5.101213] random: systemd-udevd: uninitialized urandom read (16 bytes read)
[    5.109855] random: systemd-udevd: uninitialized urandom read (16 bytes read)
[    5.115296] sd 2:0:0:0: [sda] 83886080 512-byte logical blocks: (42.9 GB/40.0 GiB)
[    5.116132] sd 2:0:1:0: [sdb] 20480 512-byte logical blocks: (10.5 MB/10.0 MiB)
[    5.126282] sd 2:0:0:0: [sda] Write Protect is off
[    5.126474] sd 2:0:1:0: [sdb] Write Protect is off
[    5.133720] sd 2:0:1:0: [sdb] Incomplete mode parameter data
[    5.133775] sd 2:0:0:0: [sda] Incomplete mode parameter data
[    5.137429] sd 2:0:1:0: [sdb] Assuming drive cache: write through
[    5.141671] sd 2:0:0:0: [sda] Assuming drive cache: write through
[    5.163851]  sda: sda1
[    5.167231] sd 2:0:1:0: [sdb] Attached SCSI disk
[    5.171681] sd 2:0:0:0: [sda] Attached SCSI disk
Begin: Loading essential drivers ... [    7.730580] raid6: sse2x1   gen() 171720 MB/s
[    9.735277] raid6: sse2x1   xor() 197550 MB/s
[   11.741736] raid6: sse2x2   gen() 410506 MB/s
[   11.806240] raid6: sse2x2   xor() 14276 MB/s
[   11.860132] raid6: sse2x4   gen() 18177 MB/s
[   11.913777] raid6: sse2x4   xor() 10254 MB/s
[   11.917138] raid6: using algorithm sse2x2 gen() 410506 MB/s
[   11.921199] raid6: .... xor() 14276 MB/s, rmw enabled
[   11.925103] raid6: using ssse3x2 recovery algorithm
[   11.930216] xor: measuring software checksum speed
[   11.972582]    prefetch64-sse: 16987.000 MB/sec
[   12.012832]    generic_sse: 19149.000 MB/sec
[   12.015790] xor: using function: generic_sse (19149.000 MB/sec)
[   12.021532] async_tx: api initialized (async)
done.
Begin: Running /scripts/init-premount ... done.
Begin: Mounting root file system ... Begin: Running /scripts/local-top ... done.
Begin: Running /scripts/local-premount ... [   12.068904] Btrfs loaded, crc32c=crc32c-intel
Scanning for Btrfs filesystems
done.
Warning: fsck not present, so skipping root file system
[   12.123685] EXT4-fs (sda1): mounted filesystem with ordered data mode. Opts: (null)
done.
Begin: Running /scripts/local-bottom ... done.
Begin: Running /scripts/init-bottom ... done.
[   12.306637] ip_tables: (C) 2000-2006 Netfilter Core Team
[   12.324664] systemd[1]: systemd 237 running in system mode. (+PAM +AUDIT +SELINUX +IMA +APPARMOR +SMACK +SYSVINIT +UTMP +LIBCRYPTSETUP +GCRYPT +GNUTLS +ACL +XZ +LZ4 +SECCOMP +BLKID +ELFUTILS +KMOD -IDN2 +IDN -PCRE2 default-hierarchy=hybrid)
[   12.339488] systemd[1]: Detected virtualization oracle.
[   12.343397] systemd[1]: Detected architecture x86-64.

Welcome to [1mUbuntu 18.04.6 LTS[0m!

[   12.368340] systemd[1]: Set hostname to <ubuntu>.
[   12.378205] systemd[1]: Initializing machine ID from random generator.
[   12.382880] systemd[1]: Installed transient /etc/machine-id file.
[   12.813697] systemd[1]: Reached target Swap.
[[0;32m  OK  [0m] Reached target Swap.
[   12.818272] systemd[1]: Set up automount Arbitrary Executable File Formats File System Automount Point.
[[0;32m  OK  [0m] Set up automount Arbitrary Executab…rmats File System Automount Point.
[   12.827379] systemd[1]: Started Forward Password Requests to Wall Directory Watch.
[[0;32m  OK  [0m] Started Forward Password Requests to Wall Directory Watch.
[   12.842750] systemd[1]: Created slice System Slice.
[[0;32m  OK  [0m] Created slice System Slice.
[[0;32m  OK  [0m] Listening on Journal Audit Socket.
[[0;32m  OK  [0m] Listening on Journal Socket.
         Mounting POSIX Message Queue File System...
[[0;32m  OK  [0m] Listening on /dev/initctl Compatibility Named Pipe.
[[0;32m  OK  [0m] Listening on Syslog Socket.
[[0;32m  OK  [0m] Listening on LVM2 metadata daemon socket.
[[0;32m  OK  [0m] Listening on udev Control Socket.
[[0;32m  OK  [0m] Reached target System Time Synchronized.
         Starting Uncomplicated firewall...
[[0;32m  OK  [0m] Listening on Network Service Netlink Socket.
         Mounting Kernel Debug File System...
         Mounting Huge Pages File System...
[[0;32m  OK  [0m] Listening on LVM2 poll daemon socket.
[[0;32m  OK  [0m] Reached target User and Group Name Lookups.
         Starting Set the console keyboard layout...
         Starting Load Kernel Modules...
         Starting Create list of required st…ce nodes for the current kernel...
[[0;32m  OK  [0m] Created slice User and Session Slice.
[[0;32m  OK  [0m] Reached target Slices.
[[0;32m  OK  [0m] Listening on fsck to fsckd communication Socket.
         Starting File System Check on Root Device...
[[0;32m  OK  [0m] Listening on udev Kernel Socket.
         Starting udev Coldplug all Devices...
[[0;32m  OK  [0m] Listening on Device-mapper event daemon FIFOs.
         Starting Monitoring of LVM2 mirrors…ng dmeventd or progress polling...
[[0;32m  OK  [0m] Listening on Journal Socket (/dev/log).
         Starting Journal Service...
[[0;32m  OK  [0m] Created slice system-serial\x2dgetty.slice.
[[0;32m  OK  [0m] Mounted POSIX Message Queue File System.
[[0;32m  OK  [0m] Started Uncomplicated firewall.
[[0;32m  OK  [0m] Mounted Kernel Debug File System.
[[0;32m  OK  [0m] Mounted Huge Pages File System.
[[0;32m  OK  [0m] Started Create list of required sta…vice nodes for the current kernel.
[[0;32m  OK  [0m] Started File System Check Daemon to report status.
         Starting Create Static Device Nodes in /dev...
[[0;32m  OK  [0m] Started udev Coldplug all Devices.
[[0;32m  OK  [0m] Started LVM2 metadata daemon.
[   12.983949] Loading iSCSI transport class v2.0-870.
[   12.992648] iscsi: registered transport (tcp)
[   13.011585] iscsi: registered transport (iser)
[[0;32m  OK  [0m] Started Load Kernel Modules.
         Mounting Kernel Configuration File System...
         Mounting FUSE Control File System...
         Starting Apply Kernel Variables...
[[0;32m  OK  [0m] Started File System Check on Root Device.
[[0;32m  OK  [0m] Mounted Kernel Configuration File System.
[[0;32m  OK  [0m] Mounted FUSE Control File System.
         Starting Remount Root and Kernel File Systems...
[[0;32m  OK  [0m] Started Journal Service.
[[0;32m  OK  [0m] Started Create Static Device Nodes in /dev.
[[0;32m  OK  [0m] Started Apply Kernel Variables.
[[0;32m  OK  [0m] Started Remount Root and Kernel File Systems.
         Starting Flush Journal to Persistent Storage...
         Starting Load/Save Random Seed...
         Starting udev Kernel Device Manager...
[[0;32m  OK  [0m] Started Monitoring of LVM2 mirrors,…sing dmeventd or progress polling.
[[0;32m  OK  [0m] Started Load/Save Random Seed.
[[0;32m  OK  [0m] Started udev Kernel Device Manager.
[[0;32m  OK  [0m] Started Set the console keyboard layout.
[[0;32m  OK  [0m] Reached target Local File Systems (Pre).
[[0;32m  OK  [0m] Reached target Local File Systems.
         Starting AppArmor initialization...
         Starting Set console font and keymap...
         Starting Commit a transient machine-id on disk...
         Starting Tell Plymouth To Write Out Runtime Data...
         Starting ebtables ruleset management...
[[0;32m  OK  [0m] Started Dispatch Password Requests to Console Directory Watch.
[[0;32m  OK  [0m] Reached target Local Encrypted Volumes.
[[0;32m  OK  [0m] Started Set console font and keymap.
[[0;32m  OK  [0m] Started Flush Journal to Persistent Storage.
         Starting Create Volatile Files and Directories...
[[0;32m  OK  [0m] Started Tell Plymouth To Write Out Runtime Data.
[[0;32m  OK  [0m] Started Create Volatile Files and Directories.
         Starting Update UTMP about System Boot/Shutdown...
[[0;32m  OK  [0m] Started Commit a transient machine-id on disk.
[[0;32m  OK  [0m] Started Update UTMP about System Boot/Shutdown.
[[0;32m  OK  [0m] Started ebtables ruleset management.
[[0;32m  OK  [0m] Found device /dev/ttyS0.
[[0;32m  OK  [0m] Listening on Load/Save RF Kill Switch Status /dev/rfkill Watch.
[[0;32m  OK  [0m] Started AppArmor initialization.
         Starting Load AppArmor profiles managed internally by snapd...
         Starting Initial cloud-init job (pre-networking)...
[[0;32m  OK  [0m] Started Load AppArmor profiles managed internally by snapd.
[   15.096265] cloud-init[544]: Cloud-init v. 22.2-0ubuntu1~18.04.3 running 'init-local' at Fri, 28 Oct 2022 03:11:29 +0000. Up 14.80 seconds.
[[0;32m  OK  [0m] Started Initial cloud-init job (pre-networking).
[[0;32m  OK  [0m] Reached target Network (Pre).
         Starting Network Service...
[[0;32m  OK  [0m] Started Network Service.
         Starting Wait for Network to be Configured...
         Starting Network Name Resolution...
[[0;32m  OK  [0m] Started Network Name Resolution.
[[0;32m  OK  [0m] Reached target Host and Network Name Lookups.
[[0;32m  OK  [0m] Reached target Network.
[[0;32m  OK  [0m] Started Wait for Network to be Configured.
         Starting Initial cloud-init job (metadata service crawler)...
[   17.061866] cloud-init[650]: Cloud-init v. 22.2-0ubuntu1~18.04.3 running 'init' at Fri, 28 Oct 2022 03:11:31 +0000. Up 16.94 seconds.
[   17.068314] cloud-init[650]: ci-info: ++++++++++++++++++++++++++++++++++++++Net device info++++++++++++++++++++++++++++++++++++++
[   17.073679] cloud-init[650]: ci-info: +--------+------+----------------------------+---------------+--------+-------------------+
[   17.078717] cloud-init[650]: ci-info: | Device |  Up  |          Address           |      Mask     | Scope  |     Hw-Address    |
[   17.083385] cloud-init[650]: ci-info: +--------+------+----------------------------+---------------+--------+-------------------+
[   17.089029] cloud-init[650]: ci-info: | enp0s3 | True |         10.0.2.15          | 255.255.255.0 | global | 02:36:54:6b:82:69 |
[   17.094718] cloud-init[650]: ci-info: | enp0s3 | True | fe80::36:54ff:fe6b:8269/64 |       .       |  link  | 02:36:54:6b:82:69 |
[   17.102135] cloud-init[650]: ci-info: |   lo   | True |         127.0.0.1          |   255.0.0.0   |  host  |         .         |
[   17.107558] cloud-init[650]: ci-info: |   lo   | True |          ::1/128           |       .       |  host  |         .         |
[   17.113345] cloud-init[650]: ci-info: +--------+------+----------------------------+---------------+--------+-------------------+
[   17.119063] cloud-init[650]: ci-info: ++++++++++++++++++++++++++++Route IPv4 info+++++++++++++++++++++++++++++
[   17.123415] cloud-init[650]: ci-info: +-------+-------------+----------+-----------------+-----------+-------+
[   17.128735] cloud-init[650]: ci-info: | Route | Destination | Gateway  |     Genmask     | Interface | Flags |
[   17.133831] cloud-init[650]: ci-info: +-------+-------------+----------+-----------------+-----------+-------+
[   17.138300] cloud-init[650]: ci-info: |   0   |   0.0.0.0   | 10.0.2.2 |     0.0.0.0     |   enp0s3  |   UG  |
[   17.142863] cloud-init[650]: ci-info: |   1   |   10.0.2.0  | 0.0.0.0  |  255.255.255.0  |   enp0s3  |   U   |
[   17.147344] cloud-init[650]: ci-info: |   2   |   10.0.2.2  | 0.0.0.0  | 255.255.255.255 |   enp0s3  |   UH  |
[   17.152013] cloud-init[650]: ci-info: +-------+-------------+----------+-----------------+-----------+-------+
[   17.156686] cloud-init[650]: ci-info: +++++++++++++++++++Route IPv6 info+++++++++++++++++++
[   17.160949] cloud-init[650]: ci-info: +-------+-------------+---------+-----------+-------+
[   17.165226] cloud-init[650]: ci-info: | Route | Destination | Gateway | Interface | Flags |
[   17.170245] cloud-init[650]: ci-info: +-------+-------------+---------+-----------+-------+
[   17.175970] cloud-init[650]: ci-info: |   1   |  fe80::/64  |    ::   |   enp0s3  |   U   |
[   17.181591] cloud-init[650]: ci-info: |   3   |    local    |    ::   |   enp0s3  |   U   |
[   17.187277] cloud-init[650]: ci-info: |   4   |   ff00::/8  |    ::   |   enp0s3  |   U   |
[   17.193510] cloud-init[650]: ci-info: +-------+-------------+---------+-----------+-------+
[   17.829408] cloud-init[650]: Generating public/private rsa key pair.
[   17.833241] cloud-init[650]: Your identification has been saved in /etc/ssh/ssh_host_rsa_key.
[   17.837670] cloud-init[650]: Your public key has been saved in /etc/ssh/ssh_host_rsa_key.pub.
[   17.841848] cloud-init[650]: The key fingerprint is:
[   17.845520] cloud-init[650]: SHA256:K6zrliumj9BHbgjwZb6wajfWFwllszRTiuIM7EGwxEY root@ubuntu-bionic
[   17.849829] cloud-init[650]: The key's randomart image is:
[   17.853206] cloud-init[650]: +---[RSA 2048]----+
[   17.856478] cloud-init[650]: |=E      ..       |
[   17.859755] cloud-init[650]: |++    .B.        |
[   17.862884] cloud-init[650]: [[0;32m  OK  [0m] Started Initial cloud-init job (metadata service crawler).
[[0;32m  OK  [0m] Reached target Network is Online.
         Starting Availability of block devices...
[[0;32m  OK  [0m] Reached target Remote File Systems (Pre).
[[0;32m  OK  [0m] Reached target Remote File Systems.
[[0;32m  OK  [0m] Reached target System Initialization.
[[0;32m  OK  [0m] Started Daily apt download activities.
[[0;32m  OK  [0m] Started Daily Cleanup of Temporary Directories.
[[0;32m  OK  [0m] Started ACPI Events Check.
         Starting LXD - unix socket.
[[0;32m  OK  [0m] Listening on Open-iSCSI iscsid Socket.
[[0;32m  OK  [0m] Listening on cloud-init hotplug hook socket.
[[0;32m  OK  [0m] Started Message of the Day.
[[0;32m  OK  [0m] Listening on D-Bus System Message Bus Socket.
[[0;32m  OK  [0m] Started Discard unused blocks once a week.
[[0;32m  OK  [0m] Reached target Paths.
[[0;32m  OK  [0m] Started Ubuntu Advantage Timer for running repeated jobs.
[[0;32m  OK  [0m] Listening on UUID daemon activation socket.
         Starting Socket activation for snappy daemon.
[[0;32m  OK  [0m] Listening on ACPID Listen Socket.
[[0;32m  OK  [0m] Started Daily apt upgrade and clean activities.
[[0;32m  OK  [0m] Reached target Timers.
[[0;32m  OK  [0m] Reached target Cloud-config availability.
[[0;32m  OK  [0m] Started Availability of block devices.
[[0;32m  OK  [0m] Listening on Socket activation for snappy daemon.
[[0;32m  OK  [0m] Listening on LXD - unix socket.
[[0;32m  OK  [0m] Reached target Sockets.
[[0;32m  OK  [0m] Reached target Basic System.
[[0;32m  OK  [0m] Started D-Bus System Message Bus.
|++ .o.+.=        |
[   17.902883] cloud-init[650]: |o.=+.. .         |
[   17.906191] cloud-init[650]: |..ooo . S        |
[   17.909429] cloud-init[650]: | o * o o .       |
[   17.912772] cloud-init[650]: |. + *.o o        |
[   17.916459] cloud-init[650]: |.+o*oo o         |
[   17.921179] cloud-init[650]: |=+++*o.          |         Starting Dispatcher daemon for systemd-networkd...
[[0;32m  OK  [0m] Started Regular background program processing daemon.
         Starting Login Service...
         Starting System Logging Service...
         Starting Virtualbox guest utils...

         Starting LSB: automatic crash report generation...
[[0;32m  OK  [0m] Started FUSE filesystem for LXC.
[   17.956384] cloud-init[650]: +----[SHA256]-----+
[   17.965256] cloud-init[650]: Generating public/private dsa key pair.
[   17.970457] cloud-init[650]: Your identification has been saved in /etc/ssh/ssh_host_dsa_key.
[   17.974017] cloud-init[650]: Your public key has been saved in /etc/ssh/ssh_host_dsa_key.pub.
[   17.976580] cloud-init[650]: The key fingerprint is:
[   17.978026] cloud-init[650]: SHA256:u5aicM6ZPnJoA7QU9vb2D6khhPj15NETs1Z+Jl2LP5k root@ubuntu-bionic
[   17.980602] cloud-init[650]: The key's randomart image is:
[   17.982139] cloud-init[650]: +---[DSA 1024]----+
[   17.983721] cloud-init[650]: |                 |
[   17.985587] cloud-init[650]: | o               |
[   17.988342] cloud-init[650]: |. o     o .   .  |
[   17.989998] cloud-init[650]: |.o.o   . * . o . |
[   17.991377] cloud-init[650]: |+.o.o o S o = .  |
[   17.992852] cloud-init[650]: |.o.. * o.o + . o |
[   17.994315] cloud-init[650]: | .ooo.+o..    E  |
[   17.996666] cloud-init[650]: |  ==+o+.+.     . |
[   17.998653] cloud-init[650]: | . =B+ oo.       |
[   18.000601] cloud-init[650]: +----[SHA256]-----+
[   18.002515] cloud-init[650]: Generating public/private ecdsa key pair.
[   18.004394] cloud-init[650]: Your identification has been saved in /etc/ssh/ssh_host_ecdsa_key.
[   18.006896] cloud-init[650]: Your public key has been saved in /etc/ssh/ssh_host_ecdsa_key.pub.
[[0;32m  OK  [0m] Started irqbalance daemon.
[   18.013898]          Starting Permit User Sessions...
cloud-init         Starting Snap Daemon...
         Starting Accounts Service...
[650]:          Starting Pollinate to seed the pseudo random number generator...
[[0;32m  OK  [0m] Started Deferred execution scheduler.
         Starting LSB: Record successful boot for GRUB...
         Starting LXD - container startup/shutdown...
The key fingerprint is:
[   18.035406] cloud-init[650]: SHA256:ULoiZ82UlRA9kfPjr6gNKgPiN4gYt+hoOOmPFur/GEc root@ubuntu-bionic
[   18.046259] cloud-init[650]: The key's randomart image is:
[   18.068282] cloud-init[650]: +---[ECDSA 256]---+
[   18.072465] cloud-init[650]: |      o+++       |
[   18.075705] cloud-init[650]: |       =*        |[[0;32m  OK  [0m] Started System Logging Service.

[   18.082509] [[0;32m  OK  [0m] Started Login Service.
[[0;32m  OK  [0m] Started Unattended Upgrades Shutdown.
cloud-init[650]: |      =  +       |
[   18.090366] cloud-init[650]: |     + o  o      |
[   18.093714] cloud-init[650]: |  . +E+ S. .     |
[   18.097159] cloud-init[650]: |+..+..    .      |
[[0;32m  OK  [0m] Started Permit User Sessions.
         Starting Hold until boot process finishes up...
[   18.110604] cloud-init[650]: |B*oo ..    .     |
         Starting Terminate Plymouth Boot Screen...[   18.117616] cloud-init
[[0;32m  OK  [0m] Started Hold until boot process finishes up.
[650]: |X==o+. o .  .    |
[[0;32m  OK  [0m] Started Serial Getty on ttyS0.
[   18.132145] cloud-init[650]: |B*+*+...o ..     |
[   18.135588] cloud-init[650]: +----[SHA256]-----+         Starting Set console scheme...
[[0;32m  OK  [0m] Started Terminate Plymouth Boot Screen.
[   18.145926] cloud-init[650]: Generating public/private ed25519 key pair.

[   18.152133] cloud-init[650]: Your identification has been saved in /etc/ssh/ssh_host_ed25519_key.
[   18.159918] cloud-init[650]: Your public key has been saved in /etc/ssh/ssh_host_ed25519_key.pub.
[   18.164321] cloud-init[650]: The key fingerprint is:
[   18.167407] cloud-init[650]: SHA256:nYaPTRcTGQ+PRcW2B0gs6PKesTD9Zn4Nvk5SyyG+Oi4 root@ubuntu-bionic
[   18.171767] cloud-init[650]: The key's randomart image is:
[   18.175300] cloud-init[650]: +--[ED25519 256]--+
[   18.178678] cloud-init[650]: |         . o==oo.|
[   18.183004] cloud-init[650]: |        . . +B. o|
[   18.186294] cloud-init[650]: |       .   .+ oo.|
[   18.189518] cloud-init[650]: |      . .o . o ..|
[   18.193539] cloud-init[650]: |       +S * +   .|
[   18.199275] cloud-init[650]: |      o +B =.o   |
[   18.203498] cloud-init[650]: |       +.==.+o   |
[   18.213445] cloud-init[650]: |      E = ++o .  |
[   18.220865] cloud-init[650]: |       oo*ooo.   |
[   18.224885] cloud-init[650]: +----[SHA256]-----+
[[0;32m  OK  [0m] Started LSB: automatic crash report generation.
[[0;32m  OK  [0m] Started Set console scheme.
[[0;32m  OK  [0m] Created slice system-getty.slice.
[[0;32m  OK  [0m] Started Getty on tty1.
[[0;32m  OK  [0m] Reached target Login Prompts.
         Starting Authorization Manager...
[[0;32m  OK  [0m] Started Authorization Manager.
[[0;32m  OK  [0m] Started Accounts Service.
[[0;32m  OK  [0m] Started LSB: Record successful boot for GRUB.
[[0;32m  OK  [0m] Started Virtualbox guest utils.
[[0;32m  OK  [0m] Started LXD - container startup/shutdown.
[[0;32m  OK  [0m] Started Dispatcher daemon for systemd-networkd.
[[0;32m  OK  [0m] Started Snap Daemon.
         Starting Wait until snapd is fully seeded...
         Starting Time & Date Service...
[[0;32m  OK  [0m] Started Time & Date Service.
[[0;32m  OK  [0m] Started Pollinate to seed the pseudo random number generator.
         Starting OpenBSD Secure Shell server...
[[0;32m  OK  [0m] Started OpenBSD Secure Shell server.
[[0;32m  OK  [0m] Created slice User Slice of vagrant.
         Starting User Manager for UID 1000...
[[0;32m  OK  [0m] Started Session 1 of user vagrant.
[[0;32m  OK  [0m] Started User Manager for UID 1000.
[[0;32m  OK  [0m] Started Wait until snapd is fully seeded.
         Starting Apply the settings specified in cloud-config...
[   22.332527] cloud-init[1328]: Cloud-init v. 22.2-0ubuntu1~18.04.3 running 'modules:config' at Fri, 28 Oct 2022 03:11:36 +0000. Up 22.00 seconds.
[[0;32m  OK  [0m] Started Apply the settings specified in cloud-config.
[[0;32m  OK  [0m] Reached target Multi-User System.
[[0;32m  OK  [0m] Reached target Graphical Interface.
         Starting Update UTMP about System Runlevel Changes...
         Starting Execute cloud user/final scripts...
[[0;32m  OK  [0m] Started Update UTMP about System Runlevel Changes.
ci-info: no authorized SSH keys fingerprints found for user ubuntu.
<14>Oct 28 03:11:37 cloud-init: #############################################################
<14>Oct 28 03:11:37 cloud-init: -----BEGIN SSH HOST KEY FINGERPRINTS-----
<14>Oct 28 03:11:37 cloud-init: 1024 SHA256:u5aicM6ZPnJoA7QU9vb2D6khhPj15NETs1Z+Jl2LP5k root@ubuntu-bionic (DSA)
<14>Oct 28 03:11:37 cloud-init: 256 SHA256:ULoiZ82UlRA9kfPjr6gNKgPiN4gYt+hoOOmPFur/GEc root@ubuntu-bionic (ECDSA)
<14>Oct 28 03:11:37 cloud-init: 256 SHA256:nYaPTRcTGQ+PRcW2B0gs6PKesTD9Zn4Nvk5SyyG+Oi4 root@ubuntu-bionic (ED25519)
<14>Oct 28 03:11:37 cloud-init: 2048 SHA256:K6zrliumj9BHbgjwZb6wajfWFwllszRTiuIM7EGwxEY root@ubuntu-bionic (RSA)
<14>Oct 28 03:11:37 cloud-init: -----END SSH HOST KEY FINGERPRINTS-----
<14>Oct 28 03:11:37 cloud-init: #############################################################
-----BEGIN SSH HOST KEY KEYS-----
ecdsa-sha2-nistp256 AAAAE2VjZHNhLXNoYTItbmlzdHAyNTYAAAAIbmlzdHAyNTYAAABBBBPFh6ZeqrJy3E+C4HvZV1qT9+bfopw34wky0S3UxJTWbSzOttlBLMWATluVKy6j9Ugd+qv5SYg/Gjf2+mmdCss= root@ubuntu-bionic
ssh-ed25519 AAAAC3NzaC1lZDI1NTE5AAAAIP4cnyetljvZsOglWnumBf0cIHFLJhWIZ6RCKjd3+hnW root@ubuntu-bionic
ssh-rsa AAAAB3NzaC1yc2EAAAADAQABAAABAQDjM0H4B5Xl6gdlRNDO1fv0HNsvXwkGy+ZPMslxu+bRAq+nLMLKIGBRpOiLrkgmKdq6PxWjPc+5/XKeYnxtwJroD7YXJxlrArigsUnSSvVqxQGovYOBay/HEqxcxZaxO3byixhqiCZ9ztYRGl1/KqiCnQ1FlSpWVaZowD9SGoMUuMxRNsVptWeXx/vAWmFi27F1JRqN589zu76c9oRzEIsZmoQrrVBJQ96zT5d5//pl5oX8WwwwgzA8teoVZCBoCjOEMDYICyC2YSzV+ZxikZ9g9QSgQlpKbYQeT33kmieQYoXBiPLPmmzHWd5UYaEnCOW4pQ+8H/X3X+PBlk/y1r85 root@ubuntu-bionic
-----END SSH HOST KEY KEYS-----
[   22.783587] cloud-init[1459]: Cloud-init v. 22.2-0ubuntu1~18.04.3 running 'modules:final' at Fri, 28 Oct 2022 03:11:37 +0000. Up 22.63 seconds.
[   22.787038] cloud-init[1459]: Cloud-init v. 22.2-0ubuntu1~18.04.3 finished at Fri, 28 Oct 2022 03:11:37 +0000. Datasource DataSourceNoCloud [seed=/dev/sdb][dsmode=net].  Up 22.77 seconds
[[0;32m  OK  [0m] Started Execute cloud user/final scripts.
[[0;32m  OK  [0m] Reached target Cloud-init target.

Ubuntu 18.04.6 LTS ubuntu-bionic ttyS0

ubuntu-bionic login:                                                                                                                                            